[7.422s] Invoking command in '/home/dog/ros2_ws/src/arm_bot': PYTHONPATH=/home/dog/ros2_ws/build/arm_bot/prefix_override:/usr/lib/python3/dist-packages/colcon_core/task/python/colcon_distutils_commands:/home/dog/ros2_ws/install/arm_bot/lib/python3.8/site-packages:${PYTHONPATH} /usr/bin/python3 -W ignore:setup.py install is deprecated -W ignore:easy_install command is deprecated setup.py egg_info --egg-base ../../build/arm_bot build --build-base /home/dog/ros2_ws/build/arm_bot/build install --record /home/dog/ros2_ws/build/arm_bot/install.log --install-scripts $base/lib/arm_bot --single-version-externally-managed install_data
[10.349s] running egg_info
[10.362s] writing ../../build/arm_bot/arm_bot.egg-info/PKG-INFO
[10.364s] writing dependency_links to ../../build/arm_bot/arm_bot.egg-info/dependency_links.txt
[10.367s] writing entry points to ../../build/arm_bot/arm_bot.egg-info/entry_points.txt
[10.370s] writing requirements to ../../build/arm_bot/arm_bot.egg-info/requires.txt
[10.372s] writing top-level names to ../../build/arm_bot/arm_bot.egg-info/top_level.txt
[10.773s] reading manifest file '../../build/arm_bot/arm_bot.egg-info/SOURCES.txt'
[10.786s] writing manifest file '../../build/arm_bot/arm_bot.egg-info/SOURCES.txt'
[10.788s] running build
[10.790s] running build_py
[10.795s] copying arm_bot/pub_key.py -> /home/dog/ros2_ws/build/arm_bot/build/lib/arm_bot
[10.800s] copying arm_bot/pub_sens.py -> /home/dog/ros2_ws/build/arm_bot/build/lib/arm_bot
[10.805s] running install
[10.812s] running install_lib
[10.823s] copying /home/dog/ros2_ws/build/arm_bot/build/lib/arm_bot/pub_key.py -> /home/dog/ros2_ws/install/arm_bot/lib/python3.8/site-packages/arm_bot
[10.826s] copying /home/dog/ros2_ws/build/arm_bot/build/lib/arm_bot/pub_sens.py -> /home/dog/ros2_ws/install/arm_bot/lib/python3.8/site-packages/arm_bot
[10.835s] byte-compiling /home/dog/ros2_ws/install/arm_bot/lib/python3.8/site-packages/arm_bot/pub_key.py to pub_key.cpython-38.pyc
[10.856s] byte-compiling /home/dog/ros2_ws/install/arm_bot/lib/python3.8/site-packages/arm_bot/pub_sens.py to pub_sens.cpython-38.pyc
[10.863s] running install_data
[10.870s] running install_egg_info
[10.889s] removing '/home/dog/ros2_ws/install/arm_bot/lib/python3.8/site-packages/arm_bot-0.0.1-py3.8.egg-info' (and everything under it)
[10.893s] Copying ../../build/arm_bot/arm_bot.egg-info to /home/dog/ros2_ws/install/arm_bot/lib/python3.8/site-packages/arm_bot-0.0.1-py3.8.egg-info
[10.905s] running install_scripts
[11.086s] Installing keyboard script to /home/dog/ros2_ws/install/arm_bot/lib/arm_bot
[11.096s] Installing my_node script to /home/dog/ros2_ws/install/arm_bot/lib/arm_bot
[11.100s] Installing sens_info script to /home/dog/ros2_ws/install/arm_bot/lib/arm_bot
[11.101s] Installing sensors script to /home/dog/ros2_ws/install/arm_bot/lib/arm_bot
[11.110s] writing list of installed files to '/home/dog/ros2_ws/build/arm_bot/install.log'
[11.322s] Invoked command in '/home/dog/ros2_ws/src/arm_bot' returned '0': PYTHONPATH=/home/dog/ros2_ws/build/arm_bot/prefix_override:/usr/lib/python3/dist-packages/colcon_core/task/python/colcon_distutils_commands:/home/dog/ros2_ws/install/arm_bot/lib/python3.8/site-packages:${PYTHONPATH} /usr/bin/python3 -W ignore:setup.py install is deprecated -W ignore:easy_install command is deprecated setup.py egg_info --egg-base ../../build/arm_bot build --build-base /home/dog/ros2_ws/build/arm_bot/build install --record /home/dog/ros2_ws/build/arm_bot/install.log --install-scripts $base/lib/arm_bot --single-version-externally-managed install_data
