[8.660s] Invoking command in '/home/dog/ros2_ws/src/arm_bot': PYTHONPATH=/home/dog/ros2_ws/build/arm_bot/prefix_override:/usr/lib/python3/dist-packages/colcon_core/task/python/colcon_distutils_commands:/home/dog/ros2_ws/install/arm_bot/lib/python3.8/site-packages:${PYTHONPATH} /usr/bin/python3 -W ignore:setup.py install is deprecated -W ignore:easy_install command is deprecated setup.py egg_info --egg-base ../../build/arm_bot build --build-base /home/dog/ros2_ws/build/arm_bot/build install --record /home/dog/ros2_ws/build/arm_bot/install.log --install-scripts $base/lib/arm_bot --single-version-externally-managed install_data
[11.195s] running egg_info
[11.206s] writing ../../build/arm_bot/arm_bot.egg-info/PKG-INFO
[11.211s] writing dependency_links to ../../build/arm_bot/arm_bot.egg-info/dependency_links.txt
[11.214s] writing entry points to ../../build/arm_bot/arm_bot.egg-info/entry_points.txt
[11.216s] writing requirements to ../../build/arm_bot/arm_bot.egg-info/requires.txt
[11.217s] writing top-level names to ../../build/arm_bot/arm_bot.egg-info/top_level.txt
[11.623s] reading manifest file '../../build/arm_bot/arm_bot.egg-info/SOURCES.txt'
[11.637s] writing manifest file '../../build/arm_bot/arm_bot.egg-info/SOURCES.txt'
[11.638s] running build
[11.639s] running build_py
[11.647s] copying arm_bot/sub_sensinfo.py -> /home/dog/ros2_ws/build/arm_bot/build/lib/arm_bot
[11.655s] running install
[11.662s] running install_lib
[11.674s] copying /home/dog/ros2_ws/build/arm_bot/build/lib/arm_bot/sub_sensinfo.py -> /home/dog/ros2_ws/install/arm_bot/lib/python3.8/site-packages/arm_bot
[11.685s] byte-compiling /home/dog/ros2_ws/install/arm_bot/lib/python3.8/site-packages/arm_bot/sub_sensinfo.py to sub_sensinfo.cpython-38.pyc
[11.699s]   File "/home/dog/ros2_ws/install/arm_bot/lib/python3.8/site-packages/arm_bot/sub_sensinfo.py", line 76
[11.700s]     self.servoes["servo2"] = 180:
[11.701s]                                 ^
[11.703s] SyntaxError: invalid syntax
[11.704s] 
[11.706s] running install_data
[11.708s] running install_egg_info
[11.721s] removing '/home/dog/ros2_ws/install/arm_bot/lib/python3.8/site-packages/arm_bot-0.0.1-py3.8.egg-info' (and everything under it)
[11.724s] Copying ../../build/arm_bot/arm_bot.egg-info to /home/dog/ros2_ws/install/arm_bot/lib/python3.8/site-packages/arm_bot-0.0.1-py3.8.egg-info
[11.737s] running install_scripts
[11.896s] Installing keyboard script to /home/dog/ros2_ws/install/arm_bot/lib/arm_bot
[11.905s] Installing my_node script to /home/dog/ros2_ws/install/arm_bot/lib/arm_bot
[11.907s] Installing sens_info script to /home/dog/ros2_ws/install/arm_bot/lib/arm_bot
[11.908s] Installing sensors script to /home/dog/ros2_ws/install/arm_bot/lib/arm_bot
[11.911s] Installing servoes script to /home/dog/ros2_ws/install/arm_bot/lib/arm_bot
[11.916s] writing list of installed files to '/home/dog/ros2_ws/build/arm_bot/install.log'
[12.142s] Invoked command in '/home/dog/ros2_ws/src/arm_bot' returned '0': PYTHONPATH=/home/dog/ros2_ws/build/arm_bot/prefix_override:/usr/lib/python3/dist-packages/colcon_core/task/python/colcon_distutils_commands:/home/dog/ros2_ws/install/arm_bot/lib/python3.8/site-packages:${PYTHONPATH} /usr/bin/python3 -W ignore:setup.py install is deprecated -W ignore:easy_install command is deprecated setup.py egg_info --egg-base ../../build/arm_bot build --build-base /home/dog/ros2_ws/build/arm_bot/build install --record /home/dog/ros2_ws/build/arm_bot/install.log --install-scripts $base/lib/arm_bot --single-version-externally-managed install_data
