[7.461s] Invoking command in '/home/dog/ros2_ws/src/arm_bot': PYTHONPATH=/home/dog/ros2_ws/build/arm_bot/prefix_override:/usr/lib/python3/dist-packages/colcon_core/task/python/colcon_distutils_commands:/home/dog/ros2_ws/install/arm_bot/lib/python3.8/site-packages:${PYTHONPATH} /usr/bin/python3 -W ignore:setup.py install is deprecated -W ignore:easy_install command is deprecated setup.py egg_info --egg-base ../../build/arm_bot build --build-base /home/dog/ros2_ws/build/arm_bot/build install --record /home/dog/ros2_ws/build/arm_bot/install.log --install-scripts $base/lib/arm_bot --single-version-externally-managed install_data
[9.903s] running egg_info
[9.910s] writing ../../build/arm_bot/arm_bot.egg-info/PKG-INFO
[9.912s] writing dependency_links to ../../build/arm_bot/arm_bot.egg-info/dependency_links.txt
[9.914s] writing entry points to ../../build/arm_bot/arm_bot.egg-info/entry_points.txt
[9.916s] writing requirements to ../../build/arm_bot/arm_bot.egg-info/requires.txt
[9.917s] writing top-level names to ../../build/arm_bot/arm_bot.egg-info/top_level.txt
[10.295s] reading manifest file '../../build/arm_bot/arm_bot.egg-info/SOURCES.txt'
[10.306s] writing manifest file '../../build/arm_bot/arm_bot.egg-info/SOURCES.txt'
[10.307s] running build
[10.308s] running build_py
[10.311s] copying arm_bot/sub_sensinfo.py -> /home/dog/ros2_ws/build/arm_bot/build/lib/arm_bot
[10.319s] running install
[10.326s] running install_lib
[10.335s] copying /home/dog/ros2_ws/build/arm_bot/build/lib/arm_bot/sub_sensinfo.py -> /home/dog/ros2_ws/install/arm_bot/lib/python3.8/site-packages/arm_bot
[10.346s] byte-compiling /home/dog/ros2_ws/install/arm_bot/lib/python3.8/site-packages/arm_bot/sub_sensinfo.py to sub_sensinfo.cpython-38.pyc
[10.364s] running install_data
[10.366s] running install_egg_info
[10.380s] removing '/home/dog/ros2_ws/install/arm_bot/lib/python3.8/site-packages/arm_bot-0.0.1-py3.8.egg-info' (and everything under it)
[10.383s] Copying ../../build/arm_bot/arm_bot.egg-info to /home/dog/ros2_ws/install/arm_bot/lib/python3.8/site-packages/arm_bot-0.0.1-py3.8.egg-info
[10.395s] running install_scripts
[10.575s] Installing keyboard script to /home/dog/ros2_ws/install/arm_bot/lib/arm_bot
[10.577s] Installing my_node script to /home/dog/ros2_ws/install/arm_bot/lib/arm_bot
[10.578s] Installing sens_info script to /home/dog/ros2_ws/install/arm_bot/lib/arm_bot
[10.580s] Installing sensors script to /home/dog/ros2_ws/install/arm_bot/lib/arm_bot
[10.582s] Installing servoes script to /home/dog/ros2_ws/install/arm_bot/lib/arm_bot
[10.587s] writing list of installed files to '/home/dog/ros2_ws/build/arm_bot/install.log'
[10.800s] Invoked command in '/home/dog/ros2_ws/src/arm_bot' returned '0': PYTHONPATH=/home/dog/ros2_ws/build/arm_bot/prefix_override:/usr/lib/python3/dist-packages/colcon_core/task/python/colcon_distutils_commands:/home/dog/ros2_ws/install/arm_bot/lib/python3.8/site-packages:${PYTHONPATH} /usr/bin/python3 -W ignore:setup.py install is deprecated -W ignore:easy_install command is deprecated setup.py egg_info --egg-base ../../build/arm_bot build --build-base /home/dog/ros2_ws/build/arm_bot/build install --record /home/dog/ros2_ws/build/arm_bot/install.log --install-scripts $base/lib/arm_bot --single-version-externally-managed install_data
