[0.984s] DEBUG:colcon:Command line arguments: ['/usr/bin/colcon', 'build']
[0.984s] DEBUG:colcon:Parsed command line arguments: Namespace(allow_overriding=[], ament_cmake_args=None, base_paths=['.'], build_base='build', catkin_cmake_args=None, catkin_skip_building_tests=False, cmake_args=None, cmake_clean_cache=False, cmake_clean_first=False, cmake_force_configure=False, cmake_target=None, cmake_target_skip_unavailable=False, continue_on_error=False, event_handlers=None, executor='parallel', ignore_user_meta=False, install_base='install', log_base=None, log_level=None, main=<bound method BuildVerb.main of <colcon_core.verb.build.BuildVerb object at 0x7f7e94d880>>, merge_install=False, metas=['./colcon.meta'], mixin=None, mixin_files=None, mixin_verb=('build',), packages_above=None, packages_above_and_dependencies=None, packages_above_depth=None, packages_end=None, packages_ignore=None, packages_ignore_regex=None, packages_select=None, packages_select_build_failed=False, packages_select_by_dep=None, packages_select_regex=None, packages_select_test_failures=False, packages_skip=None, packages_skip_build_finished=False, packages_skip_by_dep=None, packages_skip_regex=None, packages_skip_test_passed=False, packages_skip_up_to=None, packages_start=None, packages_up_to=None, packages_up_to_regex=None, parallel_workers=4, paths=None, symlink_install=False, test_result_base=None, verb_extension=<colcon_core.verb.build.BuildVerb object at 0x7f7e94d880>, verb_name='build', verb_parser=<colcon_mixin.mixin.mixin_argument.MixinArgumentDecorator object at 0x7f7e82cee0>)
[1.971s] Level 1:colcon.colcon_core.package_discovery:discover_packages(colcon_meta) check parameters
[1.972s] Level 1:colcon.colcon_core.package_discovery:discover_packages(recursive) check parameters
[1.972s] Level 1:colcon.colcon_core.package_discovery:discover_packages(ignore) check parameters
[1.972s] Level 1:colcon.colcon_core.package_discovery:discover_packages(path) check parameters
[1.972s] Level 1:colcon.colcon_core.package_discovery:discover_packages(colcon_meta) discover
[1.973s] Level 1:colcon.colcon_core.package_discovery:discover_packages(recursive) discover
[1.973s] INFO:colcon.colcon_core.package_discovery:Crawling recursively for packages in '/home/jetson/Desktop/ros2_ws1'
[1.973s] Level 1:colcon.colcon_core.package_identification:_identify(.) by extensions ['ignore', 'ignore_ament_install']
[1.974s] Level 1:colcon.colcon_core.package_identification:_identify(.) by extension 'ignore'
[1.974s] Level 1:colcon.colcon_core.package_identification:_identify(.) by extension 'ignore_ament_install'
[1.974s] Level 1:colcon.colcon_core.package_identification:_identify(.) by extensions ['colcon_pkg']
[1.974s] Level 1:colcon.colcon_core.package_identification:_identify(.) by extension 'colcon_pkg'
[1.975s] Level 1:colcon.colcon_core.package_identification:_identify(.) by extensions ['colcon_meta']
[1.975s] Level 1:colcon.colcon_core.package_identification:_identify(.) by extension 'colcon_meta'
[1.975s] Level 1:colcon.colcon_core.package_identification:_identify(.) by extensions ['ros']
[1.975s] Level 1:colcon.colcon_core.package_identification:_identify(.) by extension 'ros'
[2.062s] Level 1:colcon.colcon_core.package_identification:_identify(.) by extensions ['cmake', 'python']
[2.062s] Level 1:colcon.colcon_core.package_identification:_identify(.) by extension 'cmake'
[2.062s] Level 1:colcon.colcon_core.package_identification:_identify(.) by extension 'python'
[2.063s] Level 1:colcon.colcon_core.package_identification:_identify(.) by extensions ['python_setup_py']
[2.063s] Level 1:colcon.colcon_core.package_identification:_identify(.) by extension 'python_setup_py'
[2.063s] Level 1:colcon.colcon_core.package_identification:_identify(build) by extensions ['ignore', 'ignore_ament_install']
[2.064s] Level 1:colcon.colcon_core.package_identification:_identify(build) by extension 'ignore'
[2.064s] Level 1:colcon.colcon_core.package_identification:_identify(build) ignored
[2.064s] Level 1:colcon.colcon_core.package_identification:_identify(install) by extensions ['ignore', 'ignore_ament_install']
[2.065s] Level 1:colcon.colcon_core.package_identification:_identify(install) by extension 'ignore'
[2.065s] Level 1:colcon.colcon_core.package_identification:_identify(install) ignored
[2.065s] Level 1:colcon.colcon_core.package_identification:_identify(launch) by extensions ['ignore', 'ignore_ament_install']
[2.066s] Level 1:colcon.colcon_core.package_identification:_identify(launch) by extension 'ignore'
[2.066s] Level 1:colcon.colcon_core.package_identification:_identify(launch) by extension 'ignore_ament_install'
[2.066s] Level 1:colcon.colcon_core.package_identification:_identify(launch) by extensions ['colcon_pkg']
[2.066s] Level 1:colcon.colcon_core.package_identification:_identify(launch) by extension 'colcon_pkg'
[2.066s] Level 1:colcon.colcon_core.package_identification:_identify(launch) by extensions ['colcon_meta']
[2.067s] Level 1:colcon.colcon_core.package_identification:_identify(launch) by extension 'colcon_meta'
[2.067s] Level 1:colcon.colcon_core.package_identification:_identify(launch) by extensions ['ros']
[2.067s] Level 1:colcon.colcon_core.package_identification:_identify(launch) by extension 'ros'
[2.067s] Level 1:colcon.colcon_core.package_identification:_identify(launch) by extensions ['cmake', 'python']
[2.067s] Level 1:colcon.colcon_core.package_identification:_identify(launch) by extension 'cmake'
[2.068s] Level 1:colcon.colcon_core.package_identification:_identify(launch) by extension 'python'
[2.068s] Level 1:colcon.colcon_core.package_identification:_identify(launch) by extensions ['python_setup_py']
[2.068s] Level 1:colcon.colcon_core.package_identification:_identify(launch) by extension 'python_setup_py'
[2.068s] Level 1:colcon.colcon_core.package_identification:_identify(launch/__pycache__) by extensions ['ignore', 'ignore_ament_install']
[2.069s] Level 1:colcon.colcon_core.package_identification:_identify(launch/__pycache__) by extension 'ignore'
[2.069s] Level 1:colcon.colcon_core.package_identification:_identify(launch/__pycache__) by extension 'ignore_ament_install'
[2.069s] Level 1:colcon.colcon_core.package_identification:_identify(launch/__pycache__) by extensions ['colcon_pkg']
[2.069s] Level 1:colcon.colcon_core.package_identification:_identify(launch/__pycache__) by extension 'colcon_pkg'
[2.069s] Level 1:colcon.colcon_core.package_identification:_identify(launch/__pycache__) by extensions ['colcon_meta']
[2.070s] Level 1:colcon.colcon_core.package_identification:_identify(launch/__pycache__) by extension 'colcon_meta'
[2.070s] Level 1:colcon.colcon_core.package_identification:_identify(launch/__pycache__) by extensions ['ros']
[2.070s] Level 1:colcon.colcon_core.package_identification:_identify(launch/__pycache__) by extension 'ros'
[2.070s] Level 1:colcon.colcon_core.package_identification:_identify(launch/__pycache__) by extensions ['cmake', 'python']
[2.070s] Level 1:colcon.colcon_core.package_identification:_identify(launch/__pycache__) by extension 'cmake'
[2.071s] Level 1:colcon.colcon_core.package_identification:_identify(launch/__pycache__) by extension 'python'
[2.071s] Level 1:colcon.colcon_core.package_identification:_identify(launch/__pycache__) by extensions ['python_setup_py']
[2.071s] Level 1:colcon.colcon_core.package_identification:_identify(launch/__pycache__) by extension 'python_setup_py'
[2.072s] Level 1:colcon.colcon_core.package_identification:_identify(log) by extensions ['ignore', 'ignore_ament_install']
[2.073s] Level 1:colcon.colcon_core.package_identification:_identify(log) by extension 'ignore'
[2.073s] Level 1:colcon.colcon_core.package_identification:_identify(log) ignored
[2.073s] Level 1:colcon.colcon_core.package_identification:_identify(src) by extensions ['ignore', 'ignore_ament_install']
[2.073s] Level 1:colcon.colcon_core.package_identification:_identify(src) by extension 'ignore'
[2.074s] Level 1:colcon.colcon_core.package_identification:_identify(src) by extension 'ignore_ament_install'
[2.074s] Level 1:colcon.colcon_core.package_identification:_identify(src) by extensions ['colcon_pkg']
[2.074s] Level 1:colcon.colcon_core.package_identification:_identify(src) by extension 'colcon_pkg'
[2.074s] Level 1:colcon.colcon_core.package_identification:_identify(src) by extensions ['colcon_meta']
[2.074s] Level 1:colcon.colcon_core.package_identification:_identify(src) by extension 'colcon_meta'
[2.075s] Level 1:colcon.colcon_core.package_identification:_identify(src) by extensions ['ros']
[2.075s] Level 1:colcon.colcon_core.package_identification:_identify(src) by extension 'ros'
[2.075s] Level 1:colcon.colcon_core.package_identification:_identify(src) by extensions ['cmake', 'python']
[2.075s] Level 1:colcon.colcon_core.package_identification:_identify(src) by extension 'cmake'
[2.075s] Level 1:colcon.colcon_core.package_identification:_identify(src) by extension 'python'
[2.076s] Level 1:colcon.colcon_core.package_identification:_identify(src) by extensions ['python_setup_py']
[2.076s] Level 1:colcon.colcon_core.package_identification:_identify(src) by extension 'python_setup_py'
[2.076s] Level 1:colcon.colcon_core.package_identification:_identify(src/arm_bot) by extensions ['ignore', 'ignore_ament_install']
[2.076s] Level 1:colcon.colcon_core.package_identification:_identify(src/arm_bot) by extension 'ignore'
[2.077s] Level 1:colcon.colcon_core.package_identification:_identify(src/arm_bot) by extension 'ignore_ament_install'
[2.077s] Level 1:colcon.colcon_core.package_identification:_identify(src/arm_bot) by extensions ['colcon_pkg']
[2.077s] Level 1:colcon.colcon_core.package_identification:_identify(src/arm_bot) by extension 'colcon_pkg'
[2.077s] Level 1:colcon.colcon_core.package_identification:_identify(src/arm_bot) by extensions ['colcon_meta']
[2.077s] Level 1:colcon.colcon_core.package_identification:_identify(src/arm_bot) by extension 'colcon_meta'
[2.078s] Level 1:colcon.colcon_core.package_identification:_identify(src/arm_bot) by extensions ['ros']
[2.078s] Level 1:colcon.colcon_core.package_identification:_identify(src/arm_bot) by extension 'ros'
[2.088s] DEBUG:colcon.colcon_core.package_identification:Package 'src/arm_bot' with type 'ros.ament_python' and name 'arm_bot'
[2.088s] Level 1:colcon.colcon_core.package_discovery:discover_packages(recursive) using defaults
[2.088s] Level 1:colcon.colcon_core.package_discovery:discover_packages(ignore) discover
[2.088s] Level 1:colcon.colcon_core.package_discovery:discover_packages(ignore) using defaults
[2.088s] Level 1:colcon.colcon_core.package_discovery:discover_packages(path) discover
[2.089s] Level 1:colcon.colcon_core.package_discovery:discover_packages(path) using defaults
[2.169s] Level 1:colcon.colcon_core.package_discovery:discover_packages(prefix_path) check parameters
[2.169s] Level 1:colcon.colcon_core.package_discovery:discover_packages(prefix_path) discover
[2.176s] DEBUG:colcon.colcon_installed_package_information.package_discovery:Found 2 installed packages in /home/jetson/Desktop/ros2_ws1/install
[2.183s] DEBUG:colcon.colcon_installed_package_information.package_discovery:Found 256 installed packages in /opt/ros/foxy
[2.191s] Level 1:colcon.colcon_core.package_discovery:discover_packages(prefix_path) using defaults
[2.481s] Level 5:colcon.colcon_core.verb:set package 'arm_bot' build argument 'cmake_args' from command line to 'None'
[2.481s] Level 5:colcon.colcon_core.verb:set package 'arm_bot' build argument 'cmake_target' from command line to 'None'
[2.481s] Level 5:colcon.colcon_core.verb:set package 'arm_bot' build argument 'cmake_target_skip_unavailable' from command line to 'False'
[2.481s] Level 5:colcon.colcon_core.verb:set package 'arm_bot' build argument 'cmake_clean_cache' from command line to 'False'
[2.481s] Level 5:colcon.colcon_core.verb:set package 'arm_bot' build argument 'cmake_clean_first' from command line to 'False'
[2.482s] Level 5:colcon.colcon_core.verb:set package 'arm_bot' build argument 'cmake_force_configure' from command line to 'False'
[2.482s] Level 5:colcon.colcon_core.verb:set package 'arm_bot' build argument 'ament_cmake_args' from command line to 'None'
[2.482s] Level 5:colcon.colcon_core.verb:set package 'arm_bot' build argument 'catkin_cmake_args' from command line to 'None'
[2.482s] Level 5:colcon.colcon_core.verb:set package 'arm_bot' build argument 'catkin_skip_building_tests' from command line to 'False'
[2.482s] DEBUG:colcon.colcon_core.verb:Building package 'arm_bot' with the following arguments: {'ament_cmake_args': None, 'build_base': '/home/jetson/Desktop/ros2_ws1/build/arm_bot', 'catkin_cmake_args': None, 'catkin_skip_building_tests': False, 'cmake_args': None, 'cmake_clean_cache': False, 'cmake_clean_first': False, 'cmake_force_configure': False, 'cmake_target': None, 'cmake_target_skip_unavailable': False, 'install_base': '/home/jetson/Desktop/ros2_ws1/install/arm_bot', 'merge_install': False, 'path': '/home/jetson/Desktop/ros2_ws1/src/arm_bot', 'symlink_install': False, 'test_result_base': None}
[2.483s] INFO:colcon.colcon_core.executor:Executing jobs using 'parallel' executor
[2.487s] DEBUG:colcon.colcon_parallel_executor.executor.parallel:run_until_complete
[2.488s] INFO:colcon.colcon_ros.task.ament_python.build:Building ROS package in '/home/jetson/Desktop/ros2_ws1/src/arm_bot' with build type 'ament_python'
[2.488s] Level 1:colcon.colcon_core.shell:create_environment_hook('arm_bot', 'ament_prefix_path')
[2.496s] INFO:colcon.colcon_core.plugin_system:Skipping extension 'colcon_core.shell.bat': Not used on non-Windows systems
[2.497s] INFO:colcon.colcon_core.shell:Creating environment hook '/home/jetson/Desktop/ros2_ws1/install/arm_bot/share/arm_bot/hook/ament_prefix_path.ps1'
[2.500s] INFO:colcon.colcon_core.shell:Creating environment descriptor '/home/jetson/Desktop/ros2_ws1/install/arm_bot/share/arm_bot/hook/ament_prefix_path.dsv'
[2.501s] INFO:colcon.colcon_core.shell:Creating environment hook '/home/jetson/Desktop/ros2_ws1/install/arm_bot/share/arm_bot/hook/ament_prefix_path.sh'
[2.505s] INFO:colcon.colcon_core.shell:Skip shell extension 'powershell' for command environment: Not usable outside of PowerShell
[2.505s] DEBUG:colcon.colcon_core.shell:Skip shell extension 'dsv' for command environment
[3.878s] INFO:colcon.colcon_core.task.python.build:Building Python package in '/home/jetson/Desktop/ros2_ws1/src/arm_bot'
[3.880s] INFO:colcon.colcon_core.shell:Skip shell extension 'powershell' for command environment: Not usable outside of PowerShell
[3.881s] DEBUG:colcon.colcon_core.shell:Skip shell extension 'dsv' for command environment
[5.740s] DEBUG:colcon.colcon_core.event_handler.log_command:Invoking command in '/home/jetson/Desktop/ros2_ws1/src/arm_bot': PYTHONPATH=/home/jetson/Desktop/ros2_ws1/build/arm_bot/prefix_override:/usr/lib/python3/dist-packages/colcon_core/task/python/colcon_distutils_commands:/home/jetson/Desktop/ros2_ws1/install/arm_bot/lib/python3.8/site-packages:${PYTHONPATH} /usr/bin/python3 -W ignore:setup.py install is deprecated -W ignore:easy_install command is deprecated setup.py egg_info --egg-base ../../build/arm_bot build --build-base /home/jetson/Desktop/ros2_ws1/build/arm_bot/build install --record /home/jetson/Desktop/ros2_ws1/build/arm_bot/install.log --install-scripts $base/lib/arm_bot --single-version-externally-managed install_data
[7.286s] DEBUG:colcon.colcon_core.event_handler.log_command:Invoked command in '/home/jetson/Desktop/ros2_ws1/src/arm_bot' returned '0': PYTHONPATH=/home/jetson/Desktop/ros2_ws1/build/arm_bot/prefix_override:/usr/lib/python3/dist-packages/colcon_core/task/python/colcon_distutils_commands:/home/jetson/Desktop/ros2_ws1/install/arm_bot/lib/python3.8/site-packages:${PYTHONPATH} /usr/bin/python3 -W ignore:setup.py install is deprecated -W ignore:easy_install command is deprecated setup.py egg_info --egg-base ../../build/arm_bot build --build-base /home/jetson/Desktop/ros2_ws1/build/arm_bot/build install --record /home/jetson/Desktop/ros2_ws1/build/arm_bot/install.log --install-scripts $base/lib/arm_bot --single-version-externally-managed install_data
[7.298s] Level 1:colcon.colcon_core.environment:checking '/home/jetson/Desktop/ros2_ws1/install/arm_bot' for CMake module files
[7.300s] Level 1:colcon.colcon_core.environment:checking '/home/jetson/Desktop/ros2_ws1/install/arm_bot' for CMake config files
[7.304s] Level 1:colcon.colcon_core.environment:checking '/home/jetson/Desktop/ros2_ws1/install/arm_bot/lib'
[7.304s] Level 1:colcon.colcon_core.environment:checking '/home/jetson/Desktop/ros2_ws1/install/arm_bot/bin'
[7.305s] Level 1:colcon.colcon_core.environment:checking '/home/jetson/Desktop/ros2_ws1/install/arm_bot/lib/pkgconfig/arm_bot.pc'
[7.305s] Level 1:colcon.colcon_core.environment:checking '/home/jetson/Desktop/ros2_ws1/install/arm_bot/lib/python3.8/site-packages'
[7.306s] Level 1:colcon.colcon_core.shell:create_environment_hook('arm_bot', 'pythonpath')
[7.307s] INFO:colcon.colcon_core.shell:Creating environment hook '/home/jetson/Desktop/ros2_ws1/install/arm_bot/share/arm_bot/hook/pythonpath.ps1'
[7.309s] INFO:colcon.colcon_core.shell:Creating environment descriptor '/home/jetson/Desktop/ros2_ws1/install/arm_bot/share/arm_bot/hook/pythonpath.dsv'
[7.310s] INFO:colcon.colcon_core.shell:Creating environment hook '/home/jetson/Desktop/ros2_ws1/install/arm_bot/share/arm_bot/hook/pythonpath.sh'
[7.313s] Level 1:colcon.colcon_core.environment:checking '/home/jetson/Desktop/ros2_ws1/install/arm_bot/bin'
[7.313s] Level 1:colcon.colcon_core.environment:create_environment_scripts_only(arm_bot)
[7.315s] INFO:colcon.colcon_core.shell:Creating package script '/home/jetson/Desktop/ros2_ws1/install/arm_bot/share/arm_bot/package.ps1'
[7.319s] INFO:colcon.colcon_core.shell:Creating package descriptor '/home/jetson/Desktop/ros2_ws1/install/arm_bot/share/arm_bot/package.dsv'
[7.322s] INFO:colcon.colcon_core.shell:Creating package script '/home/jetson/Desktop/ros2_ws1/install/arm_bot/share/arm_bot/package.sh'
[7.326s] INFO:colcon.colcon_core.shell:Creating package script '/home/jetson/Desktop/ros2_ws1/install/arm_bot/share/arm_bot/package.bash'
[7.330s] INFO:colcon.colcon_core.shell:Creating package script '/home/jetson/Desktop/ros2_ws1/install/arm_bot/share/arm_bot/package.zsh'
[7.334s] Level 1:colcon.colcon_core.environment:create_file_with_runtime_dependencies(/home/jetson/Desktop/ros2_ws1/install/arm_bot/share/colcon-core/packages/arm_bot)
[7.336s] DEBUG:colcon.colcon_parallel_executor.executor.parallel:closing loop
[7.337s] DEBUG:colcon.colcon_parallel_executor.executor.parallel:loop closed
[7.337s] DEBUG:colcon.colcon_parallel_executor.executor.parallel:run_until_complete finished with '0'
[7.338s] DEBUG:colcon.colcon_core.event_reactor:joining thread
[7.363s] INFO:colcon.colcon_core.plugin_system:Skipping extension 'colcon_notification.desktop_notification.terminal_notifier': Not used on non-Darwin systems
[7.363s] INFO:colcon.colcon_core.plugin_system:Skipping extension 'colcon_notification.desktop_notification.win32': Not used on non-Windows systems
[7.363s] INFO:colcon.colcon_notification.desktop_notification:Sending desktop notification using 'notify2'
[7.403s] DEBUG:colcon.colcon_core.event_reactor:joined thread
[7.404s] INFO:colcon.colcon_core.shell:Creating prefix script '/home/jetson/Desktop/ros2_ws1/install/local_setup.ps1'
[7.409s] INFO:colcon.colcon_core.shell:Creating prefix util module '/home/jetson/Desktop/ros2_ws1/install/_local_setup_util_ps1.py'
[7.417s] INFO:colcon.colcon_core.shell:Creating prefix chain script '/home/jetson/Desktop/ros2_ws1/install/setup.ps1'
[7.421s] INFO:colcon.colcon_core.shell:Creating prefix script '/home/jetson/Desktop/ros2_ws1/install/local_setup.sh'
[7.424s] INFO:colcon.colcon_core.shell:Creating prefix util module '/home/jetson/Desktop/ros2_ws1/install/_local_setup_util_sh.py'
[7.426s] INFO:colcon.colcon_core.shell:Creating prefix chain script '/home/jetson/Desktop/ros2_ws1/install/setup.sh'
[7.430s] INFO:colcon.colcon_core.shell:Creating prefix script '/home/jetson/Desktop/ros2_ws1/install/local_setup.bash'
[7.433s] INFO:colcon.colcon_core.shell:Creating prefix chain script '/home/jetson/Desktop/ros2_ws1/install/setup.bash'
[7.437s] INFO:colcon.colcon_core.shell:Creating prefix script '/home/jetson/Desktop/ros2_ws1/install/local_setup.zsh'
[7.440s] INFO:colcon.colcon_core.shell:Creating prefix chain script '/home/jetson/Desktop/ros2_ws1/install/setup.zsh'
