[2.850s] DEBUG:colcon:Command line arguments: ['/usr/bin/colcon', 'build']
[2.851s] DEBUG:colcon:Parsed command line arguments: Namespace(allow_overriding=[], ament_cmake_args=None, base_paths=['.'], build_base='build', catkin_cmake_args=None, catkin_skip_building_tests=False, cmake_args=None, cmake_clean_cache=False, cmake_clean_first=False, cmake_force_configure=False, cmake_target=None, cmake_target_skip_unavailable=False, continue_on_error=False, event_handlers=None, executor='parallel', ignore_user_meta=False, install_base='install', log_base=None, log_level=None, main=<bound method BuildVerb.main of <colcon_core.verb.build.BuildVerb object at 0xffff8a4b22b0>>, merge_install=False, metas=['./colcon.meta'], mixin=None, mixin_files=None, mixin_verb=('build',), packages_above=None, packages_above_and_dependencies=None, packages_above_depth=None, packages_end=None, packages_ignore=None, packages_ignore_regex=None, packages_select=None, packages_select_build_failed=False, packages_select_by_dep=None, packages_select_regex=None, packages_select_test_failures=False, packages_skip=None, packages_skip_build_finished=False, packages_skip_by_dep=None, packages_skip_regex=None, packages_skip_test_passed=False, packages_skip_up_to=None, packages_start=None, packages_up_to=None, packages_up_to_regex=None, parallel_workers=4, paths=None, symlink_install=False, test_result_base=None, verb_extension=<colcon_core.verb.build.BuildVerb object at 0xffff8a4b22b0>, verb_name='build', verb_parser=<colcon_mixin.mixin.mixin_argument.MixinArgumentDecorator object at 0xffff8a387910>)
[4.829s] Level 1:colcon.colcon_core.package_discovery:discover_packages(colcon_meta) check parameters
[4.830s] Level 1:colcon.colcon_core.package_discovery:discover_packages(recursive) check parameters
[4.830s] Level 1:colcon.colcon_core.package_discovery:discover_packages(ignore) check parameters
[4.831s] Level 1:colcon.colcon_core.package_discovery:discover_packages(path) check parameters
[4.831s] Level 1:colcon.colcon_core.package_discovery:discover_packages(colcon_meta) discover
[4.831s] Level 1:colcon.colcon_core.package_discovery:discover_packages(recursive) discover
[4.832s] INFO:colcon.colcon_core.package_discovery:Crawling recursively for packages in '/home/dog/ros2_ws/src/arm_bot/arm_bot'
[4.833s] Level 1:colcon.colcon_core.package_identification:_identify(.) by extensions ['ignore', 'ignore_ament_install']
[4.835s] Level 1:colcon.colcon_core.package_identification:_identify(.) by extension 'ignore'
[4.835s] Level 1:colcon.colcon_core.package_identification:_identify(.) by extension 'ignore_ament_install'
[4.836s] Level 1:colcon.colcon_core.package_identification:_identify(.) by extensions ['colcon_pkg']
[4.837s] Level 1:colcon.colcon_core.package_identification:_identify(.) by extension 'colcon_pkg'
[4.837s] Level 1:colcon.colcon_core.package_identification:_identify(.) by extensions ['colcon_meta']
[4.837s] Level 1:colcon.colcon_core.package_identification:_identify(.) by extension 'colcon_meta'
[4.838s] Level 1:colcon.colcon_core.package_identification:_identify(.) by extensions ['ros']
[4.838s] Level 1:colcon.colcon_core.package_identification:_identify(.) by extension 'ros'
[5.005s] Level 1:colcon.colcon_core.package_identification:_identify(.) by extensions ['cmake', 'python']
[5.006s] Level 1:colcon.colcon_core.package_identification:_identify(.) by extension 'cmake'
[5.007s] Level 1:colcon.colcon_core.package_identification:_identify(.) by extension 'python'
[5.007s] Level 1:colcon.colcon_core.package_identification:_identify(.) by extensions ['python_setup_py']
[5.007s] Level 1:colcon.colcon_core.package_identification:_identify(.) by extension 'python_setup_py'
[5.008s] Level 1:colcon.colcon_core.package_identification:_identify(build) by extensions ['ignore', 'ignore_ament_install']
[5.009s] Level 1:colcon.colcon_core.package_identification:_identify(build) by extension 'ignore'
[5.010s] Level 1:colcon.colcon_core.package_identification:_identify(build) ignored
[5.011s] Level 1:colcon.colcon_core.package_identification:_identify(install) by extensions ['ignore', 'ignore_ament_install']
[5.012s] Level 1:colcon.colcon_core.package_identification:_identify(install) by extension 'ignore'
[5.013s] Level 1:colcon.colcon_core.package_identification:_identify(install) ignored
[5.014s] Level 1:colcon.colcon_core.package_identification:_identify(log) by extensions ['ignore', 'ignore_ament_install']
[5.015s] Level 1:colcon.colcon_core.package_identification:_identify(log) by extension 'ignore'
[5.015s] Level 1:colcon.colcon_core.package_identification:_identify(log) ignored
[5.016s] Level 1:colcon.colcon_core.package_discovery:discover_packages(recursive) using defaults
[5.016s] Level 1:colcon.colcon_core.package_discovery:discover_packages(ignore) discover
[5.016s] Level 1:colcon.colcon_core.package_discovery:discover_packages(ignore) using defaults
[5.017s] Level 1:colcon.colcon_core.package_discovery:discover_packages(path) discover
[5.017s] Level 1:colcon.colcon_core.package_discovery:discover_packages(path) using defaults
[5.221s] Level 1:colcon.colcon_core.package_discovery:discover_packages(prefix_path) check parameters
[5.222s] Level 1:colcon.colcon_core.package_discovery:discover_packages(prefix_path) discover
[5.254s] DEBUG:colcon.colcon_installed_package_information.package_discovery:Found 2 installed packages in /home/dog/ros2_ws/install
[5.274s] DEBUG:colcon.colcon_installed_package_information.package_discovery:Found 256 installed packages in /opt/ros/foxy
[5.292s] Level 1:colcon.colcon_core.package_discovery:discover_packages(prefix_path) using defaults
[6.637s] INFO:colcon.colcon_core.executor:Executing jobs using 'parallel' executor
[6.646s] DEBUG:colcon.colcon_parallel_executor.executor.parallel:run_until_complete
[6.647s] DEBUG:colcon.colcon_parallel_executor.executor.parallel:closing loop
[6.647s] DEBUG:colcon.colcon_parallel_executor.executor.parallel:loop closed
[6.648s] DEBUG:colcon.colcon_parallel_executor.executor.parallel:run_until_complete finished with '0'
[6.648s] DEBUG:colcon.colcon_core.event_reactor:joining thread
[6.733s] INFO:colcon.colcon_core.plugin_system:Skipping extension 'colcon_notification.desktop_notification.notify_send': Could not find 'notify-send'
[6.734s] INFO:colcon.colcon_core.plugin_system:Skipping extension 'colcon_notification.desktop_notification.terminal_notifier': Not used on non-Darwin systems
[6.735s] INFO:colcon.colcon_core.plugin_system:Skipping extension 'colcon_notification.desktop_notification.win32': Not used on non-Windows systems
[6.735s] INFO:colcon.colcon_notification.desktop_notification:Sending desktop notification using 'notify2'
[6.844s] DEBUG:colcon.colcon_notification.desktop_notification.notify2:Failed to initialize notify2: org.freedesktop.DBus.Error.ServiceUnknown: The name org.freedesktop.Notifications was not provided by any .service files
[6.845s] DEBUG:colcon.colcon_core.event_reactor:joined thread
[6.909s] INFO:colcon.colcon_core.plugin_system:Skipping extension 'colcon_core.shell.bat': Not used on non-Windows systems
[6.912s] INFO:colcon.colcon_core.shell:Creating prefix script '/home/dog/ros2_ws/src/arm_bot/arm_bot/install/local_setup.ps1'
[6.925s] INFO:colcon.colcon_core.shell:Creating prefix util module '/home/dog/ros2_ws/src/arm_bot/arm_bot/install/_local_setup_util_ps1.py'
[6.943s] INFO:colcon.colcon_core.shell:Creating prefix chain script '/home/dog/ros2_ws/src/arm_bot/arm_bot/install/setup.ps1'
[6.955s] INFO:colcon.colcon_core.shell:Creating prefix script '/home/dog/ros2_ws/src/arm_bot/arm_bot/install/local_setup.sh'
[6.964s] INFO:colcon.colcon_core.shell:Creating prefix util module '/home/dog/ros2_ws/src/arm_bot/arm_bot/install/_local_setup_util_sh.py'
[6.972s] INFO:colcon.colcon_core.shell:Creating prefix chain script '/home/dog/ros2_ws/src/arm_bot/arm_bot/install/setup.sh'
[6.985s] INFO:colcon.colcon_core.shell:Creating prefix script '/home/dog/ros2_ws/src/arm_bot/arm_bot/install/local_setup.bash'
[6.993s] INFO:colcon.colcon_core.shell:Creating prefix chain script '/home/dog/ros2_ws/src/arm_bot/arm_bot/install/setup.bash'
[7.006s] INFO:colcon.colcon_core.shell:Creating prefix script '/home/dog/ros2_ws/src/arm_bot/arm_bot/install/local_setup.zsh'
[7.013s] INFO:colcon.colcon_core.shell:Creating prefix chain script '/home/dog/ros2_ws/src/arm_bot/arm_bot/install/setup.zsh'
