[2.085s] DEBUG:colcon:Command line arguments: ['/usr/bin/colcon', 'build']
[2.086s] DEBUG:colcon:Parsed command line arguments: Namespace(allow_overriding=[], ament_cmake_args=None, base_paths=['.'], build_base='build', catkin_cmake_args=None, catkin_skip_building_tests=False, cmake_args=None, cmake_clean_cache=False, cmake_clean_first=False, cmake_force_configure=False, cmake_target=None, cmake_target_skip_unavailable=False, continue_on_error=False, event_handlers=None, executor='parallel', ignore_user_meta=False, install_base='install', log_base=None, log_level=None, main=<bound method BuildVerb.main of <colcon_core.verb.build.BuildVerb object at 0xffffb9ce8190>>, merge_install=False, metas=['./colcon.meta'], mixin=None, mixin_files=None, mixin_verb=('build',), packages_above=None, packages_above_and_dependencies=None, packages_above_depth=None, packages_end=None, packages_ignore=None, packages_ignore_regex=None, packages_select=None, packages_select_build_failed=False, packages_select_by_dep=None, packages_select_regex=None, packages_select_test_failures=False, packages_skip=None, packages_skip_build_finished=False, packages_skip_by_dep=None, packages_skip_regex=None, packages_skip_test_passed=False, packages_skip_up_to=None, packages_start=None, packages_up_to=None, packages_up_to_regex=None, parallel_workers=4, paths=None, symlink_install=False, test_result_base=None, verb_extension=<colcon_core.verb.build.BuildVerb object at 0xffffb9ce8190>, verb_name='build', verb_parser=<colcon_mixin.mixin.mixin_argument.MixinArgumentDecorator object at 0xffffb9c3e760>)
[3.803s] Level 1:colcon.colcon_core.package_discovery:discover_packages(colcon_meta) check parameters
[3.804s] Level 1:colcon.colcon_core.package_discovery:discover_packages(recursive) check parameters
[3.805s] Level 1:colcon.colcon_core.package_discovery:discover_packages(ignore) check parameters
[3.805s] Level 1:colcon.colcon_core.package_discovery:discover_packages(path) check parameters
[3.805s] Level 1:colcon.colcon_core.package_discovery:discover_packages(colcon_meta) discover
[3.806s] Level 1:colcon.colcon_core.package_discovery:discover_packages(recursive) discover
[3.806s] INFO:colcon.colcon_core.package_discovery:Crawling recursively for packages in '/home/dog/ros2_ws/src/arm_bot/arm_bot'
[3.807s] Level 1:colcon.colcon_core.package_identification:_identify(.) by extensions ['ignore', 'ignore_ament_install']
[3.808s] Level 1:colcon.colcon_core.package_identification:_identify(.) by extension 'ignore'
[3.808s] Level 1:colcon.colcon_core.package_identification:_identify(.) by extension 'ignore_ament_install'
[3.809s] Level 1:colcon.colcon_core.package_identification:_identify(.) by extensions ['colcon_pkg']
[3.809s] Level 1:colcon.colcon_core.package_identification:_identify(.) by extension 'colcon_pkg'
[3.810s] Level 1:colcon.colcon_core.package_identification:_identify(.) by extensions ['colcon_meta']
[3.810s] Level 1:colcon.colcon_core.package_identification:_identify(.) by extension 'colcon_meta'
[3.810s] Level 1:colcon.colcon_core.package_identification:_identify(.) by extensions ['ros']
[3.811s] Level 1:colcon.colcon_core.package_identification:_identify(.) by extension 'ros'
[3.925s] Level 1:colcon.colcon_core.package_identification:_identify(.) by extensions ['cmake', 'python']
[3.926s] Level 1:colcon.colcon_core.package_identification:_identify(.) by extension 'cmake'
[3.926s] Level 1:colcon.colcon_core.package_identification:_identify(.) by extension 'python'
[3.927s] Level 1:colcon.colcon_core.package_identification:_identify(.) by extensions ['python_setup_py']
[3.927s] Level 1:colcon.colcon_core.package_identification:_identify(.) by extension 'python_setup_py'
[3.928s] Level 1:colcon.colcon_core.package_identification:_identify(build) by extensions ['ignore', 'ignore_ament_install']
[3.929s] Level 1:colcon.colcon_core.package_identification:_identify(build) by extension 'ignore'
[3.929s] Level 1:colcon.colcon_core.package_identification:_identify(build) ignored
[3.931s] Level 1:colcon.colcon_core.package_identification:_identify(install) by extensions ['ignore', 'ignore_ament_install']
[3.932s] Level 1:colcon.colcon_core.package_identification:_identify(install) by extension 'ignore'
[3.932s] Level 1:colcon.colcon_core.package_identification:_identify(install) ignored
[3.933s] Level 1:colcon.colcon_core.package_identification:_identify(log) by extensions ['ignore', 'ignore_ament_install']
[3.934s] Level 1:colcon.colcon_core.package_identification:_identify(log) by extension 'ignore'
[3.935s] Level 1:colcon.colcon_core.package_identification:_identify(log) ignored
[3.935s] Level 1:colcon.colcon_core.package_discovery:discover_packages(recursive) using defaults
[3.935s] Level 1:colcon.colcon_core.package_discovery:discover_packages(ignore) discover
[3.936s] Level 1:colcon.colcon_core.package_discovery:discover_packages(ignore) using defaults
[3.936s] Level 1:colcon.colcon_core.package_discovery:discover_packages(path) discover
[3.936s] Level 1:colcon.colcon_core.package_discovery:discover_packages(path) using defaults
[4.078s] Level 1:colcon.colcon_core.package_discovery:discover_packages(prefix_path) check parameters
[4.079s] Level 1:colcon.colcon_core.package_discovery:discover_packages(prefix_path) discover
[4.097s] DEBUG:colcon.colcon_installed_package_information.package_discovery:Found 2 installed packages in /home/dog/ros2_ws/install
[4.115s] DEBUG:colcon.colcon_installed_package_information.package_discovery:Found 256 installed packages in /opt/ros/foxy
[4.134s] Level 1:colcon.colcon_core.package_discovery:discover_packages(prefix_path) using defaults
[5.079s] INFO:colcon.colcon_core.executor:Executing jobs using 'parallel' executor
[5.087s] DEBUG:colcon.colcon_parallel_executor.executor.parallel:run_until_complete
[5.088s] DEBUG:colcon.colcon_parallel_executor.executor.parallel:closing loop
[5.088s] DEBUG:colcon.colcon_parallel_executor.executor.parallel:loop closed
[5.089s] DEBUG:colcon.colcon_parallel_executor.executor.parallel:run_until_complete finished with '0'
[5.089s] DEBUG:colcon.colcon_core.event_reactor:joining thread
[5.130s] INFO:colcon.colcon_core.plugin_system:Skipping extension 'colcon_notification.desktop_notification.notify_send': Could not find 'notify-send'
[5.131s] INFO:colcon.colcon_core.plugin_system:Skipping extension 'colcon_notification.desktop_notification.terminal_notifier': Not used on non-Darwin systems
[5.131s] INFO:colcon.colcon_core.plugin_system:Skipping extension 'colcon_notification.desktop_notification.win32': Not used on non-Windows systems
[5.132s] INFO:colcon.colcon_notification.desktop_notification:Sending desktop notification using 'notify2'
[5.137s] DEBUG:colcon.colcon_notification.desktop_notification.notify2:Failed to initialize notify2: org.freedesktop.DBus.Error.ServiceUnknown: The name org.freedesktop.Notifications was not provided by any .service files
[5.138s] DEBUG:colcon.colcon_core.event_reactor:joined thread
[5.157s] INFO:colcon.colcon_core.plugin_system:Skipping extension 'colcon_core.shell.bat': Not used on non-Windows systems
[5.159s] INFO:colcon.colcon_core.shell:Creating prefix script '/home/dog/ros2_ws/src/arm_bot/arm_bot/install/local_setup.ps1'
[5.168s] INFO:colcon.colcon_core.shell:Creating prefix util module '/home/dog/ros2_ws/src/arm_bot/arm_bot/install/_local_setup_util_ps1.py'
[5.183s] INFO:colcon.colcon_core.shell:Creating prefix chain script '/home/dog/ros2_ws/src/arm_bot/arm_bot/install/setup.ps1'
[5.194s] INFO:colcon.colcon_core.shell:Creating prefix script '/home/dog/ros2_ws/src/arm_bot/arm_bot/install/local_setup.sh'
[5.200s] INFO:colcon.colcon_core.shell:Creating prefix util module '/home/dog/ros2_ws/src/arm_bot/arm_bot/install/_local_setup_util_sh.py'
[5.207s] INFO:colcon.colcon_core.shell:Creating prefix chain script '/home/dog/ros2_ws/src/arm_bot/arm_bot/install/setup.sh'
[5.218s] INFO:colcon.colcon_core.shell:Creating prefix script '/home/dog/ros2_ws/src/arm_bot/arm_bot/install/local_setup.bash'
[5.223s] INFO:colcon.colcon_core.shell:Creating prefix chain script '/home/dog/ros2_ws/src/arm_bot/arm_bot/install/setup.bash'
[5.234s] INFO:colcon.colcon_core.shell:Creating prefix script '/home/dog/ros2_ws/src/arm_bot/arm_bot/install/local_setup.zsh'
[5.239s] INFO:colcon.colcon_core.shell:Creating prefix chain script '/home/dog/ros2_ws/src/arm_bot/arm_bot/install/setup.zsh'
