[8.197s] Invoking command in '/home/dog/ros2_ws/src/arm_bot': PYTHONPATH=/home/dog/ros2_ws/build/arm_bot/prefix_override:/usr/lib/python3/dist-packages/colcon_core/task/python/colcon_distutils_commands:/home/dog/ros2_ws/install/arm_bot/lib/python3.8/site-packages:${PYTHONPATH} /usr/bin/python3 -W ignore:setup.py install is deprecated -W ignore:easy_install command is deprecated setup.py egg_info --egg-base ../../build/arm_bot build --build-base /home/dog/ros2_ws/build/arm_bot/build install --record /home/dog/ros2_ws/build/arm_bot/install.log --install-scripts $base/lib/arm_bot --single-version-externally-managed install_data
[10.753s] running egg_info
[10.760s] writing ../../build/arm_bot/arm_bot.egg-info/PKG-INFO
[10.764s] writing dependency_links to ../../build/arm_bot/arm_bot.egg-info/dependency_links.txt
[10.766s] writing entry points to ../../build/arm_bot/arm_bot.egg-info/entry_points.txt
[10.768s] writing requirements to ../../build/arm_bot/arm_bot.egg-info/requires.txt
[10.771s] writing top-level names to ../../build/arm_bot/arm_bot.egg-info/top_level.txt
[11.173s] reading manifest file '../../build/arm_bot/arm_bot.egg-info/SOURCES.txt'
[11.185s] writing manifest file '../../build/arm_bot/arm_bot.egg-info/SOURCES.txt'
[11.186s] running build
[11.187s] running build_py
[11.192s] copying arm_bot/pub_key.py -> /home/dog/ros2_ws/build/arm_bot/build/lib/arm_bot
[11.200s] running install
[11.208s] running install_lib
[11.219s] copying /home/dog/ros2_ws/build/arm_bot/build/lib/arm_bot/pub_key.py -> /home/dog/ros2_ws/install/arm_bot/lib/python3.8/site-packages/arm_bot
[11.229s] byte-compiling /home/dog/ros2_ws/install/arm_bot/lib/python3.8/site-packages/arm_bot/pub_key.py to pub_key.cpython-38.pyc
[11.246s] running install_data
[11.261s] running install_egg_info
[11.266s] removing '/home/dog/ros2_ws/install/arm_bot/lib/python3.8/site-packages/arm_bot-0.0.1-py3.8.egg-info' (and everything under it)
[11.278s] Copying ../../build/arm_bot/arm_bot.egg-info to /home/dog/ros2_ws/install/arm_bot/lib/python3.8/site-packages/arm_bot-0.0.1-py3.8.egg-info
[11.288s] running install_scripts
[11.454s] Installing keyboard script to /home/dog/ros2_ws/install/arm_bot/lib/arm_bot
[11.457s] Installing my_node script to /home/dog/ros2_ws/install/arm_bot/lib/arm_bot
[11.459s] Installing sens_info script to /home/dog/ros2_ws/install/arm_bot/lib/arm_bot
[11.461s] Installing sensors script to /home/dog/ros2_ws/install/arm_bot/lib/arm_bot
[11.466s] writing list of installed files to '/home/dog/ros2_ws/build/arm_bot/install.log'
[11.692s] Invoked command in '/home/dog/ros2_ws/src/arm_bot' returned '0': PYTHONPATH=/home/dog/ros2_ws/build/arm_bot/prefix_override:/usr/lib/python3/dist-packages/colcon_core/task/python/colcon_distutils_commands:/home/dog/ros2_ws/install/arm_bot/lib/python3.8/site-packages:${PYTHONPATH} /usr/bin/python3 -W ignore:setup.py install is deprecated -W ignore:easy_install command is deprecated setup.py egg_info --egg-base ../../build/arm_bot build --build-base /home/dog/ros2_ws/build/arm_bot/build install --record /home/dog/ros2_ws/build/arm_bot/install.log --install-scripts $base/lib/arm_bot --single-version-externally-managed install_data
