[6.383s] Invoking command in '/home/dog/ros2_ws/src/arm_bot': PYTHONPATH=/home/dog/ros2_ws/build/arm_bot/prefix_override:/usr/lib/python3/dist-packages/colcon_core/task/python/colcon_distutils_commands:/home/dog/ros2_ws/install/arm_bot/lib/python3.8/site-packages:${PYTHONPATH} /usr/bin/python3 -W ignore:setup.py install is deprecated -W ignore:easy_install command is deprecated setup.py egg_info --egg-base ../../build/arm_bot build --build-base /home/dog/ros2_ws/build/arm_bot/build install --record /home/dog/ros2_ws/build/arm_bot/install.log --install-scripts $base/lib/arm_bot --single-version-externally-managed install_data
[8.639s] running egg_info
[8.645s] writing ../../build/arm_bot/arm_bot.egg-info/PKG-INFO
[8.648s] writing dependency_links to ../../build/arm_bot/arm_bot.egg-info/dependency_links.txt
[8.649s] writing entry points to ../../build/arm_bot/arm_bot.egg-info/entry_points.txt
[8.651s] writing requirements to ../../build/arm_bot/arm_bot.egg-info/requires.txt
[8.653s] writing top-level names to ../../build/arm_bot/arm_bot.egg-info/top_level.txt
[9.008s] reading manifest file '../../build/arm_bot/arm_bot.egg-info/SOURCES.txt'
[9.018s] writing manifest file '../../build/arm_bot/arm_bot.egg-info/SOURCES.txt'
[9.019s] running build
[9.021s] running build_py
[9.022s] copying arm_bot/pub.py -> /home/dog/ros2_ws/build/arm_bot/build/lib/arm_bot
[9.023s] copying arm_bot/sub.py -> /home/dog/ros2_ws/build/arm_bot/build/lib/arm_bot
[9.026s] running install
[9.033s] running install_lib
[9.042s] copying /home/dog/ros2_ws/build/arm_bot/build/lib/arm_bot/pub.py -> /home/dog/ros2_ws/install/arm_bot/lib/python3.8/site-packages/arm_bot
[9.043s] copying /home/dog/ros2_ws/build/arm_bot/build/lib/arm_bot/sub.py -> /home/dog/ros2_ws/install/arm_bot/lib/python3.8/site-packages/arm_bot
[9.049s] byte-compiling /home/dog/ros2_ws/install/arm_bot/lib/python3.8/site-packages/arm_bot/pub.py to pub.cpython-38.pyc
[9.061s] byte-compiling /home/dog/ros2_ws/install/arm_bot/lib/python3.8/site-packages/arm_bot/sub.py to sub.cpython-38.pyc
[9.065s] running install_data
[9.066s] running install_egg_info
[9.080s] removing '/home/dog/ros2_ws/install/arm_bot/lib/python3.8/site-packages/arm_bot-0.0.1-py3.8.egg-info' (and everything under it)
[9.084s] Copying ../../build/arm_bot/arm_bot.egg-info to /home/dog/ros2_ws/install/arm_bot/lib/python3.8/site-packages/arm_bot-0.0.1-py3.8.egg-info
[9.094s] running install_scripts
[9.246s] Installing listener script to /home/dog/ros2_ws/install/arm_bot/lib/arm_bot
[9.248s] Installing my_node script to /home/dog/ros2_ws/install/arm_bot/lib/arm_bot
[9.250s] Installing talker script to /home/dog/ros2_ws/install/arm_bot/lib/arm_bot
[9.254s] writing list of installed files to '/home/dog/ros2_ws/build/arm_bot/install.log'
[9.462s] Invoked command in '/home/dog/ros2_ws/src/arm_bot' returned '0': PYTHONPATH=/home/dog/ros2_ws/build/arm_bot/prefix_override:/usr/lib/python3/dist-packages/colcon_core/task/python/colcon_distutils_commands:/home/dog/ros2_ws/install/arm_bot/lib/python3.8/site-packages:${PYTHONPATH} /usr/bin/python3 -W ignore:setup.py install is deprecated -W ignore:easy_install command is deprecated setup.py egg_info --egg-base ../../build/arm_bot build --build-base /home/dog/ros2_ws/build/arm_bot/build install --record /home/dog/ros2_ws/build/arm_bot/install.log --install-scripts $base/lib/arm_bot --single-version-externally-managed install_data
