[7.215s] Invoking command in '/home/jetson/Desktop/ros2_ws1/src/arm_bot': PYTHONPATH=/home/jetson/Desktop/ros2_ws1/build/arm_bot/prefix_override:/usr/lib/python3/dist-packages/colcon_core/task/python/colcon_distutils_commands:/home/jetson/Desktop/ros2_ws1/install/arm_bot/lib/python3.8/site-packages:${PYTHONPATH} /usr/bin/python3 -W ignore:setup.py install is deprecated -W ignore:easy_install command is deprecated setup.py egg_info --egg-base ../../build/arm_bot build --build-base /home/jetson/Desktop/ros2_ws1/build/arm_bot/build install --record /home/jetson/Desktop/ros2_ws1/build/arm_bot/install.log --install-scripts $base/lib/arm_bot --single-version-externally-managed install_data
[8.643s] /usr/local/lib/python3.8/dist-packages/setuptools/dist.py:717: UserWarning: Usage of dash-separated 'script-dir' will not be supported in future versions. Please use the underscore name 'script_dir' instead
[8.644s]   warnings.warn(
[8.792s] running egg_info
[8.794s] writing ../../build/arm_bot/arm_bot.egg-info/PKG-INFO
[8.797s] writing dependency_links to ../../build/arm_bot/arm_bot.egg-info/dependency_links.txt
[8.798s] writing entry points to ../../build/arm_bot/arm_bot.egg-info/entry_points.txt
[8.798s] writing requirements to ../../build/arm_bot/arm_bot.egg-info/requires.txt
[8.799s] writing top-level names to ../../build/arm_bot/arm_bot.egg-info/top_level.txt
[8.820s] reading manifest file '../../build/arm_bot/arm_bot.egg-info/SOURCES.txt'
[8.826s] writing manifest file '../../build/arm_bot/arm_bot.egg-info/SOURCES.txt'
[8.827s] running build
[8.828s] running build_py
[8.830s] copying arm_bot/sub_servoes.py -> /home/jetson/Desktop/ros2_ws1/build/arm_bot/build/lib/arm_bot
[8.832s] running install
[8.838s] running install_lib
[8.844s] copying /home/jetson/Desktop/ros2_ws1/build/arm_bot/build/lib/arm_bot/sub_servoes.py -> /home/jetson/Desktop/ros2_ws1/install/arm_bot/lib/python3.8/site-packages/arm_bot
[8.849s] byte-compiling /home/jetson/Desktop/ros2_ws1/install/arm_bot/lib/python3.8/site-packages/arm_bot/sub_servoes.py to sub_servoes.cpython-38.pyc
[8.851s] running install_data
[8.856s] running install_egg_info
[8.864s] removing '/home/jetson/Desktop/ros2_ws1/install/arm_bot/lib/python3.8/site-packages/arm_bot-0.0.1-py3.8.egg-info' (and everything under it)
[8.866s] Copying ../../build/arm_bot/arm_bot.egg-info to /home/jetson/Desktop/ros2_ws1/install/arm_bot/lib/python3.8/site-packages/arm_bot-0.0.1-py3.8.egg-info
[8.870s] running install_scripts
[8.952s] Installing keyboard script to /home/jetson/Desktop/ros2_ws1/install/arm_bot/lib/arm_bot
[8.952s] Installing my_node script to /home/jetson/Desktop/ros2_ws1/install/arm_bot/lib/arm_bot
[8.953s] Installing sens_info script to /home/jetson/Desktop/ros2_ws1/install/arm_bot/lib/arm_bot
[8.953s] Installing sensors script to /home/jetson/Desktop/ros2_ws1/install/arm_bot/lib/arm_bot
[8.954s] Installing servoes script to /home/jetson/Desktop/ros2_ws1/install/arm_bot/lib/arm_bot
[8.955s] writing list of installed files to '/home/jetson/Desktop/ros2_ws1/build/arm_bot/install.log'
[9.063s] Invoked command in '/home/jetson/Desktop/ros2_ws1/src/arm_bot' returned '0': PYTHONPATH=/home/jetson/Desktop/ros2_ws1/build/arm_bot/prefix_override:/usr/lib/python3/dist-packages/colcon_core/task/python/colcon_distutils_commands:/home/jetson/Desktop/ros2_ws1/install/arm_bot/lib/python3.8/site-packages:${PYTHONPATH} /usr/bin/python3 -W ignore:setup.py install is deprecated -W ignore:easy_install command is deprecated setup.py egg_info --egg-base ../../build/arm_bot build --build-base /home/jetson/Desktop/ros2_ws1/build/arm_bot/build install --record /home/jetson/Desktop/ros2_ws1/build/arm_bot/install.log --install-scripts $base/lib/arm_bot --single-version-externally-managed install_data
