[7.045s] Invoking command in '/home/dog/ros2_ws/src/arm_bot': PYTHONPATH=/home/dog/ros2_ws/build/arm_bot/prefix_override:/usr/lib/python3/dist-packages/colcon_core/task/python/colcon_distutils_commands:/home/dog/ros2_ws/install/arm_bot/lib/python3.8/site-packages:${PYTHONPATH} /usr/bin/python3 -W ignore:setup.py install is deprecated -W ignore:easy_install command is deprecated setup.py egg_info --egg-base ../../build/arm_bot build --build-base /home/dog/ros2_ws/build/arm_bot/build install --record /home/dog/ros2_ws/build/arm_bot/install.log --install-scripts $base/lib/arm_bot --single-version-externally-managed install_data
[9.360s] running egg_info
[9.367s] writing ../../build/arm_bot/arm_bot.egg-info/PKG-INFO
[9.370s] writing dependency_links to ../../build/arm_bot/arm_bot.egg-info/dependency_links.txt
[9.372s] writing entry points to ../../build/arm_bot/arm_bot.egg-info/entry_points.txt
[9.374s] writing requirements to ../../build/arm_bot/arm_bot.egg-info/requires.txt
[9.375s] writing top-level names to ../../build/arm_bot/arm_bot.egg-info/top_level.txt
[9.750s] reading manifest file '../../build/arm_bot/arm_bot.egg-info/SOURCES.txt'
[9.761s] writing manifest file '../../build/arm_bot/arm_bot.egg-info/SOURCES.txt'
[9.763s] running build
[9.764s] running build_py
[9.768s] copying arm_bot/pub.py -> /home/dog/ros2_ws/build/arm_bot/build/lib/arm_bot
[9.769s] copying arm_bot/sub.py -> /home/dog/ros2_ws/build/arm_bot/build/lib/arm_bot
[9.773s] running install
[9.780s] running install_lib
[9.790s] copying /home/dog/ros2_ws/build/arm_bot/build/lib/arm_bot/pub.py -> /home/dog/ros2_ws/install/arm_bot/lib/python3.8/site-packages/arm_bot
[9.791s] copying /home/dog/ros2_ws/build/arm_bot/build/lib/arm_bot/sub.py -> /home/dog/ros2_ws/install/arm_bot/lib/python3.8/site-packages/arm_bot
[9.797s] byte-compiling /home/dog/ros2_ws/install/arm_bot/lib/python3.8/site-packages/arm_bot/pub.py to pub.cpython-38.pyc
[9.811s] byte-compiling /home/dog/ros2_ws/install/arm_bot/lib/python3.8/site-packages/arm_bot/sub.py to sub.cpython-38.pyc
[9.816s] running install_data
[9.817s] running install_egg_info
[9.832s] removing '/home/dog/ros2_ws/install/arm_bot/lib/python3.8/site-packages/arm_bot-0.0.1-py3.8.egg-info' (and everything under it)
[9.835s] Copying ../../build/arm_bot/arm_bot.egg-info to /home/dog/ros2_ws/install/arm_bot/lib/python3.8/site-packages/arm_bot-0.0.1-py3.8.egg-info
[9.847s] running install_scripts
[9.999s] Installing listener script to /home/dog/ros2_ws/install/arm_bot/lib/arm_bot
[10.001s] Installing my_node script to /home/dog/ros2_ws/install/arm_bot/lib/arm_bot
[10.003s] Installing talker script to /home/dog/ros2_ws/install/arm_bot/lib/arm_bot
[10.007s] writing list of installed files to '/home/dog/ros2_ws/build/arm_bot/install.log'
[10.216s] Invoked command in '/home/dog/ros2_ws/src/arm_bot' returned '0': PYTHONPATH=/home/dog/ros2_ws/build/arm_bot/prefix_override:/usr/lib/python3/dist-packages/colcon_core/task/python/colcon_distutils_commands:/home/dog/ros2_ws/install/arm_bot/lib/python3.8/site-packages:${PYTHONPATH} /usr/bin/python3 -W ignore:setup.py install is deprecated -W ignore:easy_install command is deprecated setup.py egg_info --egg-base ../../build/arm_bot build --build-base /home/dog/ros2_ws/build/arm_bot/build install --record /home/dog/ros2_ws/build/arm_bot/install.log --install-scripts $base/lib/arm_bot --single-version-externally-managed install_data
