/home/xavier/.local/lib/python3.8/site-packages/setuptools/dist.py:452: SetuptoolsDeprecationWarning: Invalid dash-separated options
!!

        ********************************************************************************
        Usage of dash-separated 'script-dir' will not be supported in future
        versions. Please use the underscore name 'script_dir' instead.

        This deprecation is overdue, please update your project and remove deprecated
        calls to avoid build errors in the future.

        See https://setuptools.pypa.io/en/latest/userguide/declarative_config.html for details.
        ********************************************************************************

!!
  opt = self.warn_dash_deprecation(opt, section)
/home/xavier/.local/lib/python3.8/site-packages/setuptools/_distutils/dist.py:261: UserWarning: Unknown distribution option: 'tests_require'
  warnings.warn(msg)
running egg_info
writing ../../build/arm_bot/arm_bot.egg-info/PKG-INFO
writing dependency_links to ../../build/arm_bot/arm_bot.egg-info/dependency_links.txt
writing entry points to ../../build/arm_bot/arm_bot.egg-info/entry_points.txt
writing requirements to ../../build/arm_bot/arm_bot.egg-info/requires.txt
writing top-level names to ../../build/arm_bot/arm_bot.egg-info/top_level.txt
reading manifest file '../../build/arm_bot/arm_bot.egg-info/SOURCES.txt'
writing manifest file '../../build/arm_bot/arm_bot.egg-info/SOURCES.txt'
running build
running build_py
copying arm_bot/pub_sens.py -> /home/xavier/Desktop/medical/Medical_Bot/build/arm_bot/build/lib/arm_bot
copying arm_bot/sub_servoes.py -> /home/xavier/Desktop/medical/Medical_Bot/build/arm_bot/build/lib/arm_bot
copying arm_bot/__init__.py -> /home/xavier/Desktop/medical/Medical_Bot/build/arm_bot/build/lib/arm_bot
copying arm_bot/sub_sensinfo.py -> /home/xavier/Desktop/medical/Medical_Bot/build/arm_bot/build/lib/arm_bot
copying arm_bot/my_node.py -> /home/xavier/Desktop/medical/Medical_Bot/build/arm_bot/build/lib/arm_bot
copying arm_bot/pub_key.py -> /home/xavier/Desktop/medical/Medical_Bot/build/arm_bot/build/lib/arm_bot
copying arm_bot/sub.py -> /home/xavier/Desktop/medical/Medical_Bot/build/arm_bot/build/lib/arm_bot
copying arm_bot/load_cell.py -> /home/xavier/Desktop/medical/Medical_Bot/build/arm_bot/build/lib/arm_bot
copying arm_bot/pub.py -> /home/xavier/Desktop/medical/Medical_Bot/build/arm_bot/build/lib/arm_bot
copying arm_bot/mpu.py -> /home/xavier/Desktop/medical/Medical_Bot/build/arm_bot/build/lib/arm_bot
copying arm_bot/arm.py -> /home/xavier/Desktop/medical/Medical_Bot/build/arm_bot/build/lib/arm_bot
running install
running install_lib
byte-compiling /home/xavier/Desktop/medical/Medical_Bot/install/arm_bot/lib/python3.8/site-packages/arm_bot/sub_servoes.py to sub_servoes.cpython-38.pyc
byte-compiling /home/xavier/Desktop/medical/Medical_Bot/install/arm_bot/lib/python3.8/site-packages/arm_bot/sub_sensinfo.py to sub_sensinfo.cpython-38.pyc
running install_data
copying resource/arm_bot -> /home/xavier/Desktop/medical/Medical_Bot/install/arm_bot/share/ament_index/resource_index/packages
copying package.xml -> /home/xavier/Desktop/medical/Medical_Bot/install/arm_bot/share/arm_bot
running install_egg_info
removing '/home/xavier/Desktop/medical/Medical_Bot/install/arm_bot/lib/python3.8/site-packages/arm_bot-0.0.1-py3.8.egg-info' (and everything under it)
Copying ../../build/arm_bot/arm_bot.egg-info to /home/xavier/Desktop/medical/Medical_Bot/install/arm_bot/lib/python3.8/site-packages/arm_bot-0.0.1-py3.8.egg-info
running install_scripts
Installing sens_info script to /home/xavier/Desktop/medical/Medical_Bot/install/arm_bot/lib/arm_bot
Installing sensors script to /home/xavier/Desktop/medical/Medical_Bot/install/arm_bot/lib/arm_bot
writing list of installed files to '/home/xavier/Desktop/medical/Medical_Bot/build/arm_bot/install.log'
