[5.796s] Invoking command in '/home/xavier/Desktop/medical/Medical_Bot/src/arm_bot': PYTHONPATH=/home/xavier/Desktop/medical/Medical_Bot/build/arm_bot/prefix_override:/usr/lib/python3/dist-packages/colcon_core/task/python/colcon_distutils_commands:/home/xavier/Desktop/medical/Medical_Bot/install/arm_bot/lib/python3.8/site-packages:${PYTHONPATH} /usr/bin/python3 -W ignore:setup.py install is deprecated -W ignore:easy_install command is deprecated setup.py egg_info --egg-base ../../build/arm_bot build --build-base /home/xavier/Desktop/medical/Medical_Bot/build/arm_bot/build install --record /home/xavier/Desktop/medical/Medical_Bot/build/arm_bot/install.log --install-scripts $base/lib/arm_bot --single-version-externally-managed install_data
[6.603s] /home/xavier/.local/lib/python3.8/site-packages/setuptools/dist.py:452: SetuptoolsDeprecationWarning: Invalid dash-separated options
[6.604s] !!
[6.605s] 
[6.605s]         ********************************************************************************
[6.606s]         Usage of dash-separated 'script-dir' will not be supported in future
[6.607s]         versions. Please use the underscore name 'script_dir' instead.
[6.608s] 
[6.608s]         This deprecation is overdue, please update your project and remove deprecated
[6.609s]         calls to avoid build errors in the future.
[6.609s] 
[6.610s]         See https://setuptools.pypa.io/en/latest/userguide/declarative_config.html for details.
[6.610s]         ********************************************************************************
[6.611s] 
[6.612s] !!
[6.612s]   opt = self.warn_dash_deprecation(opt, section)
[6.709s] /home/xavier/.local/lib/python3.8/site-packages/setuptools/_distutils/dist.py:261: UserWarning: Unknown distribution option: 'tests_require'
[6.710s]   warnings.warn(msg)
[7.369s] running egg_info
[7.470s] writing ../../build/arm_bot/arm_bot.egg-info/PKG-INFO
[7.473s] writing dependency_links to ../../build/arm_bot/arm_bot.egg-info/dependency_links.txt
[7.475s] writing entry points to ../../build/arm_bot/arm_bot.egg-info/entry_points.txt
[7.476s] writing requirements to ../../build/arm_bot/arm_bot.egg-info/requires.txt
[7.481s] writing top-level names to ../../build/arm_bot/arm_bot.egg-info/top_level.txt
[8.244s] reading manifest file '../../build/arm_bot/arm_bot.egg-info/SOURCES.txt'
[8.253s] writing manifest file '../../build/arm_bot/arm_bot.egg-info/SOURCES.txt'
[8.254s] running build
[8.254s] running build_py
[8.256s] copying arm_bot/pub_sens.py -> /home/xavier/Desktop/medical/Medical_Bot/build/arm_bot/build/lib/arm_bot
[8.258s] copying arm_bot/sub_servoes.py -> /home/xavier/Desktop/medical/Medical_Bot/build/arm_bot/build/lib/arm_bot
[8.259s] copying arm_bot/__init__.py -> /home/xavier/Desktop/medical/Medical_Bot/build/arm_bot/build/lib/arm_bot
[8.260s] copying arm_bot/sub_sensinfo.py -> /home/xavier/Desktop/medical/Medical_Bot/build/arm_bot/build/lib/arm_bot
[8.261s] copying arm_bot/my_node.py -> /home/xavier/Desktop/medical/Medical_Bot/build/arm_bot/build/lib/arm_bot
[8.262s] copying arm_bot/pub_key.py -> /home/xavier/Desktop/medical/Medical_Bot/build/arm_bot/build/lib/arm_bot
[8.263s] copying arm_bot/sub.py -> /home/xavier/Desktop/medical/Medical_Bot/build/arm_bot/build/lib/arm_bot
[8.264s] copying arm_bot/load_cell.py -> /home/xavier/Desktop/medical/Medical_Bot/build/arm_bot/build/lib/arm_bot
[8.268s] copying arm_bot/pub.py -> /home/xavier/Desktop/medical/Medical_Bot/build/arm_bot/build/lib/arm_bot
[8.268s] copying arm_bot/mpu.py -> /home/xavier/Desktop/medical/Medical_Bot/build/arm_bot/build/lib/arm_bot
[8.269s] copying arm_bot/arm.py -> /home/xavier/Desktop/medical/Medical_Bot/build/arm_bot/build/lib/arm_bot
[8.270s] running install
[8.304s] running install_lib
[8.413s] byte-compiling /home/xavier/Desktop/medical/Medical_Bot/install/arm_bot/lib/python3.8/site-packages/arm_bot/sub_servoes.py to sub_servoes.cpython-38.pyc
[8.419s] byte-compiling /home/xavier/Desktop/medical/Medical_Bot/install/arm_bot/lib/python3.8/site-packages/arm_bot/sub_sensinfo.py to sub_sensinfo.cpython-38.pyc
[8.429s] running install_data
[8.431s] copying resource/arm_bot -> /home/xavier/Desktop/medical/Medical_Bot/install/arm_bot/share/ament_index/resource_index/packages
[8.433s] copying package.xml -> /home/xavier/Desktop/medical/Medical_Bot/install/arm_bot/share/arm_bot
[8.434s] running install_egg_info
[8.540s] removing '/home/xavier/Desktop/medical/Medical_Bot/install/arm_bot/lib/python3.8/site-packages/arm_bot-0.0.1-py3.8.egg-info' (and everything under it)
[8.542s] Copying ../../build/arm_bot/arm_bot.egg-info to /home/xavier/Desktop/medical/Medical_Bot/install/arm_bot/lib/python3.8/site-packages/arm_bot-0.0.1-py3.8.egg-info
[8.548s] running install_scripts
[8.801s] Installing sens_info script to /home/xavier/Desktop/medical/Medical_Bot/install/arm_bot/lib/arm_bot
[8.806s] Installing sensors script to /home/xavier/Desktop/medical/Medical_Bot/install/arm_bot/lib/arm_bot
[8.810s] writing list of installed files to '/home/xavier/Desktop/medical/Medical_Bot/build/arm_bot/install.log'
[8.915s] Invoked command in '/home/xavier/Desktop/medical/Medical_Bot/src/arm_bot' returned '0': PYTHONPATH=/home/xavier/Desktop/medical/Medical_Bot/build/arm_bot/prefix_override:/usr/lib/python3/dist-packages/colcon_core/task/python/colcon_distutils_commands:/home/xavier/Desktop/medical/Medical_Bot/install/arm_bot/lib/python3.8/site-packages:${PYTHONPATH} /usr/bin/python3 -W ignore:setup.py install is deprecated -W ignore:easy_install command is deprecated setup.py egg_info --egg-base ../../build/arm_bot build --build-base /home/xavier/Desktop/medical/Medical_Bot/build/arm_bot/build install --record /home/xavier/Desktop/medical/Medical_Bot/build/arm_bot/install.log --install-scripts $base/lib/arm_bot --single-version-externally-managed install_data
