[2.112s] DEBUG:colcon:Command line arguments: ['/usr/bin/colcon', 'build', '--packages-select', 'arm_bot']
[2.113s] DEBUG:colcon:Parsed command line arguments: Namespace(allow_overriding=[], ament_cmake_args=None, base_paths=['.'], build_base='build', catkin_cmake_args=None, catkin_skip_building_tests=False, cmake_args=None, cmake_clean_cache=False, cmake_clean_first=False, cmake_force_configure=False, cmake_target=None, cmake_target_skip_unavailable=False, continue_on_error=False, event_handlers=None, executor='parallel', ignore_user_meta=False, install_base='install', log_base=None, log_level=None, main=<bound method BuildVerb.main of <colcon_core.verb.build.BuildVerb object at 0xffffab353190>>, merge_install=False, metas=['./colcon.meta'], mixin=None, mixin_files=None, mixin_verb=('build',), packages_above=None, packages_above_and_dependencies=None, packages_above_depth=None, packages_end=None, packages_ignore=None, packages_ignore_regex=None, packages_select=['arm_bot'], packages_select_build_failed=False, packages_select_by_dep=None, packages_select_regex=None, packages_select_test_failures=False, packages_skip=None, packages_skip_build_finished=False, packages_skip_by_dep=None, packages_skip_regex=None, packages_skip_test_passed=False, packages_skip_up_to=None, packages_start=None, packages_up_to=None, packages_up_to_regex=None, parallel_workers=4, paths=None, symlink_install=False, test_result_base=None, verb_extension=<colcon_core.verb.build.BuildVerb object at 0xffffab353190>, verb_name='build', verb_parser=<colcon_mixin.mixin.mixin_argument.MixinArgumentDecorator object at 0xffffab2aa760>)
[3.831s] Level 1:colcon.colcon_core.package_discovery:discover_packages(colcon_meta) check parameters
[3.832s] Level 1:colcon.colcon_core.package_discovery:discover_packages(recursive) check parameters
[3.833s] Level 1:colcon.colcon_core.package_discovery:discover_packages(ignore) check parameters
[3.833s] Level 1:colcon.colcon_core.package_discovery:discover_packages(path) check parameters
[3.833s] Level 1:colcon.colcon_core.package_discovery:discover_packages(colcon_meta) discover
[3.834s] Level 1:colcon.colcon_core.package_discovery:discover_packages(recursive) discover
[3.834s] INFO:colcon.colcon_core.package_discovery:Crawling recursively for packages in '/home/dog/ros2_ws'
[3.835s] Level 1:colcon.colcon_core.package_identification:_identify(.) by extensions ['ignore', 'ignore_ament_install']
[3.836s] Level 1:colcon.colcon_core.package_identification:_identify(.) by extension 'ignore'
[3.836s] Level 1:colcon.colcon_core.package_identification:_identify(.) by extension 'ignore_ament_install'
[3.837s] Level 1:colcon.colcon_core.package_identification:_identify(.) by extensions ['colcon_pkg']
[3.837s] Level 1:colcon.colcon_core.package_identification:_identify(.) by extension 'colcon_pkg'
[3.838s] Level 1:colcon.colcon_core.package_identification:_identify(.) by extensions ['colcon_meta']
[3.838s] Level 1:colcon.colcon_core.package_identification:_identify(.) by extension 'colcon_meta'
[3.838s] Level 1:colcon.colcon_core.package_identification:_identify(.) by extensions ['ros']
[3.839s] Level 1:colcon.colcon_core.package_identification:_identify(.) by extension 'ros'
[3.953s] Level 1:colcon.colcon_core.package_identification:_identify(.) by extensions ['cmake', 'python']
[3.953s] Level 1:colcon.colcon_core.package_identification:_identify(.) by extension 'cmake'
[3.954s] Level 1:colcon.colcon_core.package_identification:_identify(.) by extension 'python'
[3.954s] Level 1:colcon.colcon_core.package_identification:_identify(.) by extensions ['python_setup_py']
[3.955s] Level 1:colcon.colcon_core.package_identification:_identify(.) by extension 'python_setup_py'
[3.956s] Level 1:colcon.colcon_core.package_identification:_identify(build) by extensions ['ignore', 'ignore_ament_install']
[3.957s] Level 1:colcon.colcon_core.package_identification:_identify(build) by extension 'ignore'
[3.957s] Level 1:colcon.colcon_core.package_identification:_identify(build) ignored
[3.959s] Level 1:colcon.colcon_core.package_identification:_identify(install) by extensions ['ignore', 'ignore_ament_install']
[3.960s] Level 1:colcon.colcon_core.package_identification:_identify(install) by extension 'ignore'
[3.960s] Level 1:colcon.colcon_core.package_identification:_identify(install) ignored
[3.961s] Level 1:colcon.colcon_core.package_identification:_identify(log) by extensions ['ignore', 'ignore_ament_install']
[3.962s] Level 1:colcon.colcon_core.package_identification:_identify(log) by extension 'ignore'
[3.963s] Level 1:colcon.colcon_core.package_identification:_identify(log) ignored
[3.963s] Level 1:colcon.colcon_core.package_identification:_identify(src) by extensions ['ignore', 'ignore_ament_install']
[3.964s] Level 1:colcon.colcon_core.package_identification:_identify(src) by extension 'ignore'
[3.965s] Level 1:colcon.colcon_core.package_identification:_identify(src) by extension 'ignore_ament_install'
[3.965s] Level 1:colcon.colcon_core.package_identification:_identify(src) by extensions ['colcon_pkg']
[3.965s] Level 1:colcon.colcon_core.package_identification:_identify(src) by extension 'colcon_pkg'
[3.966s] Level 1:colcon.colcon_core.package_identification:_identify(src) by extensions ['colcon_meta']
[3.966s] Level 1:colcon.colcon_core.package_identification:_identify(src) by extension 'colcon_meta'
[3.967s] Level 1:colcon.colcon_core.package_identification:_identify(src) by extensions ['ros']
[3.967s] Level 1:colcon.colcon_core.package_identification:_identify(src) by extension 'ros'
[3.968s] Level 1:colcon.colcon_core.package_identification:_identify(src) by extensions ['cmake', 'python']
[3.968s] Level 1:colcon.colcon_core.package_identification:_identify(src) by extension 'cmake'
[3.969s] Level 1:colcon.colcon_core.package_identification:_identify(src) by extension 'python'
[3.969s] Level 1:colcon.colcon_core.package_identification:_identify(src) by extensions ['python_setup_py']
[3.969s] Level 1:colcon.colcon_core.package_identification:_identify(src) by extension 'python_setup_py'
[3.971s] Level 1:colcon.colcon_core.package_identification:_identify(src/arm_bot) by extensions ['ignore', 'ignore_ament_install']
[3.972s] Level 1:colcon.colcon_core.package_identification:_identify(src/arm_bot) by extension 'ignore'
[3.972s] Level 1:colcon.colcon_core.package_identification:_identify(src/arm_bot) by extension 'ignore_ament_install'
[3.973s] Level 1:colcon.colcon_core.package_identification:_identify(src/arm_bot) by extensions ['colcon_pkg']
[3.973s] Level 1:colcon.colcon_core.package_identification:_identify(src/arm_bot) by extension 'colcon_pkg'
[3.973s] Level 1:colcon.colcon_core.package_identification:_identify(src/arm_bot) by extensions ['colcon_meta']
[3.974s] Level 1:colcon.colcon_core.package_identification:_identify(src/arm_bot) by extension 'colcon_meta'
[3.974s] Level 1:colcon.colcon_core.package_identification:_identify(src/arm_bot) by extensions ['ros']
[3.975s] Level 1:colcon.colcon_core.package_identification:_identify(src/arm_bot) by extension 'ros'
[3.995s] DEBUG:colcon.colcon_core.package_identification:Package 'src/arm_bot' with type 'ros.ament_python' and name 'arm_bot'
[3.995s] Level 1:colcon.colcon_core.package_discovery:discover_packages(recursive) using defaults
[3.996s] Level 1:colcon.colcon_core.package_discovery:discover_packages(ignore) discover
[3.996s] Level 1:colcon.colcon_core.package_discovery:discover_packages(ignore) using defaults
[3.996s] Level 1:colcon.colcon_core.package_discovery:discover_packages(path) discover
[3.997s] Level 1:colcon.colcon_core.package_discovery:discover_packages(path) using defaults
[4.150s] Level 1:colcon.colcon_core.package_discovery:discover_packages(prefix_path) check parameters
[4.151s] Level 1:colcon.colcon_core.package_discovery:discover_packages(prefix_path) discover
[4.169s] DEBUG:colcon.colcon_installed_package_information.package_discovery:Found 2 installed packages in /home/dog/ros2_ws/install
[4.188s] DEBUG:colcon.colcon_installed_package_information.package_discovery:Found 256 installed packages in /opt/ros/foxy
[4.206s] Level 1:colcon.colcon_core.package_discovery:discover_packages(prefix_path) using defaults
[5.159s] Level 5:colcon.colcon_core.verb:set package 'arm_bot' build argument 'cmake_args' from command line to 'None'
[5.160s] Level 5:colcon.colcon_core.verb:set package 'arm_bot' build argument 'cmake_target' from command line to 'None'
[5.160s] Level 5:colcon.colcon_core.verb:set package 'arm_bot' build argument 'cmake_target_skip_unavailable' from command line to 'False'
[5.160s] Level 5:colcon.colcon_core.verb:set package 'arm_bot' build argument 'cmake_clean_cache' from command line to 'False'
[5.160s] Level 5:colcon.colcon_core.verb:set package 'arm_bot' build argument 'cmake_clean_first' from command line to 'False'
[5.161s] Level 5:colcon.colcon_core.verb:set package 'arm_bot' build argument 'cmake_force_configure' from command line to 'False'
[5.161s] Level 5:colcon.colcon_core.verb:set package 'arm_bot' build argument 'ament_cmake_args' from command line to 'None'
[5.161s] Level 5:colcon.colcon_core.verb:set package 'arm_bot' build argument 'catkin_cmake_args' from command line to 'None'
[5.161s] Level 5:colcon.colcon_core.verb:set package 'arm_bot' build argument 'catkin_skip_building_tests' from command line to 'False'
[5.162s] DEBUG:colcon.colcon_core.verb:Building package 'arm_bot' with the following arguments: {'ament_cmake_args': None, 'build_base': '/home/dog/ros2_ws/build/arm_bot', 'catkin_cmake_args': None, 'catkin_skip_building_tests': False, 'cmake_args': None, 'cmake_clean_cache': False, 'cmake_clean_first': False, 'cmake_force_configure': False, 'cmake_target': None, 'cmake_target_skip_unavailable': False, 'install_base': '/home/dog/ros2_ws/install/arm_bot', 'merge_install': False, 'path': '/home/dog/ros2_ws/src/arm_bot', 'symlink_install': False, 'test_result_base': None}
[5.163s] INFO:colcon.colcon_core.executor:Executing jobs using 'parallel' executor
[5.171s] DEBUG:colcon.colcon_parallel_executor.executor.parallel:run_until_complete
[5.173s] INFO:colcon.colcon_ros.task.ament_python.build:Building ROS package in '/home/dog/ros2_ws/src/arm_bot' with build type 'ament_python'
[5.174s] Level 1:colcon.colcon_core.shell:create_environment_hook('arm_bot', 'ament_prefix_path')
[5.194s] INFO:colcon.colcon_core.plugin_system:Skipping extension 'colcon_core.shell.bat': Not used on non-Windows systems
[5.197s] INFO:colcon.colcon_core.shell:Creating environment hook '/home/dog/ros2_ws/install/arm_bot/share/arm_bot/hook/ament_prefix_path.ps1'
[5.203s] INFO:colcon.colcon_core.shell:Creating environment descriptor '/home/dog/ros2_ws/install/arm_bot/share/arm_bot/hook/ament_prefix_path.dsv'
[5.208s] INFO:colcon.colcon_core.shell:Creating environment hook '/home/dog/ros2_ws/install/arm_bot/share/arm_bot/hook/ament_prefix_path.sh'
[5.216s] INFO:colcon.colcon_core.shell:Skip shell extension 'powershell' for command environment: Not usable outside of PowerShell
[5.217s] DEBUG:colcon.colcon_core.shell:Skip shell extension 'dsv' for command environment
[7.605s] INFO:colcon.colcon_core.task.python.build:Building Python package in '/home/dog/ros2_ws/src/arm_bot'
[7.608s] INFO:colcon.colcon_core.shell:Skip shell extension 'powershell' for command environment: Not usable outside of PowerShell
[7.609s] DEBUG:colcon.colcon_core.shell:Skip shell extension 'dsv' for command environment
[11.552s] DEBUG:colcon.colcon_core.event_handler.log_command:Invoking command in '/home/dog/ros2_ws/src/arm_bot': PYTHONPATH=/home/dog/ros2_ws/build/arm_bot/prefix_override:/usr/lib/python3/dist-packages/colcon_core/task/python/colcon_distutils_commands:/home/dog/ros2_ws/install/arm_bot/lib/python3.8/site-packages:${PYTHONPATH} /usr/bin/python3 -W ignore:setup.py install is deprecated -W ignore:easy_install command is deprecated setup.py egg_info --egg-base ../../build/arm_bot build --build-base /home/dog/ros2_ws/build/arm_bot/build install --record /home/dog/ros2_ws/build/arm_bot/install.log --install-scripts $base/lib/arm_bot --single-version-externally-managed install_data
[14.594s] DEBUG:colcon.colcon_core.event_handler.log_command:Invoked command in '/home/dog/ros2_ws/src/arm_bot' returned '0': PYTHONPATH=/home/dog/ros2_ws/build/arm_bot/prefix_override:/usr/lib/python3/dist-packages/colcon_core/task/python/colcon_distutils_commands:/home/dog/ros2_ws/install/arm_bot/lib/python3.8/site-packages:${PYTHONPATH} /usr/bin/python3 -W ignore:setup.py install is deprecated -W ignore:easy_install command is deprecated setup.py egg_info --egg-base ../../build/arm_bot build --build-base /home/dog/ros2_ws/build/arm_bot/build install --record /home/dog/ros2_ws/build/arm_bot/install.log --install-scripts $base/lib/arm_bot --single-version-externally-managed install_data
[14.620s] Level 1:colcon.colcon_core.environment:checking '/home/dog/ros2_ws/install/arm_bot' for CMake module files
[14.625s] Level 1:colcon.colcon_core.environment:checking '/home/dog/ros2_ws/install/arm_bot' for CMake config files
[14.633s] Level 1:colcon.colcon_core.environment:checking '/home/dog/ros2_ws/install/arm_bot/lib'
[14.634s] Level 1:colcon.colcon_core.environment:checking '/home/dog/ros2_ws/install/arm_bot/bin'
[14.635s] Level 1:colcon.colcon_core.environment:checking '/home/dog/ros2_ws/install/arm_bot/lib/pkgconfig/arm_bot.pc'
[14.637s] Level 1:colcon.colcon_core.environment:checking '/home/dog/ros2_ws/install/arm_bot/lib/python3.8/site-packages'
[14.638s] Level 1:colcon.colcon_core.shell:create_environment_hook('arm_bot', 'pythonpath')
[14.640s] INFO:colcon.colcon_core.shell:Creating environment hook '/home/dog/ros2_ws/install/arm_bot/share/arm_bot/hook/pythonpath.ps1'
[14.644s] INFO:colcon.colcon_core.shell:Creating environment descriptor '/home/dog/ros2_ws/install/arm_bot/share/arm_bot/hook/pythonpath.dsv'
[14.648s] INFO:colcon.colcon_core.shell:Creating environment hook '/home/dog/ros2_ws/install/arm_bot/share/arm_bot/hook/pythonpath.sh'
[14.654s] Level 1:colcon.colcon_core.environment:checking '/home/dog/ros2_ws/install/arm_bot/bin'
[14.655s] Level 1:colcon.colcon_core.environment:create_environment_scripts_only(arm_bot)
[14.659s] INFO:colcon.colcon_core.shell:Creating package script '/home/dog/ros2_ws/install/arm_bot/share/arm_bot/package.ps1'
[14.667s] INFO:colcon.colcon_core.shell:Creating package descriptor '/home/dog/ros2_ws/install/arm_bot/share/arm_bot/package.dsv'
[14.673s] INFO:colcon.colcon_core.shell:Creating package script '/home/dog/ros2_ws/install/arm_bot/share/arm_bot/package.sh'
[14.681s] INFO:colcon.colcon_core.shell:Creating package script '/home/dog/ros2_ws/install/arm_bot/share/arm_bot/package.bash'
[14.689s] INFO:colcon.colcon_core.shell:Creating package script '/home/dog/ros2_ws/install/arm_bot/share/arm_bot/package.zsh'
[14.697s] Level 1:colcon.colcon_core.environment:create_file_with_runtime_dependencies(/home/dog/ros2_ws/install/arm_bot/share/colcon-core/packages/arm_bot)
[14.700s] DEBUG:colcon.colcon_parallel_executor.executor.parallel:closing loop
[14.702s] DEBUG:colcon.colcon_parallel_executor.executor.parallel:loop closed
[14.703s] DEBUG:colcon.colcon_parallel_executor.executor.parallel:run_until_complete finished with '0'
[14.704s] DEBUG:colcon.colcon_core.event_reactor:joining thread
[14.757s] INFO:colcon.colcon_core.plugin_system:Skipping extension 'colcon_notification.desktop_notification.notify_send': Could not find 'notify-send'
[14.758s] INFO:colcon.colcon_core.plugin_system:Skipping extension 'colcon_notification.desktop_notification.terminal_notifier': Not used on non-Darwin systems
[14.758s] INFO:colcon.colcon_core.plugin_system:Skipping extension 'colcon_notification.desktop_notification.win32': Not used on non-Windows systems
[14.759s] INFO:colcon.colcon_notification.desktop_notification:Sending desktop notification using 'notify2'
[14.764s] DEBUG:colcon.colcon_notification.desktop_notification.notify2:Failed to initialize notify2: org.freedesktop.DBus.Error.ServiceUnknown: The name org.freedesktop.Notifications was not provided by any .service files
[14.765s] DEBUG:colcon.colcon_core.event_reactor:joined thread
[14.768s] INFO:colcon.colcon_core.shell:Creating prefix script '/home/dog/ros2_ws/install/local_setup.ps1'
[14.778s] INFO:colcon.colcon_core.shell:Creating prefix util module '/home/dog/ros2_ws/install/_local_setup_util_ps1.py'
[14.792s] INFO:colcon.colcon_core.shell:Creating prefix chain script '/home/dog/ros2_ws/install/setup.ps1'
[14.804s] INFO:colcon.colcon_core.shell:Creating prefix script '/home/dog/ros2_ws/install/local_setup.sh'
[14.810s] INFO:colcon.colcon_core.shell:Creating prefix util module '/home/dog/ros2_ws/install/_local_setup_util_sh.py'
[14.816s] INFO:colcon.colcon_core.shell:Creating prefix chain script '/home/dog/ros2_ws/install/setup.sh'
[14.827s] INFO:colcon.colcon_core.shell:Creating prefix script '/home/dog/ros2_ws/install/local_setup.bash'
[14.832s] INFO:colcon.colcon_core.shell:Creating prefix chain script '/home/dog/ros2_ws/install/setup.bash'
[14.843s] INFO:colcon.colcon_core.shell:Creating prefix script '/home/dog/ros2_ws/install/local_setup.zsh'
[14.848s] INFO:colcon.colcon_core.shell:Creating prefix chain script '/home/dog/ros2_ws/install/setup.zsh'
