[8.608s] Invoking command in '/home/dog/ros2_ws/src/arm_bot': PYTHONPATH=/home/dog/ros2_ws/build/arm_bot/prefix_override:/usr/lib/python3/dist-packages/colcon_core/task/python/colcon_distutils_commands:/home/dog/ros2_ws/install/arm_bot/lib/python3.8/site-packages:${PYTHONPATH} /usr/bin/python3 -W ignore:setup.py install is deprecated -W ignore:easy_install command is deprecated setup.py egg_info --egg-base ../../build/arm_bot build --build-base /home/dog/ros2_ws/build/arm_bot/build install --record /home/dog/ros2_ws/build/arm_bot/install.log --install-scripts $base/lib/arm_bot --single-version-externally-managed install_data
[11.165s] running egg_info
[11.174s] writing ../../build/arm_bot/arm_bot.egg-info/PKG-INFO
[11.178s] writing dependency_links to ../../build/arm_bot/arm_bot.egg-info/dependency_links.txt
[11.180s] writing entry points to ../../build/arm_bot/arm_bot.egg-info/entry_points.txt
[11.183s] writing requirements to ../../build/arm_bot/arm_bot.egg-info/requires.txt
[11.185s] writing top-level names to ../../build/arm_bot/arm_bot.egg-info/top_level.txt
[11.584s] reading manifest file '../../build/arm_bot/arm_bot.egg-info/SOURCES.txt'
[11.597s] writing manifest file '../../build/arm_bot/arm_bot.egg-info/SOURCES.txt'
[11.599s] running build
[11.601s] running build_py
[11.604s] copying arm_bot/mpu.py -> /home/dog/ros2_ws/build/arm_bot/build/lib/arm_bot
[11.612s] running install
[11.620s] running install_lib
[11.630s] copying /home/dog/ros2_ws/build/arm_bot/build/lib/arm_bot/mpu.py -> /home/dog/ros2_ws/install/arm_bot/lib/python3.8/site-packages/arm_bot
[11.641s] byte-compiling /home/dog/ros2_ws/install/arm_bot/lib/python3.8/site-packages/arm_bot/mpu.py to mpu.cpython-38.pyc
[11.652s]   File "/home/dog/ros2_ws/install/arm_bot/lib/python3.8/site-packages/arm_bot/mpu.py", line 4
[11.653s]     import
[11.655s]           ^
[11.656s] SyntaxError: invalid syntax
[11.657s] 
[11.658s] running install_data
[11.659s] running install_egg_info
[11.673s] removing '/home/dog/ros2_ws/install/arm_bot/lib/python3.8/site-packages/arm_bot-0.0.1-py3.8.egg-info' (and everything under it)
[11.676s] Copying ../../build/arm_bot/arm_bot.egg-info to /home/dog/ros2_ws/install/arm_bot/lib/python3.8/site-packages/arm_bot-0.0.1-py3.8.egg-info
[11.689s] running install_scripts
[11.866s] Installing keyboard script to /home/dog/ros2_ws/install/arm_bot/lib/arm_bot
[11.869s] Installing my_node script to /home/dog/ros2_ws/install/arm_bot/lib/arm_bot
[11.872s] Installing sens_info script to /home/dog/ros2_ws/install/arm_bot/lib/arm_bot
[11.873s] Installing sensors script to /home/dog/ros2_ws/install/arm_bot/lib/arm_bot
[11.877s] writing list of installed files to '/home/dog/ros2_ws/build/arm_bot/install.log'
[12.097s] Invoked command in '/home/dog/ros2_ws/src/arm_bot' returned '0': PYTHONPATH=/home/dog/ros2_ws/build/arm_bot/prefix_override:/usr/lib/python3/dist-packages/colcon_core/task/python/colcon_distutils_commands:/home/dog/ros2_ws/install/arm_bot/lib/python3.8/site-packages:${PYTHONPATH} /usr/bin/python3 -W ignore:setup.py install is deprecated -W ignore:easy_install command is deprecated setup.py egg_info --egg-base ../../build/arm_bot build --build-base /home/dog/ros2_ws/build/arm_bot/build install --record /home/dog/ros2_ws/build/arm_bot/install.log --install-scripts $base/lib/arm_bot --single-version-externally-managed install_data
