running egg_info
writing ../../build/arm_bot/arm_bot.egg-info/PKG-INFO
writing dependency_links to ../../build/arm_bot/arm_bot.egg-info/dependency_links.txt
writing entry points to ../../build/arm_bot/arm_bot.egg-info/entry_points.txt
writing requirements to ../../build/arm_bot/arm_bot.egg-info/requires.txt
writing top-level names to ../../build/arm_bot/arm_bot.egg-info/top_level.txt
reading manifest file '../../build/arm_bot/arm_bot.egg-info/SOURCES.txt'
writing manifest file '../../build/arm_bot/arm_bot.egg-info/SOURCES.txt'
running build
running build_py
running install
running install_lib
running install_data
running install_egg_info
removing '/home/jetson/Desktop/ros2_ws1/install/arm_bot/lib/python3.8/site-packages/arm_bot-0.0.1-py3.8.egg-info' (and everything under it)
Copying ../../build/arm_bot/arm_bot.egg-info to /home/jetson/Desktop/ros2_ws1/install/arm_bot/lib/python3.8/site-packages/arm_bot-0.0.1-py3.8.egg-info
running install_scripts
Installing keyboard script to /home/jetson/Desktop/ros2_ws1/install/arm_bot/lib/arm_bot
Installing my_node script to /home/jetson/Desktop/ros2_ws1/install/arm_bot/lib/arm_bot
Installing sens_info script to /home/jetson/Desktop/ros2_ws1/install/arm_bot/lib/arm_bot
Installing sensors script to /home/jetson/Desktop/ros2_ws1/install/arm_bot/lib/arm_bot
Installing servoes script to /home/jetson/Desktop/ros2_ws1/install/arm_bot/lib/arm_bot
writing list of installed files to '/home/jetson/Desktop/ros2_ws1/build/arm_bot/install.log'
