[7.254s] Invoking command in '/home/dog/ros2_ws/src/arm_bot': PYTHONPATH=/home/dog/ros2_ws/build/arm_bot/prefix_override:/usr/lib/python3/dist-packages/colcon_core/task/python/colcon_distutils_commands:/home/dog/ros2_ws/install/arm_bot/lib/python3.8/site-packages:${PYTHONPATH} /usr/bin/python3 -W ignore:setup.py install is deprecated -W ignore:easy_install command is deprecated setup.py egg_info --egg-base ../../build/arm_bot build --build-base /home/dog/ros2_ws/build/arm_bot/build install --record /home/dog/ros2_ws/build/arm_bot/install.log --install-scripts $base/lib/arm_bot --single-version-externally-managed install_data
[9.602s] running egg_info
[9.609s] writing ../../build/arm_bot/arm_bot.egg-info/PKG-INFO
[9.612s] writing dependency_links to ../../build/arm_bot/arm_bot.egg-info/dependency_links.txt
[9.614s] writing entry points to ../../build/arm_bot/arm_bot.egg-info/entry_points.txt
[9.617s] writing requirements to ../../build/arm_bot/arm_bot.egg-info/requires.txt
[9.619s] writing top-level names to ../../build/arm_bot/arm_bot.egg-info/top_level.txt
[9.992s] reading manifest file '../../build/arm_bot/arm_bot.egg-info/SOURCES.txt'
[10.003s] writing manifest file '../../build/arm_bot/arm_bot.egg-info/SOURCES.txt'
[10.004s] running build
[10.005s] running build_py
[10.012s] copying arm_bot/pub_sens.py -> /home/dog/ros2_ws/build/arm_bot/build/lib/arm_bot
[10.017s] running install
[10.025s] running install_lib
[10.036s] copying /home/dog/ros2_ws/build/arm_bot/build/lib/arm_bot/pub_sens.py -> /home/dog/ros2_ws/install/arm_bot/lib/python3.8/site-packages/arm_bot
[10.043s] byte-compiling /home/dog/ros2_ws/install/arm_bot/lib/python3.8/site-packages/arm_bot/pub_sens.py to pub_sens.cpython-38.pyc
[10.058s] running install_data
[10.060s] running install_egg_info
[10.074s] removing '/home/dog/ros2_ws/install/arm_bot/lib/python3.8/site-packages/arm_bot-0.0.1-py3.8.egg-info' (and everything under it)
[10.078s] Copying ../../build/arm_bot/arm_bot.egg-info to /home/dog/ros2_ws/install/arm_bot/lib/python3.8/site-packages/arm_bot-0.0.1-py3.8.egg-info
[10.089s] running install_scripts
[10.242s] Installing keyboard script to /home/dog/ros2_ws/install/arm_bot/lib/arm_bot
[10.243s] Installing my_node script to /home/dog/ros2_ws/install/arm_bot/lib/arm_bot
[10.245s] Installing sens_info script to /home/dog/ros2_ws/install/arm_bot/lib/arm_bot
[10.247s] Installing sensors script to /home/dog/ros2_ws/install/arm_bot/lib/arm_bot
[10.251s] writing list of installed files to '/home/dog/ros2_ws/build/arm_bot/install.log'
[10.463s] Invoked command in '/home/dog/ros2_ws/src/arm_bot' returned '0': PYTHONPATH=/home/dog/ros2_ws/build/arm_bot/prefix_override:/usr/lib/python3/dist-packages/colcon_core/task/python/colcon_distutils_commands:/home/dog/ros2_ws/install/arm_bot/lib/python3.8/site-packages:${PYTHONPATH} /usr/bin/python3 -W ignore:setup.py install is deprecated -W ignore:easy_install command is deprecated setup.py egg_info --egg-base ../../build/arm_bot build --build-base /home/dog/ros2_ws/build/arm_bot/build install --record /home/dog/ros2_ws/build/arm_bot/install.log --install-scripts $base/lib/arm_bot --single-version-externally-managed install_data
