[8.699s] Invoking command in '/home/dog/ros2_ws/src/arm_bot': PYTHONPATH=/home/dog/ros2_ws/build/arm_bot/prefix_override:/usr/lib/python3/dist-packages/colcon_core/task/python/colcon_distutils_commands:/home/dog/ros2_ws/install/arm_bot/lib/python3.8/site-packages:${PYTHONPATH} /usr/bin/python3 -W ignore:setup.py install is deprecated -W ignore:easy_install command is deprecated setup.py egg_info --egg-base ../../build/arm_bot build --build-base /home/dog/ros2_ws/build/arm_bot/build install --record /home/dog/ros2_ws/build/arm_bot/install.log --install-scripts $base/lib/arm_bot --single-version-externally-managed install_data
[11.213s] running egg_info
[11.221s] writing ../../build/arm_bot/arm_bot.egg-info/PKG-INFO
[11.224s] writing dependency_links to ../../build/arm_bot/arm_bot.egg-info/dependency_links.txt
[11.226s] writing entry points to ../../build/arm_bot/arm_bot.egg-info/entry_points.txt
[11.228s] writing requirements to ../../build/arm_bot/arm_bot.egg-info/requires.txt
[11.230s] writing top-level names to ../../build/arm_bot/arm_bot.egg-info/top_level.txt
[11.623s] reading manifest file '../../build/arm_bot/arm_bot.egg-info/SOURCES.txt'
[11.635s] writing manifest file '../../build/arm_bot/arm_bot.egg-info/SOURCES.txt'
[11.636s] running build
[11.637s] running build_py
[11.641s] copying arm_bot/mpu.py -> /home/dog/ros2_ws/build/arm_bot/build/lib/arm_bot
[11.649s] running install
[11.656s] running install_lib
[11.667s] copying /home/dog/ros2_ws/build/arm_bot/build/lib/arm_bot/mpu.py -> /home/dog/ros2_ws/install/arm_bot/lib/python3.8/site-packages/arm_bot
[11.677s] byte-compiling /home/dog/ros2_ws/install/arm_bot/lib/python3.8/site-packages/arm_bot/mpu.py to mpu.cpython-38.pyc
[11.701s] running install_data
[11.704s] running install_egg_info
[11.722s] removing '/home/dog/ros2_ws/install/arm_bot/lib/python3.8/site-packages/arm_bot-0.0.1-py3.8.egg-info' (and everything under it)
[11.727s] Copying ../../build/arm_bot/arm_bot.egg-info to /home/dog/ros2_ws/install/arm_bot/lib/python3.8/site-packages/arm_bot-0.0.1-py3.8.egg-info
[11.744s] running install_scripts
[11.913s] Installing keyboard script to /home/dog/ros2_ws/install/arm_bot/lib/arm_bot
[11.918s] Installing my_node script to /home/dog/ros2_ws/install/arm_bot/lib/arm_bot
[11.920s] Installing sens_info script to /home/dog/ros2_ws/install/arm_bot/lib/arm_bot
[11.922s] Installing sensors script to /home/dog/ros2_ws/install/arm_bot/lib/arm_bot
[11.928s] writing list of installed files to '/home/dog/ros2_ws/build/arm_bot/install.log'
[12.147s] Invoked command in '/home/dog/ros2_ws/src/arm_bot' returned '0': PYTHONPATH=/home/dog/ros2_ws/build/arm_bot/prefix_override:/usr/lib/python3/dist-packages/colcon_core/task/python/colcon_distutils_commands:/home/dog/ros2_ws/install/arm_bot/lib/python3.8/site-packages:${PYTHONPATH} /usr/bin/python3 -W ignore:setup.py install is deprecated -W ignore:easy_install command is deprecated setup.py egg_info --egg-base ../../build/arm_bot build --build-base /home/dog/ros2_ws/build/arm_bot/build install --record /home/dog/ros2_ws/build/arm_bot/install.log --install-scripts $base/lib/arm_bot --single-version-externally-managed install_data
