[6.644s] Invoking command in '/home/dog/ros2_ws/src/arm_bot': PYTHONPATH=/home/dog/ros2_ws/build/arm_bot/prefix_override:/usr/lib/python3/dist-packages/colcon_core/task/python/colcon_distutils_commands:/home/dog/ros2_ws/install/arm_bot/lib/python3.8/site-packages:${PYTHONPATH} /usr/bin/python3 -W ignore:setup.py install is deprecated -W ignore:easy_install command is deprecated setup.py egg_info --egg-base ../../build/arm_bot build --build-base /home/dog/ros2_ws/build/arm_bot/build install --record /home/dog/ros2_ws/build/arm_bot/install.log --install-scripts $base/lib/arm_bot --single-version-externally-managed install_data
[8.990s] running egg_info
[8.997s] writing ../../build/arm_bot/arm_bot.egg-info/PKG-INFO
[8.999s] writing dependency_links to ../../build/arm_bot/arm_bot.egg-info/dependency_links.txt
[9.001s] writing entry points to ../../build/arm_bot/arm_bot.egg-info/entry_points.txt
[9.003s] writing requirements to ../../build/arm_bot/arm_bot.egg-info/requires.txt
[9.004s] writing top-level names to ../../build/arm_bot/arm_bot.egg-info/top_level.txt
[9.365s] reading manifest file '../../build/arm_bot/arm_bot.egg-info/SOURCES.txt'
[9.375s] writing manifest file '../../build/arm_bot/arm_bot.egg-info/SOURCES.txt'
[9.377s] running build
[9.378s] running build_py
[9.381s] copying arm_bot/pub_sens.py -> /home/dog/ros2_ws/build/arm_bot/build/lib/arm_bot
[9.385s] running install
[9.392s] running install_lib
[9.403s] copying /home/dog/ros2_ws/build/arm_bot/build/lib/arm_bot/pub_sens.py -> /home/dog/ros2_ws/install/arm_bot/lib/python3.8/site-packages/arm_bot
[9.411s] byte-compiling /home/dog/ros2_ws/install/arm_bot/lib/python3.8/site-packages/arm_bot/pub_sens.py to pub_sens.cpython-38.pyc
[9.426s] running install_data
[9.427s] running install_egg_info
[9.441s] removing '/home/dog/ros2_ws/install/arm_bot/lib/python3.8/site-packages/arm_bot-0.0.1-py3.8.egg-info' (and everything under it)
[9.445s] Copying ../../build/arm_bot/arm_bot.egg-info to /home/dog/ros2_ws/install/arm_bot/lib/python3.8/site-packages/arm_bot-0.0.1-py3.8.egg-info
[9.455s] running install_scripts
[9.608s] Installing keyboard script to /home/dog/ros2_ws/install/arm_bot/lib/arm_bot
[9.609s] Installing my_node script to /home/dog/ros2_ws/install/arm_bot/lib/arm_bot
[9.611s] Installing sens_info script to /home/dog/ros2_ws/install/arm_bot/lib/arm_bot
[9.612s] Installing sensors script to /home/dog/ros2_ws/install/arm_bot/lib/arm_bot
[9.618s] writing list of installed files to '/home/dog/ros2_ws/build/arm_bot/install.log'
[9.830s] Invoked command in '/home/dog/ros2_ws/src/arm_bot' returned '0': PYTHONPATH=/home/dog/ros2_ws/build/arm_bot/prefix_override:/usr/lib/python3/dist-packages/colcon_core/task/python/colcon_distutils_commands:/home/dog/ros2_ws/install/arm_bot/lib/python3.8/site-packages:${PYTHONPATH} /usr/bin/python3 -W ignore:setup.py install is deprecated -W ignore:easy_install command is deprecated setup.py egg_info --egg-base ../../build/arm_bot build --build-base /home/dog/ros2_ws/build/arm_bot/build install --record /home/dog/ros2_ws/build/arm_bot/install.log --install-scripts $base/lib/arm_bot --single-version-externally-managed install_data
