[2.812s] DEBUG:colcon:Command line arguments: ['/usr/bin/colcon', 'build']
[2.813s] DEBUG:colcon:Parsed command line arguments: Namespace(allow_overriding=[], ament_cmake_args=None, base_paths=['.'], build_base='build', catkin_cmake_args=None, catkin_skip_building_tests=False, cmake_args=None, cmake_clean_cache=False, cmake_clean_first=False, cmake_force_configure=False, cmake_target=None, cmake_target_skip_unavailable=False, continue_on_error=False, event_handlers=None, executor='parallel', ignore_user_meta=False, install_base='install', log_base=None, log_level=None, main=<bound method BuildVerb.main of <colcon_core.verb.build.BuildVerb object at 0xffff92c002e0>>, merge_install=False, metas=['./colcon.meta'], mixin=None, mixin_files=None, mixin_verb=('build',), packages_above=None, packages_above_and_dependencies=None, packages_above_depth=None, packages_end=None, packages_ignore=None, packages_ignore_regex=None, packages_select=None, packages_select_build_failed=False, packages_select_by_dep=None, packages_select_regex=None, packages_select_test_failures=False, packages_skip=None, packages_skip_build_finished=False, packages_skip_by_dep=None, packages_skip_regex=None, packages_skip_test_passed=False, packages_skip_up_to=None, packages_start=None, packages_up_to=None, packages_up_to_regex=None, parallel_workers=4, paths=None, symlink_install=False, test_result_base=None, verb_extension=<colcon_core.verb.build.BuildVerb object at 0xffff92c002e0>, verb_name='build', verb_parser=<colcon_mixin.mixin.mixin_argument.MixinArgumentDecorator object at 0xffff92ad7940>)
[4.682s] Level 1:colcon.colcon_core.package_discovery:discover_packages(colcon_meta) check parameters
[4.684s] Level 1:colcon.colcon_core.package_discovery:discover_packages(recursive) check parameters
[4.684s] Level 1:colcon.colcon_core.package_discovery:discover_packages(ignore) check parameters
[4.685s] Level 1:colcon.colcon_core.package_discovery:discover_packages(path) check parameters
[4.685s] Level 1:colcon.colcon_core.package_discovery:discover_packages(colcon_meta) discover
[4.685s] Level 1:colcon.colcon_core.package_discovery:discover_packages(recursive) discover
[4.686s] INFO:colcon.colcon_core.package_discovery:Crawling recursively for packages in '/home/dog/ros2_ws'
[4.687s] Level 1:colcon.colcon_core.package_identification:_identify(.) by extensions ['ignore', 'ignore_ament_install']
[4.688s] Level 1:colcon.colcon_core.package_identification:_identify(.) by extension 'ignore'
[4.689s] Level 1:colcon.colcon_core.package_identification:_identify(.) by extension 'ignore_ament_install'
[4.690s] Level 1:colcon.colcon_core.package_identification:_identify(.) by extensions ['colcon_pkg']
[4.690s] Level 1:colcon.colcon_core.package_identification:_identify(.) by extension 'colcon_pkg'
[4.691s] Level 1:colcon.colcon_core.package_identification:_identify(.) by extensions ['colcon_meta']
[4.691s] Level 1:colcon.colcon_core.package_identification:_identify(.) by extension 'colcon_meta'
[4.692s] Level 1:colcon.colcon_core.package_identification:_identify(.) by extensions ['ros']
[4.692s] Level 1:colcon.colcon_core.package_identification:_identify(.) by extension 'ros'
[4.860s] Level 1:colcon.colcon_core.package_identification:_identify(.) by extensions ['cmake', 'python']
[4.861s] Level 1:colcon.colcon_core.package_identification:_identify(.) by extension 'cmake'
[4.861s] Level 1:colcon.colcon_core.package_identification:_identify(.) by extension 'python'
[4.862s] Level 1:colcon.colcon_core.package_identification:_identify(.) by extensions ['python_setup_py']
[4.862s] Level 1:colcon.colcon_core.package_identification:_identify(.) by extension 'python_setup_py'
[4.864s] Level 1:colcon.colcon_core.package_identification:_identify(build) by extensions ['ignore', 'ignore_ament_install']
[4.865s] Level 1:colcon.colcon_core.package_identification:_identify(build) by extension 'ignore'
[4.865s] Level 1:colcon.colcon_core.package_identification:_identify(build) ignored
[4.867s] Level 1:colcon.colcon_core.package_identification:_identify(install) by extensions ['ignore', 'ignore_ament_install']
[4.868s] Level 1:colcon.colcon_core.package_identification:_identify(install) by extension 'ignore'
[4.869s] Level 1:colcon.colcon_core.package_identification:_identify(install) ignored
[4.870s] Level 1:colcon.colcon_core.package_identification:_identify(launch) by extensions ['ignore', 'ignore_ament_install']
[4.871s] Level 1:colcon.colcon_core.package_identification:_identify(launch) by extension 'ignore'
[4.872s] Level 1:colcon.colcon_core.package_identification:_identify(launch) by extension 'ignore_ament_install'
[4.872s] Level 1:colcon.colcon_core.package_identification:_identify(launch) by extensions ['colcon_pkg']
[4.873s] Level 1:colcon.colcon_core.package_identification:_identify(launch) by extension 'colcon_pkg'
[4.873s] Level 1:colcon.colcon_core.package_identification:_identify(launch) by extensions ['colcon_meta']
[4.874s] Level 1:colcon.colcon_core.package_identification:_identify(launch) by extension 'colcon_meta'
[4.874s] Level 1:colcon.colcon_core.package_identification:_identify(launch) by extensions ['ros']
[4.875s] Level 1:colcon.colcon_core.package_identification:_identify(launch) by extension 'ros'
[4.876s] Level 1:colcon.colcon_core.package_identification:_identify(launch) by extensions ['cmake', 'python']
[4.876s] Level 1:colcon.colcon_core.package_identification:_identify(launch) by extension 'cmake'
[4.877s] Level 1:colcon.colcon_core.package_identification:_identify(launch) by extension 'python'
[4.877s] Level 1:colcon.colcon_core.package_identification:_identify(launch) by extensions ['python_setup_py']
[4.878s] Level 1:colcon.colcon_core.package_identification:_identify(launch) by extension 'python_setup_py'
[4.879s] Level 1:colcon.colcon_core.package_identification:_identify(launch/__pycache__) by extensions ['ignore', 'ignore_ament_install']
[4.880s] Level 1:colcon.colcon_core.package_identification:_identify(launch/__pycache__) by extension 'ignore'
[4.881s] Level 1:colcon.colcon_core.package_identification:_identify(launch/__pycache__) by extension 'ignore_ament_install'
[4.881s] Level 1:colcon.colcon_core.package_identification:_identify(launch/__pycache__) by extensions ['colcon_pkg']
[4.882s] Level 1:colcon.colcon_core.package_identification:_identify(launch/__pycache__) by extension 'colcon_pkg'
[4.882s] Level 1:colcon.colcon_core.package_identification:_identify(launch/__pycache__) by extensions ['colcon_meta']
[4.883s] Level 1:colcon.colcon_core.package_identification:_identify(launch/__pycache__) by extension 'colcon_meta'
[4.883s] Level 1:colcon.colcon_core.package_identification:_identify(launch/__pycache__) by extensions ['ros']
[4.884s] Level 1:colcon.colcon_core.package_identification:_identify(launch/__pycache__) by extension 'ros'
[4.885s] Level 1:colcon.colcon_core.package_identification:_identify(launch/__pycache__) by extensions ['cmake', 'python']
[4.885s] Level 1:colcon.colcon_core.package_identification:_identify(launch/__pycache__) by extension 'cmake'
[4.886s] Level 1:colcon.colcon_core.package_identification:_identify(launch/__pycache__) by extension 'python'
[4.886s] Level 1:colcon.colcon_core.package_identification:_identify(launch/__pycache__) by extensions ['python_setup_py']
[4.887s] Level 1:colcon.colcon_core.package_identification:_identify(launch/__pycache__) by extension 'python_setup_py'
[4.889s] Level 1:colcon.colcon_core.package_identification:_identify(log) by extensions ['ignore', 'ignore_ament_install']
[4.890s] Level 1:colcon.colcon_core.package_identification:_identify(log) by extension 'ignore'
[4.890s] Level 1:colcon.colcon_core.package_identification:_identify(log) ignored
[4.892s] Level 1:colcon.colcon_core.package_identification:_identify(src) by extensions ['ignore', 'ignore_ament_install']
[4.893s] Level 1:colcon.colcon_core.package_identification:_identify(src) by extension 'ignore'
[4.893s] Level 1:colcon.colcon_core.package_identification:_identify(src) by extension 'ignore_ament_install'
[4.894s] Level 1:colcon.colcon_core.package_identification:_identify(src) by extensions ['colcon_pkg']
[4.895s] Level 1:colcon.colcon_core.package_identification:_identify(src) by extension 'colcon_pkg'
[4.895s] Level 1:colcon.colcon_core.package_identification:_identify(src) by extensions ['colcon_meta']
[4.896s] Level 1:colcon.colcon_core.package_identification:_identify(src) by extension 'colcon_meta'
[4.896s] Level 1:colcon.colcon_core.package_identification:_identify(src) by extensions ['ros']
[4.897s] Level 1:colcon.colcon_core.package_identification:_identify(src) by extension 'ros'
[4.898s] Level 1:colcon.colcon_core.package_identification:_identify(src) by extensions ['cmake', 'python']
[4.898s] Level 1:colcon.colcon_core.package_identification:_identify(src) by extension 'cmake'
[4.899s] Level 1:colcon.colcon_core.package_identification:_identify(src) by extension 'python'
[4.899s] Level 1:colcon.colcon_core.package_identification:_identify(src) by extensions ['python_setup_py']
[4.899s] Level 1:colcon.colcon_core.package_identification:_identify(src) by extension 'python_setup_py'
[4.901s] Level 1:colcon.colcon_core.package_identification:_identify(src/arm_bot) by extensions ['ignore', 'ignore_ament_install']
[4.902s] Level 1:colcon.colcon_core.package_identification:_identify(src/arm_bot) by extension 'ignore'
[4.902s] Level 1:colcon.colcon_core.package_identification:_identify(src/arm_bot) by extension 'ignore_ament_install'
[4.903s] Level 1:colcon.colcon_core.package_identification:_identify(src/arm_bot) by extensions ['colcon_pkg']
[4.904s] Level 1:colcon.colcon_core.package_identification:_identify(src/arm_bot) by extension 'colcon_pkg'
[4.904s] Level 1:colcon.colcon_core.package_identification:_identify(src/arm_bot) by extensions ['colcon_meta']
[4.905s] Level 1:colcon.colcon_core.package_identification:_identify(src/arm_bot) by extension 'colcon_meta'
[4.905s] Level 1:colcon.colcon_core.package_identification:_identify(src/arm_bot) by extensions ['ros']
[4.906s] Level 1:colcon.colcon_core.package_identification:_identify(src/arm_bot) by extension 'ros'
[4.935s] DEBUG:colcon.colcon_core.package_identification:Package 'src/arm_bot' with type 'ros.ament_python' and name 'arm_bot'
[4.936s] Level 1:colcon.colcon_core.package_discovery:discover_packages(recursive) using defaults
[4.937s] Level 1:colcon.colcon_core.package_discovery:discover_packages(ignore) discover
[4.937s] Level 1:colcon.colcon_core.package_discovery:discover_packages(ignore) using defaults
[4.937s] Level 1:colcon.colcon_core.package_discovery:discover_packages(path) discover
[4.938s] Level 1:colcon.colcon_core.package_discovery:discover_packages(path) using defaults
[5.183s] Level 1:colcon.colcon_core.package_discovery:discover_packages(prefix_path) check parameters
[5.184s] Level 1:colcon.colcon_core.package_discovery:discover_packages(prefix_path) discover
[5.212s] DEBUG:colcon.colcon_installed_package_information.package_discovery:Found 2 installed packages in /home/dog/ros2_ws/install
[5.239s] DEBUG:colcon.colcon_installed_package_information.package_discovery:Found 256 installed packages in /opt/ros/foxy
[5.278s] Level 1:colcon.colcon_core.package_discovery:discover_packages(prefix_path) using defaults
[6.781s] Level 5:colcon.colcon_core.verb:set package 'arm_bot' build argument 'cmake_args' from command line to 'None'
[6.781s] Level 5:colcon.colcon_core.verb:set package 'arm_bot' build argument 'cmake_target' from command line to 'None'
[6.782s] Level 5:colcon.colcon_core.verb:set package 'arm_bot' build argument 'cmake_target_skip_unavailable' from command line to 'False'
[6.782s] Level 5:colcon.colcon_core.verb:set package 'arm_bot' build argument 'cmake_clean_cache' from command line to 'False'
[6.782s] Level 5:colcon.colcon_core.verb:set package 'arm_bot' build argument 'cmake_clean_first' from command line to 'False'
[6.782s] Level 5:colcon.colcon_core.verb:set package 'arm_bot' build argument 'cmake_force_configure' from command line to 'False'
[6.783s] Level 5:colcon.colcon_core.verb:set package 'arm_bot' build argument 'ament_cmake_args' from command line to 'None'
[6.783s] Level 5:colcon.colcon_core.verb:set package 'arm_bot' build argument 'catkin_cmake_args' from command line to 'None'
[6.783s] Level 5:colcon.colcon_core.verb:set package 'arm_bot' build argument 'catkin_skip_building_tests' from command line to 'False'
[6.784s] DEBUG:colcon.colcon_core.verb:Building package 'arm_bot' with the following arguments: {'ament_cmake_args': None, 'build_base': '/home/dog/ros2_ws/build/arm_bot', 'catkin_cmake_args': None, 'catkin_skip_building_tests': False, 'cmake_args': None, 'cmake_clean_cache': False, 'cmake_clean_first': False, 'cmake_force_configure': False, 'cmake_target': None, 'cmake_target_skip_unavailable': False, 'install_base': '/home/dog/ros2_ws/install/arm_bot', 'merge_install': False, 'path': '/home/dog/ros2_ws/src/arm_bot', 'symlink_install': False, 'test_result_base': None}
[6.785s] INFO:colcon.colcon_core.executor:Executing jobs using 'parallel' executor
[6.794s] DEBUG:colcon.colcon_parallel_executor.executor.parallel:run_until_complete
[6.796s] INFO:colcon.colcon_ros.task.ament_python.build:Building ROS package in '/home/dog/ros2_ws/src/arm_bot' with build type 'ament_python'
[6.797s] Level 1:colcon.colcon_core.shell:create_environment_hook('arm_bot', 'ament_prefix_path')
[6.843s] INFO:colcon.colcon_core.plugin_system:Skipping extension 'colcon_core.shell.bat': Not used on non-Windows systems
[6.846s] INFO:colcon.colcon_core.shell:Creating environment hook '/home/dog/ros2_ws/install/arm_bot/share/arm_bot/hook/ament_prefix_path.ps1'
[6.856s] INFO:colcon.colcon_core.shell:Creating environment descriptor '/home/dog/ros2_ws/install/arm_bot/share/arm_bot/hook/ament_prefix_path.dsv'
[6.898s] INFO:colcon.colcon_core.shell:Creating environment hook '/home/dog/ros2_ws/install/arm_bot/share/arm_bot/hook/ament_prefix_path.sh'
[6.940s] INFO:colcon.colcon_core.shell:Skip shell extension 'powershell' for command environment: Not usable outside of PowerShell
[6.941s] DEBUG:colcon.colcon_core.shell:Skip shell extension 'dsv' for command environment
[11.009s] INFO:colcon.colcon_core.task.python.build:Building Python package in '/home/dog/ros2_ws/src/arm_bot'
[11.013s] INFO:colcon.colcon_core.shell:Skip shell extension 'powershell' for command environment: Not usable outside of PowerShell
[11.013s] DEBUG:colcon.colcon_core.shell:Skip shell extension 'dsv' for command environment
[16.714s] DEBUG:colcon.colcon_core.event_handler.log_command:Invoking command in '/home/dog/ros2_ws/src/arm_bot': PYTHONPATH=/home/dog/ros2_ws/build/arm_bot/prefix_override:/usr/lib/python3/dist-packages/colcon_core/task/python/colcon_distutils_commands:/home/dog/ros2_ws/install/arm_bot/lib/python3.8/site-packages:${PYTHONPATH} /usr/bin/python3 -W ignore:setup.py install is deprecated -W ignore:easy_install command is deprecated setup.py egg_info --egg-base ../../build/arm_bot build --build-base /home/dog/ros2_ws/build/arm_bot/build install --record /home/dog/ros2_ws/build/arm_bot/install.log --install-scripts $base/lib/arm_bot --single-version-externally-managed install_data
[22.452s] DEBUG:colcon.colcon_core.event_handler.log_command:Invoked command in '/home/dog/ros2_ws/src/arm_bot' returned '0': PYTHONPATH=/home/dog/ros2_ws/build/arm_bot/prefix_override:/usr/lib/python3/dist-packages/colcon_core/task/python/colcon_distutils_commands:/home/dog/ros2_ws/install/arm_bot/lib/python3.8/site-packages:${PYTHONPATH} /usr/bin/python3 -W ignore:setup.py install is deprecated -W ignore:easy_install command is deprecated setup.py egg_info --egg-base ../../build/arm_bot build --build-base /home/dog/ros2_ws/build/arm_bot/build install --record /home/dog/ros2_ws/build/arm_bot/install.log --install-scripts $base/lib/arm_bot --single-version-externally-managed install_data
[22.545s] Level 1:colcon.colcon_core.environment:checking '/home/dog/ros2_ws/install/arm_bot' for CMake module files
[22.553s] Level 1:colcon.colcon_core.environment:checking '/home/dog/ros2_ws/install/arm_bot' for CMake config files
[22.567s] Level 1:colcon.colcon_core.environment:checking '/home/dog/ros2_ws/install/arm_bot/lib'
[22.569s] Level 1:colcon.colcon_core.environment:checking '/home/dog/ros2_ws/install/arm_bot/bin'
[22.570s] Level 1:colcon.colcon_core.environment:checking '/home/dog/ros2_ws/install/arm_bot/lib/pkgconfig/arm_bot.pc'
[22.572s] Level 1:colcon.colcon_core.environment:checking '/home/dog/ros2_ws/install/arm_bot/lib/python3.8/site-packages'
[22.573s] Level 1:colcon.colcon_core.shell:create_environment_hook('arm_bot', 'pythonpath')
[22.576s] INFO:colcon.colcon_core.shell:Creating environment hook '/home/dog/ros2_ws/install/arm_bot/share/arm_bot/hook/pythonpath.ps1'
[22.584s] INFO:colcon.colcon_core.shell:Creating environment descriptor '/home/dog/ros2_ws/install/arm_bot/share/arm_bot/hook/pythonpath.dsv'
[22.596s] INFO:colcon.colcon_core.shell:Creating environment hook '/home/dog/ros2_ws/install/arm_bot/share/arm_bot/hook/pythonpath.sh'
[22.606s] Level 1:colcon.colcon_core.environment:checking '/home/dog/ros2_ws/install/arm_bot/bin'
[22.607s] Level 1:colcon.colcon_core.environment:create_environment_scripts_only(arm_bot)
[22.611s] INFO:colcon.colcon_core.shell:Creating package script '/home/dog/ros2_ws/install/arm_bot/share/arm_bot/package.ps1'
[22.622s] INFO:colcon.colcon_core.shell:Creating package descriptor '/home/dog/ros2_ws/install/arm_bot/share/arm_bot/package.dsv'
[22.638s] INFO:colcon.colcon_core.shell:Creating package script '/home/dog/ros2_ws/install/arm_bot/share/arm_bot/package.sh'
[22.652s] INFO:colcon.colcon_core.shell:Creating package script '/home/dog/ros2_ws/install/arm_bot/share/arm_bot/package.bash'
[22.669s] INFO:colcon.colcon_core.shell:Creating package script '/home/dog/ros2_ws/install/arm_bot/share/arm_bot/package.zsh'
[22.693s] Level 1:colcon.colcon_core.environment:create_file_with_runtime_dependencies(/home/dog/ros2_ws/install/arm_bot/share/colcon-core/packages/arm_bot)
[22.696s] DEBUG:colcon.colcon_parallel_executor.executor.parallel:closing loop
[22.699s] DEBUG:colcon.colcon_parallel_executor.executor.parallel:loop closed
[22.700s] DEBUG:colcon.colcon_parallel_executor.executor.parallel:run_until_complete finished with '0'
[22.702s] DEBUG:colcon.colcon_core.event_reactor:joining thread
[22.876s] INFO:colcon.colcon_core.plugin_system:Skipping extension 'colcon_notification.desktop_notification.notify_send': Could not find 'notify-send'
[22.877s] INFO:colcon.colcon_core.plugin_system:Skipping extension 'colcon_notification.desktop_notification.terminal_notifier': Not used on non-Darwin systems
[22.878s] INFO:colcon.colcon_core.plugin_system:Skipping extension 'colcon_notification.desktop_notification.win32': Not used on non-Windows systems
[22.879s] INFO:colcon.colcon_notification.desktop_notification:Sending desktop notification using 'notify2'
[22.943s] DEBUG:colcon.colcon_notification.desktop_notification.notify2:Failed to initialize notify2: org.freedesktop.DBus.Error.ServiceUnknown: The name org.freedesktop.Notifications was not provided by any .service files
[22.944s] DEBUG:colcon.colcon_core.event_reactor:joined thread
[22.948s] INFO:colcon.colcon_core.shell:Creating prefix script '/home/dog/ros2_ws/install/local_setup.ps1'
[22.962s] INFO:colcon.colcon_core.shell:Creating prefix util module '/home/dog/ros2_ws/install/_local_setup_util_ps1.py'
[22.985s] INFO:colcon.colcon_core.shell:Creating prefix chain script '/home/dog/ros2_ws/install/setup.ps1'
[23.003s] INFO:colcon.colcon_core.shell:Creating prefix script '/home/dog/ros2_ws/install/local_setup.sh'
[23.015s] INFO:colcon.colcon_core.shell:Creating prefix util module '/home/dog/ros2_ws/install/_local_setup_util_sh.py'
[23.023s] INFO:colcon.colcon_core.shell:Creating prefix chain script '/home/dog/ros2_ws/install/setup.sh'
[23.042s] INFO:colcon.colcon_core.shell:Creating prefix script '/home/dog/ros2_ws/install/local_setup.bash'
[23.053s] INFO:colcon.colcon_core.shell:Creating prefix chain script '/home/dog/ros2_ws/install/setup.bash'
[23.071s] INFO:colcon.colcon_core.shell:Creating prefix script '/home/dog/ros2_ws/install/local_setup.zsh'
[23.081s] INFO:colcon.colcon_core.shell:Creating prefix chain script '/home/dog/ros2_ws/install/setup.zsh'
