[7.034s] Invoking command in '/home/dog/ros2_ws/src/arm_bot': PYTHONPATH=/home/dog/ros2_ws/build/arm_bot/prefix_override:/usr/lib/python3/dist-packages/colcon_core/task/python/colcon_distutils_commands:/home/dog/ros2_ws/install/arm_bot/lib/python3.8/site-packages:${PYTHONPATH} /usr/bin/python3 -W ignore:setup.py install is deprecated -W ignore:easy_install command is deprecated setup.py egg_info --egg-base ../../build/arm_bot build --build-base /home/dog/ros2_ws/build/arm_bot/build install --record /home/dog/ros2_ws/build/arm_bot/install.log --install-scripts $base/lib/arm_bot --single-version-externally-managed install_data
[9.312s] running egg_info
[9.319s] writing ../../build/arm_bot/arm_bot.egg-info/PKG-INFO
[9.323s] writing dependency_links to ../../build/arm_bot/arm_bot.egg-info/dependency_links.txt
[9.325s] writing entry points to ../../build/arm_bot/arm_bot.egg-info/entry_points.txt
[9.327s] writing requirements to ../../build/arm_bot/arm_bot.egg-info/requires.txt
[9.328s] writing top-level names to ../../build/arm_bot/arm_bot.egg-info/top_level.txt
[9.700s] reading manifest file '../../build/arm_bot/arm_bot.egg-info/SOURCES.txt'
[9.711s] writing manifest file '../../build/arm_bot/arm_bot.egg-info/SOURCES.txt'
[9.713s] running build
[9.714s] running build_py
[9.720s] running install
[9.727s] running install_lib
[9.745s] running install_data
[9.746s] running install_egg_info
[9.761s] removing '/home/dog/ros2_ws/install/arm_bot/lib/python3.8/site-packages/arm_bot-0.0.1-py3.8.egg-info' (and everything under it)
[9.764s] Copying ../../build/arm_bot/arm_bot.egg-info to /home/dog/ros2_ws/install/arm_bot/lib/python3.8/site-packages/arm_bot-0.0.1-py3.8.egg-info
[9.777s] running install_scripts
[9.929s] Installing listener script to /home/dog/ros2_ws/install/arm_bot/lib/arm_bot
[9.930s] Installing my_node script to /home/dog/ros2_ws/install/arm_bot/lib/arm_bot
[9.932s] Installing talker script to /home/dog/ros2_ws/install/arm_bot/lib/arm_bot
[9.936s] writing list of installed files to '/home/dog/ros2_ws/build/arm_bot/install.log'
[10.143s] Invoked command in '/home/dog/ros2_ws/src/arm_bot' returned '0': PYTHONPATH=/home/dog/ros2_ws/build/arm_bot/prefix_override:/usr/lib/python3/dist-packages/colcon_core/task/python/colcon_distutils_commands:/home/dog/ros2_ws/install/arm_bot/lib/python3.8/site-packages:${PYTHONPATH} /usr/bin/python3 -W ignore:setup.py install is deprecated -W ignore:easy_install command is deprecated setup.py egg_info --egg-base ../../build/arm_bot build --build-base /home/dog/ros2_ws/build/arm_bot/build install --record /home/dog/ros2_ws/build/arm_bot/install.log --install-scripts $base/lib/arm_bot --single-version-externally-managed install_data
