running egg_info
creating ../../build/arm_bot/arm_bot.egg-info
writing ../../build/arm_bot/arm_bot.egg-info/PKG-INFO
writing dependency_links to ../../build/arm_bot/arm_bot.egg-info/dependency_links.txt
writing entry points to ../../build/arm_bot/arm_bot.egg-info/entry_points.txt
writing requirements to ../../build/arm_bot/arm_bot.egg-info/requires.txt
writing top-level names to ../../build/arm_bot/arm_bot.egg-info/top_level.txt
writing manifest file '../../build/arm_bot/arm_bot.egg-info/SOURCES.txt'
reading manifest file '../../build/arm_bot/arm_bot.egg-info/SOURCES.txt'
writing manifest file '../../build/arm_bot/arm_bot.egg-info/SOURCES.txt'
running build
running build_py
creating /home/dog/ros2_ws/build/arm_bot/build
creating /home/dog/ros2_ws/build/arm_bot/build/lib
creating /home/dog/ros2_ws/build/arm_bot/build/lib/arm_bot
copying arm_bot/my_node.py -> /home/dog/ros2_ws/build/arm_bot/build/lib/arm_bot
copying arm_bot/__init__.py -> /home/dog/ros2_ws/build/arm_bot/build/lib/arm_bot
running install
running install_lib
creating /home/dog/ros2_ws/install/arm_bot/lib/python3.8/site-packages/arm_bot
copying /home/dog/ros2_ws/build/arm_bot/build/lib/arm_bot/my_node.py -> /home/dog/ros2_ws/install/arm_bot/lib/python3.8/site-packages/arm_bot
copying /home/dog/ros2_ws/build/arm_bot/build/lib/arm_bot/__init__.py -> /home/dog/ros2_ws/install/arm_bot/lib/python3.8/site-packages/arm_bot
byte-compiling /home/dog/ros2_ws/install/arm_bot/lib/python3.8/site-packages/arm_bot/my_node.py to my_node.cpython-38.pyc
byte-compiling /home/dog/ros2_ws/install/arm_bot/lib/python3.8/site-packages/arm_bot/__init__.py to __init__.cpython-38.pyc
running install_data
creating /home/dog/ros2_ws/install/arm_bot/share/ament_index
creating /home/dog/ros2_ws/install/arm_bot/share/ament_index/resource_index
creating /home/dog/ros2_ws/install/arm_bot/share/ament_index/resource_index/packages
copying resource/arm_bot -> /home/dog/ros2_ws/install/arm_bot/share/ament_index/resource_index/packages
copying package.xml -> /home/dog/ros2_ws/install/arm_bot/share/arm_bot
running install_egg_info
Copying ../../build/arm_bot/arm_bot.egg-info to /home/dog/ros2_ws/install/arm_bot/lib/python3.8/site-packages/arm_bot-0.0.0-py3.8.egg-info
running install_scripts
Installing my_node script to /home/dog/ros2_ws/install/arm_bot/lib/arm_bot
writing list of installed files to '/home/dog/ros2_ws/build/arm_bot/install.log'
