[6.396s] Invoking command in '/home/dog/ros2_ws/src/arm_bot': PYTHONPATH=/home/dog/ros2_ws/build/arm_bot/prefix_override:/usr/lib/python3/dist-packages/colcon_core/task/python/colcon_distutils_commands:/home/dog/ros2_ws/install/arm_bot/lib/python3.8/site-packages:${PYTHONPATH} /usr/bin/python3 -W ignore:setup.py install is deprecated -W ignore:easy_install command is deprecated setup.py egg_info --egg-base ../../build/arm_bot build --build-base /home/dog/ros2_ws/build/arm_bot/build install --record /home/dog/ros2_ws/build/arm_bot/install.log --install-scripts $base/lib/arm_bot --single-version-externally-managed install_data
[8.620s] running egg_info
[8.626s] creating ../../build/arm_bot/arm_bot.egg-info
[8.627s] writing ../../build/arm_bot/arm_bot.egg-info/PKG-INFO
[8.629s] writing dependency_links to ../../build/arm_bot/arm_bot.egg-info/dependency_links.txt
[8.631s] writing entry points to ../../build/arm_bot/arm_bot.egg-info/entry_points.txt
[8.632s] writing requirements to ../../build/arm_bot/arm_bot.egg-info/requires.txt
[8.633s] writing top-level names to ../../build/arm_bot/arm_bot.egg-info/top_level.txt
[8.645s] writing manifest file '../../build/arm_bot/arm_bot.egg-info/SOURCES.txt'
[8.990s] reading manifest file '../../build/arm_bot/arm_bot.egg-info/SOURCES.txt'
[8.998s] writing manifest file '../../build/arm_bot/arm_bot.egg-info/SOURCES.txt'
[8.999s] running build
[9.001s] running build_py
[9.002s] creating /home/dog/ros2_ws/build/arm_bot/build
[9.003s] creating /home/dog/ros2_ws/build/arm_bot/build/lib
[9.004s] creating /home/dog/ros2_ws/build/arm_bot/build/lib/arm_bot
[9.005s] copying arm_bot/my_node.py -> /home/dog/ros2_ws/build/arm_bot/build/lib/arm_bot
[9.006s] copying arm_bot/__init__.py -> /home/dog/ros2_ws/build/arm_bot/build/lib/arm_bot
[9.008s] running install
[9.013s] running install_lib
[9.021s] creating /home/dog/ros2_ws/install/arm_bot/lib/python3.8/site-packages/arm_bot
[9.022s] copying /home/dog/ros2_ws/build/arm_bot/build/lib/arm_bot/my_node.py -> /home/dog/ros2_ws/install/arm_bot/lib/python3.8/site-packages/arm_bot
[9.024s] copying /home/dog/ros2_ws/build/arm_bot/build/lib/arm_bot/__init__.py -> /home/dog/ros2_ws/install/arm_bot/lib/python3.8/site-packages/arm_bot
[9.028s] byte-compiling /home/dog/ros2_ws/install/arm_bot/lib/python3.8/site-packages/arm_bot/my_node.py to my_node.cpython-38.pyc
[9.040s] byte-compiling /home/dog/ros2_ws/install/arm_bot/lib/python3.8/site-packages/arm_bot/__init__.py to __init__.cpython-38.pyc
[9.042s] running install_data
[9.044s] creating /home/dog/ros2_ws/install/arm_bot/share/ament_index
[9.045s] creating /home/dog/ros2_ws/install/arm_bot/share/ament_index/resource_index
[9.046s] creating /home/dog/ros2_ws/install/arm_bot/share/ament_index/resource_index/packages
[9.048s] copying resource/arm_bot -> /home/dog/ros2_ws/install/arm_bot/share/ament_index/resource_index/packages
[9.049s] copying package.xml -> /home/dog/ros2_ws/install/arm_bot/share/arm_bot
[9.050s] running install_egg_info
[9.062s] Copying ../../build/arm_bot/arm_bot.egg-info to /home/dog/ros2_ws/install/arm_bot/lib/python3.8/site-packages/arm_bot-0.0.0-py3.8.egg-info
[9.073s] running install_scripts
[9.224s] Installing my_node script to /home/dog/ros2_ws/install/arm_bot/lib/arm_bot
[9.227s] writing list of installed files to '/home/dog/ros2_ws/build/arm_bot/install.log'
[9.435s] Invoked command in '/home/dog/ros2_ws/src/arm_bot' returned '0': PYTHONPATH=/home/dog/ros2_ws/build/arm_bot/prefix_override:/usr/lib/python3/dist-packages/colcon_core/task/python/colcon_distutils_commands:/home/dog/ros2_ws/install/arm_bot/lib/python3.8/site-packages:${PYTHONPATH} /usr/bin/python3 -W ignore:setup.py install is deprecated -W ignore:easy_install command is deprecated setup.py egg_info --egg-base ../../build/arm_bot build --build-base /home/dog/ros2_ws/build/arm_bot/build install --record /home/dog/ros2_ws/build/arm_bot/install.log --install-scripts $base/lib/arm_bot --single-version-externally-managed install_data
