[7.180s] Invoking command in '/home/dog/ros2_ws/src/arm_bot': PYTHONPATH=/home/dog/ros2_ws/build/arm_bot/prefix_override:/usr/lib/python3/dist-packages/colcon_core/task/python/colcon_distutils_commands:/home/dog/ros2_ws/install/arm_bot/lib/python3.8/site-packages:${PYTHONPATH} /usr/bin/python3 -W ignore:setup.py install is deprecated -W ignore:easy_install command is deprecated setup.py egg_info --egg-base ../../build/arm_bot build --build-base /home/dog/ros2_ws/build/arm_bot/build install --record /home/dog/ros2_ws/build/arm_bot/install.log --install-scripts $base/lib/arm_bot --single-version-externally-managed install_data
[9.761s] running egg_info
[9.768s] writing ../../build/arm_bot/arm_bot.egg-info/PKG-INFO
[9.771s] writing dependency_links to ../../build/arm_bot/arm_bot.egg-info/dependency_links.txt
[9.773s] writing entry points to ../../build/arm_bot/arm_bot.egg-info/entry_points.txt
[9.776s] writing requirements to ../../build/arm_bot/arm_bot.egg-info/requires.txt
[9.778s] writing top-level names to ../../build/arm_bot/arm_bot.egg-info/top_level.txt
[10.179s] reading manifest file '../../build/arm_bot/arm_bot.egg-info/SOURCES.txt'
[10.190s] writing manifest file '../../build/arm_bot/arm_bot.egg-info/SOURCES.txt'
[10.192s] running build
[10.193s] running build_py
[10.196s] copying arm_bot/sub_sensinfo.py -> /home/dog/ros2_ws/build/arm_bot/build/lib/arm_bot
[10.203s] running install
[10.211s] running install_lib
[10.223s] copying /home/dog/ros2_ws/build/arm_bot/build/lib/arm_bot/sub_sensinfo.py -> /home/dog/ros2_ws/install/arm_bot/lib/python3.8/site-packages/arm_bot
[10.232s] byte-compiling /home/dog/ros2_ws/install/arm_bot/lib/python3.8/site-packages/arm_bot/sub_sensinfo.py to sub_sensinfo.cpython-38.pyc
[10.252s] running install_data
[10.253s] running install_egg_info
[10.267s] removing '/home/dog/ros2_ws/install/arm_bot/lib/python3.8/site-packages/arm_bot-0.0.1-py3.8.egg-info' (and everything under it)
[10.270s] Copying ../../build/arm_bot/arm_bot.egg-info to /home/dog/ros2_ws/install/arm_bot/lib/python3.8/site-packages/arm_bot-0.0.1-py3.8.egg-info
[10.281s] running install_scripts
[10.454s] Installing keyboard script to /home/dog/ros2_ws/install/arm_bot/lib/arm_bot
[10.456s] Installing my_node script to /home/dog/ros2_ws/install/arm_bot/lib/arm_bot
[10.458s] Installing sens_info script to /home/dog/ros2_ws/install/arm_bot/lib/arm_bot
[10.462s] Installing sensors script to /home/dog/ros2_ws/install/arm_bot/lib/arm_bot
[10.464s] Installing servoes script to /home/dog/ros2_ws/install/arm_bot/lib/arm_bot
[10.469s] writing list of installed files to '/home/dog/ros2_ws/build/arm_bot/install.log'
[10.715s] Invoked command in '/home/dog/ros2_ws/src/arm_bot' returned '0': PYTHONPATH=/home/dog/ros2_ws/build/arm_bot/prefix_override:/usr/lib/python3/dist-packages/colcon_core/task/python/colcon_distutils_commands:/home/dog/ros2_ws/install/arm_bot/lib/python3.8/site-packages:${PYTHONPATH} /usr/bin/python3 -W ignore:setup.py install is deprecated -W ignore:easy_install command is deprecated setup.py egg_info --egg-base ../../build/arm_bot build --build-base /home/dog/ros2_ws/build/arm_bot/build install --record /home/dog/ros2_ws/build/arm_bot/install.log --install-scripts $base/lib/arm_bot --single-version-externally-managed install_data
