[3.955s] DEBUG:colcon:Command line arguments: ['/usr/bin/colcon', 'build']
[3.956s] DEBUG:colcon:Parsed command line arguments: Namespace(allow_overriding=[], ament_cmake_args=None, base_paths=['.'], build_base='build', catkin_cmake_args=None, catkin_skip_building_tests=False, cmake_args=None, cmake_clean_cache=False, cmake_clean_first=False, cmake_force_configure=False, cmake_target=None, cmake_target_skip_unavailable=False, continue_on_error=False, event_handlers=None, executor='parallel', ignore_user_meta=False, install_base='install', log_base=None, log_level=None, main=<bound method BuildVerb.main of <colcon_core.verb.build.BuildVerb object at 0xffff9a6fb2e0>>, merge_install=False, metas=['./colcon.meta'], mixin=None, mixin_files=None, mixin_verb=('build',), packages_above=None, packages_above_and_dependencies=None, packages_above_depth=None, packages_end=None, packages_ignore=None, packages_ignore_regex=None, packages_select=None, packages_select_build_failed=False, packages_select_by_dep=None, packages_select_regex=None, packages_select_test_failures=False, packages_skip=None, packages_skip_build_finished=False, packages_skip_by_dep=None, packages_skip_regex=None, packages_skip_test_passed=False, packages_skip_up_to=None, packages_start=None, packages_up_to=None, packages_up_to_regex=None, parallel_workers=4, paths=None, symlink_install=False, test_result_base=None, verb_extension=<colcon_core.verb.build.BuildVerb object at 0xffff9a6fb2e0>, verb_name='build', verb_parser=<colcon_mixin.mixin.mixin_argument.MixinArgumentDecorator object at 0xffff9a5d1940>)
[6.006s] Level 1:colcon.colcon_core.package_discovery:discover_packages(colcon_meta) check parameters
[6.007s] Level 1:colcon.colcon_core.package_discovery:discover_packages(recursive) check parameters
[6.007s] Level 1:colcon.colcon_core.package_discovery:discover_packages(ignore) check parameters
[6.008s] Level 1:colcon.colcon_core.package_discovery:discover_packages(path) check parameters
[6.008s] Level 1:colcon.colcon_core.package_discovery:discover_packages(colcon_meta) discover
[6.008s] Level 1:colcon.colcon_core.package_discovery:discover_packages(recursive) discover
[6.009s] INFO:colcon.colcon_core.package_discovery:Crawling recursively for packages in '/home/dog/ros2_ws'
[6.010s] Level 1:colcon.colcon_core.package_identification:_identify(.) by extensions ['ignore', 'ignore_ament_install']
[6.011s] Level 1:colcon.colcon_core.package_identification:_identify(.) by extension 'ignore'
[6.011s] Level 1:colcon.colcon_core.package_identification:_identify(.) by extension 'ignore_ament_install'
[6.012s] Level 1:colcon.colcon_core.package_identification:_identify(.) by extensions ['colcon_pkg']
[6.012s] Level 1:colcon.colcon_core.package_identification:_identify(.) by extension 'colcon_pkg'
[6.013s] Level 1:colcon.colcon_core.package_identification:_identify(.) by extensions ['colcon_meta']
[6.013s] Level 1:colcon.colcon_core.package_identification:_identify(.) by extension 'colcon_meta'
[6.014s] Level 1:colcon.colcon_core.package_identification:_identify(.) by extensions ['ros']
[6.014s] Level 1:colcon.colcon_core.package_identification:_identify(.) by extension 'ros'
[6.183s] Level 1:colcon.colcon_core.package_identification:_identify(.) by extensions ['cmake', 'python']
[6.184s] Level 1:colcon.colcon_core.package_identification:_identify(.) by extension 'cmake'
[6.185s] Level 1:colcon.colcon_core.package_identification:_identify(.) by extension 'python'
[6.185s] Level 1:colcon.colcon_core.package_identification:_identify(.) by extensions ['python_setup_py']
[6.185s] Level 1:colcon.colcon_core.package_identification:_identify(.) by extension 'python_setup_py'
[6.186s] Level 1:colcon.colcon_core.package_identification:_identify(build) by extensions ['ignore', 'ignore_ament_install']
[6.187s] Level 1:colcon.colcon_core.package_identification:_identify(build) by extension 'ignore'
[6.188s] Level 1:colcon.colcon_core.package_identification:_identify(build) ignored
[6.189s] Level 1:colcon.colcon_core.package_identification:_identify(install) by extensions ['ignore', 'ignore_ament_install']
[6.190s] Level 1:colcon.colcon_core.package_identification:_identify(install) by extension 'ignore'
[6.191s] Level 1:colcon.colcon_core.package_identification:_identify(install) ignored
[6.191s] Level 1:colcon.colcon_core.package_identification:_identify(launch) by extensions ['ignore', 'ignore_ament_install']
[6.192s] Level 1:colcon.colcon_core.package_identification:_identify(launch) by extension 'ignore'
[6.193s] Level 1:colcon.colcon_core.package_identification:_identify(launch) by extension 'ignore_ament_install'
[6.193s] Level 1:colcon.colcon_core.package_identification:_identify(launch) by extensions ['colcon_pkg']
[6.194s] Level 1:colcon.colcon_core.package_identification:_identify(launch) by extension 'colcon_pkg'
[6.194s] Level 1:colcon.colcon_core.package_identification:_identify(launch) by extensions ['colcon_meta']
[6.194s] Level 1:colcon.colcon_core.package_identification:_identify(launch) by extension 'colcon_meta'
[6.195s] Level 1:colcon.colcon_core.package_identification:_identify(launch) by extensions ['ros']
[6.195s] Level 1:colcon.colcon_core.package_identification:_identify(launch) by extension 'ros'
[6.196s] Level 1:colcon.colcon_core.package_identification:_identify(launch) by extensions ['cmake', 'python']
[6.197s] Level 1:colcon.colcon_core.package_identification:_identify(launch) by extension 'cmake'
[6.197s] Level 1:colcon.colcon_core.package_identification:_identify(launch) by extension 'python'
[6.198s] Level 1:colcon.colcon_core.package_identification:_identify(launch) by extensions ['python_setup_py']
[6.198s] Level 1:colcon.colcon_core.package_identification:_identify(launch) by extension 'python_setup_py'
[6.199s] Level 1:colcon.colcon_core.package_identification:_identify(launch/__pycache__) by extensions ['ignore', 'ignore_ament_install']
[6.200s] Level 1:colcon.colcon_core.package_identification:_identify(launch/__pycache__) by extension 'ignore'
[6.200s] Level 1:colcon.colcon_core.package_identification:_identify(launch/__pycache__) by extension 'ignore_ament_install'
[6.201s] Level 1:colcon.colcon_core.package_identification:_identify(launch/__pycache__) by extensions ['colcon_pkg']
[6.201s] Level 1:colcon.colcon_core.package_identification:_identify(launch/__pycache__) by extension 'colcon_pkg'
[6.202s] Level 1:colcon.colcon_core.package_identification:_identify(launch/__pycache__) by extensions ['colcon_meta']
[6.202s] Level 1:colcon.colcon_core.package_identification:_identify(launch/__pycache__) by extension 'colcon_meta'
[6.202s] Level 1:colcon.colcon_core.package_identification:_identify(launch/__pycache__) by extensions ['ros']
[6.203s] Level 1:colcon.colcon_core.package_identification:_identify(launch/__pycache__) by extension 'ros'
[6.204s] Level 1:colcon.colcon_core.package_identification:_identify(launch/__pycache__) by extensions ['cmake', 'python']
[6.204s] Level 1:colcon.colcon_core.package_identification:_identify(launch/__pycache__) by extension 'cmake'
[6.205s] Level 1:colcon.colcon_core.package_identification:_identify(launch/__pycache__) by extension 'python'
[6.205s] Level 1:colcon.colcon_core.package_identification:_identify(launch/__pycache__) by extensions ['python_setup_py']
[6.205s] Level 1:colcon.colcon_core.package_identification:_identify(launch/__pycache__) by extension 'python_setup_py'
[6.207s] Level 1:colcon.colcon_core.package_identification:_identify(log) by extensions ['ignore', 'ignore_ament_install']
[6.208s] Level 1:colcon.colcon_core.package_identification:_identify(log) by extension 'ignore'
[6.208s] Level 1:colcon.colcon_core.package_identification:_identify(log) ignored
[6.209s] Level 1:colcon.colcon_core.package_identification:_identify(src) by extensions ['ignore', 'ignore_ament_install']
[6.210s] Level 1:colcon.colcon_core.package_identification:_identify(src) by extension 'ignore'
[6.211s] Level 1:colcon.colcon_core.package_identification:_identify(src) by extension 'ignore_ament_install'
[6.211s] Level 1:colcon.colcon_core.package_identification:_identify(src) by extensions ['colcon_pkg']
[6.211s] Level 1:colcon.colcon_core.package_identification:_identify(src) by extension 'colcon_pkg'
[6.212s] Level 1:colcon.colcon_core.package_identification:_identify(src) by extensions ['colcon_meta']
[6.212s] Level 1:colcon.colcon_core.package_identification:_identify(src) by extension 'colcon_meta'
[6.213s] Level 1:colcon.colcon_core.package_identification:_identify(src) by extensions ['ros']
[6.213s] Level 1:colcon.colcon_core.package_identification:_identify(src) by extension 'ros'
[6.214s] Level 1:colcon.colcon_core.package_identification:_identify(src) by extensions ['cmake', 'python']
[6.214s] Level 1:colcon.colcon_core.package_identification:_identify(src) by extension 'cmake'
[6.215s] Level 1:colcon.colcon_core.package_identification:_identify(src) by extension 'python'
[6.215s] Level 1:colcon.colcon_core.package_identification:_identify(src) by extensions ['python_setup_py']
[6.216s] Level 1:colcon.colcon_core.package_identification:_identify(src) by extension 'python_setup_py'
[6.217s] Level 1:colcon.colcon_core.package_identification:_identify(src/arm_bot) by extensions ['ignore', 'ignore_ament_install']
[6.218s] Level 1:colcon.colcon_core.package_identification:_identify(src/arm_bot) by extension 'ignore'
[6.218s] Level 1:colcon.colcon_core.package_identification:_identify(src/arm_bot) by extension 'ignore_ament_install'
[6.219s] Level 1:colcon.colcon_core.package_identification:_identify(src/arm_bot) by extensions ['colcon_pkg']
[6.219s] Level 1:colcon.colcon_core.package_identification:_identify(src/arm_bot) by extension 'colcon_pkg'
[6.219s] Level 1:colcon.colcon_core.package_identification:_identify(src/arm_bot) by extensions ['colcon_meta']
[6.220s] Level 1:colcon.colcon_core.package_identification:_identify(src/arm_bot) by extension 'colcon_meta'
[6.221s] Level 1:colcon.colcon_core.package_identification:_identify(src/arm_bot) by extensions ['ros']
[6.221s] Level 1:colcon.colcon_core.package_identification:_identify(src/arm_bot) by extension 'ros'
[6.250s] DEBUG:colcon.colcon_core.package_identification:Package 'src/arm_bot' with type 'ros.ament_python' and name 'arm_bot'
[6.251s] Level 1:colcon.colcon_core.package_discovery:discover_packages(recursive) using defaults
[6.252s] Level 1:colcon.colcon_core.package_discovery:discover_packages(ignore) discover
[6.252s] Level 1:colcon.colcon_core.package_discovery:discover_packages(ignore) using defaults
[6.252s] Level 1:colcon.colcon_core.package_discovery:discover_packages(path) discover
[6.253s] Level 1:colcon.colcon_core.package_discovery:discover_packages(path) using defaults
[6.489s] Level 1:colcon.colcon_core.package_discovery:discover_packages(prefix_path) check parameters
[6.489s] Level 1:colcon.colcon_core.package_discovery:discover_packages(prefix_path) discover
[6.518s] DEBUG:colcon.colcon_installed_package_information.package_discovery:Found 2 installed packages in /home/dog/ros2_ws/install
[6.540s] DEBUG:colcon.colcon_installed_package_information.package_discovery:Found 256 installed packages in /opt/ros/foxy
[6.567s] Level 1:colcon.colcon_core.package_discovery:discover_packages(prefix_path) using defaults
[7.615s] Level 5:colcon.colcon_core.verb:set package 'arm_bot' build argument 'cmake_args' from command line to 'None'
[7.616s] Level 5:colcon.colcon_core.verb:set package 'arm_bot' build argument 'cmake_target' from command line to 'None'
[7.616s] Level 5:colcon.colcon_core.verb:set package 'arm_bot' build argument 'cmake_target_skip_unavailable' from command line to 'False'
[7.616s] Level 5:colcon.colcon_core.verb:set package 'arm_bot' build argument 'cmake_clean_cache' from command line to 'False'
[7.617s] Level 5:colcon.colcon_core.verb:set package 'arm_bot' build argument 'cmake_clean_first' from command line to 'False'
[7.617s] Level 5:colcon.colcon_core.verb:set package 'arm_bot' build argument 'cmake_force_configure' from command line to 'False'
[7.617s] Level 5:colcon.colcon_core.verb:set package 'arm_bot' build argument 'ament_cmake_args' from command line to 'None'
[7.617s] Level 5:colcon.colcon_core.verb:set package 'arm_bot' build argument 'catkin_cmake_args' from command line to 'None'
[7.618s] Level 5:colcon.colcon_core.verb:set package 'arm_bot' build argument 'catkin_skip_building_tests' from command line to 'False'
[7.618s] DEBUG:colcon.colcon_core.verb:Building package 'arm_bot' with the following arguments: {'ament_cmake_args': None, 'build_base': '/home/dog/ros2_ws/build/arm_bot', 'catkin_cmake_args': None, 'catkin_skip_building_tests': False, 'cmake_args': None, 'cmake_clean_cache': False, 'cmake_clean_first': False, 'cmake_force_configure': False, 'cmake_target': None, 'cmake_target_skip_unavailable': False, 'install_base': '/home/dog/ros2_ws/install/arm_bot', 'merge_install': False, 'path': '/home/dog/ros2_ws/src/arm_bot', 'symlink_install': False, 'test_result_base': None}
[7.619s] INFO:colcon.colcon_core.executor:Executing jobs using 'parallel' executor
[7.627s] DEBUG:colcon.colcon_parallel_executor.executor.parallel:run_until_complete
[7.630s] INFO:colcon.colcon_ros.task.ament_python.build:Building ROS package in '/home/dog/ros2_ws/src/arm_bot' with build type 'ament_python'
[7.631s] Level 1:colcon.colcon_core.shell:create_environment_hook('arm_bot', 'ament_prefix_path')
[7.670s] INFO:colcon.colcon_core.plugin_system:Skipping extension 'colcon_core.shell.bat': Not used on non-Windows systems
[7.673s] INFO:colcon.colcon_core.shell:Creating environment hook '/home/dog/ros2_ws/install/arm_bot/share/arm_bot/hook/ament_prefix_path.ps1'
[7.687s] INFO:colcon.colcon_core.shell:Creating environment descriptor '/home/dog/ros2_ws/install/arm_bot/share/arm_bot/hook/ament_prefix_path.dsv'
[7.699s] INFO:colcon.colcon_core.shell:Creating environment hook '/home/dog/ros2_ws/install/arm_bot/share/arm_bot/hook/ament_prefix_path.sh'
[7.710s] INFO:colcon.colcon_core.shell:Skip shell extension 'powershell' for command environment: Not usable outside of PowerShell
[7.711s] DEBUG:colcon.colcon_core.shell:Skip shell extension 'dsv' for command environment
[10.381s] INFO:colcon.colcon_core.task.python.build:Building Python package in '/home/dog/ros2_ws/src/arm_bot'
[10.383s] INFO:colcon.colcon_core.shell:Skip shell extension 'powershell' for command environment: Not usable outside of PowerShell
[10.384s] DEBUG:colcon.colcon_core.shell:Skip shell extension 'dsv' for command environment
[15.208s] DEBUG:colcon.colcon_core.event_handler.log_command:Invoking command in '/home/dog/ros2_ws/src/arm_bot': PYTHONPATH=/home/dog/ros2_ws/build/arm_bot/prefix_override:/usr/lib/python3/dist-packages/colcon_core/task/python/colcon_distutils_commands:/home/dog/ros2_ws/install/arm_bot/lib/python3.8/site-packages:${PYTHONPATH} /usr/bin/python3 -W ignore:setup.py install is deprecated -W ignore:easy_install command is deprecated setup.py egg_info --egg-base ../../build/arm_bot build --build-base /home/dog/ros2_ws/build/arm_bot/build install --record /home/dog/ros2_ws/build/arm_bot/install.log --install-scripts $base/lib/arm_bot --single-version-externally-managed install_data
[18.502s] DEBUG:colcon.colcon_core.event_handler.log_command:Invoked command in '/home/dog/ros2_ws/src/arm_bot' returned '0': PYTHONPATH=/home/dog/ros2_ws/build/arm_bot/prefix_override:/usr/lib/python3/dist-packages/colcon_core/task/python/colcon_distutils_commands:/home/dog/ros2_ws/install/arm_bot/lib/python3.8/site-packages:${PYTHONPATH} /usr/bin/python3 -W ignore:setup.py install is deprecated -W ignore:easy_install command is deprecated setup.py egg_info --egg-base ../../build/arm_bot build --build-base /home/dog/ros2_ws/build/arm_bot/build install --record /home/dog/ros2_ws/build/arm_bot/install.log --install-scripts $base/lib/arm_bot --single-version-externally-managed install_data
[18.552s] Level 1:colcon.colcon_core.environment:checking '/home/dog/ros2_ws/install/arm_bot' for CMake module files
[18.559s] Level 1:colcon.colcon_core.environment:checking '/home/dog/ros2_ws/install/arm_bot' for CMake config files
[18.568s] Level 1:colcon.colcon_core.environment:checking '/home/dog/ros2_ws/install/arm_bot/lib'
[18.570s] Level 1:colcon.colcon_core.environment:checking '/home/dog/ros2_ws/install/arm_bot/bin'
[18.571s] Level 1:colcon.colcon_core.environment:checking '/home/dog/ros2_ws/install/arm_bot/lib/pkgconfig/arm_bot.pc'
[18.573s] Level 1:colcon.colcon_core.environment:checking '/home/dog/ros2_ws/install/arm_bot/lib/python3.8/site-packages'
[18.574s] Level 1:colcon.colcon_core.shell:create_environment_hook('arm_bot', 'pythonpath')
[18.576s] INFO:colcon.colcon_core.shell:Creating environment hook '/home/dog/ros2_ws/install/arm_bot/share/arm_bot/hook/pythonpath.ps1'
[18.581s] INFO:colcon.colcon_core.shell:Creating environment descriptor '/home/dog/ros2_ws/install/arm_bot/share/arm_bot/hook/pythonpath.dsv'
[18.586s] INFO:colcon.colcon_core.shell:Creating environment hook '/home/dog/ros2_ws/install/arm_bot/share/arm_bot/hook/pythonpath.sh'
[18.591s] Level 1:colcon.colcon_core.environment:checking '/home/dog/ros2_ws/install/arm_bot/bin'
[18.592s] Level 1:colcon.colcon_core.environment:create_environment_scripts_only(arm_bot)
[18.595s] INFO:colcon.colcon_core.shell:Creating package script '/home/dog/ros2_ws/install/arm_bot/share/arm_bot/package.ps1'
[18.605s] INFO:colcon.colcon_core.shell:Creating package descriptor '/home/dog/ros2_ws/install/arm_bot/share/arm_bot/package.dsv'
[18.612s] INFO:colcon.colcon_core.shell:Creating package script '/home/dog/ros2_ws/install/arm_bot/share/arm_bot/package.sh'
[18.621s] INFO:colcon.colcon_core.shell:Creating package script '/home/dog/ros2_ws/install/arm_bot/share/arm_bot/package.bash'
[18.632s] INFO:colcon.colcon_core.shell:Creating package script '/home/dog/ros2_ws/install/arm_bot/share/arm_bot/package.zsh'
[18.643s] Level 1:colcon.colcon_core.environment:create_file_with_runtime_dependencies(/home/dog/ros2_ws/install/arm_bot/share/colcon-core/packages/arm_bot)
[18.647s] DEBUG:colcon.colcon_parallel_executor.executor.parallel:closing loop
[18.649s] DEBUG:colcon.colcon_parallel_executor.executor.parallel:loop closed
[18.650s] DEBUG:colcon.colcon_parallel_executor.executor.parallel:run_until_complete finished with '0'
[18.650s] DEBUG:colcon.colcon_core.event_reactor:joining thread
[18.782s] INFO:colcon.colcon_core.plugin_system:Skipping extension 'colcon_notification.desktop_notification.notify_send': Could not find 'notify-send'
[18.783s] INFO:colcon.colcon_core.plugin_system:Skipping extension 'colcon_notification.desktop_notification.terminal_notifier': Not used on non-Darwin systems
[18.784s] INFO:colcon.colcon_core.plugin_system:Skipping extension 'colcon_notification.desktop_notification.win32': Not used on non-Windows systems
[18.784s] INFO:colcon.colcon_notification.desktop_notification:Sending desktop notification using 'notify2'
[19.124s] DEBUG:colcon.colcon_notification.desktop_notification.notify2:Failed to initialize notify2: org.freedesktop.DBus.Error.ServiceUnknown: The name org.freedesktop.Notifications was not provided by any .service files
[19.124s] DEBUG:colcon.colcon_core.event_reactor:joined thread
[19.127s] INFO:colcon.colcon_core.shell:Creating prefix script '/home/dog/ros2_ws/install/local_setup.ps1'
[19.141s] INFO:colcon.colcon_core.shell:Creating prefix util module '/home/dog/ros2_ws/install/_local_setup_util_ps1.py'
[19.158s] INFO:colcon.colcon_core.shell:Creating prefix chain script '/home/dog/ros2_ws/install/setup.ps1'
[19.171s] INFO:colcon.colcon_core.shell:Creating prefix script '/home/dog/ros2_ws/install/local_setup.sh'
[19.179s] INFO:colcon.colcon_core.shell:Creating prefix util module '/home/dog/ros2_ws/install/_local_setup_util_sh.py'
[19.185s] INFO:colcon.colcon_core.shell:Creating prefix chain script '/home/dog/ros2_ws/install/setup.sh'
[19.198s] INFO:colcon.colcon_core.shell:Creating prefix script '/home/dog/ros2_ws/install/local_setup.bash'
[19.204s] INFO:colcon.colcon_core.shell:Creating prefix chain script '/home/dog/ros2_ws/install/setup.bash'
[19.216s] INFO:colcon.colcon_core.shell:Creating prefix script '/home/dog/ros2_ws/install/local_setup.zsh'
[19.223s] INFO:colcon.colcon_core.shell:Creating prefix chain script '/home/dog/ros2_ws/install/setup.zsh'
