[1.376s] DEBUG:colcon:Command line arguments: ['/usr/bin/colcon', 'build']
[1.377s] DEBUG:colcon:Parsed command line arguments: Namespace(allow_overriding=[], ament_cmake_args=None, base_paths=['.'], build_base='build', catkin_cmake_args=None, catkin_skip_building_tests=False, cmake_args=None, cmake_clean_cache=False, cmake_clean_first=False, cmake_force_configure=False, cmake_target=None, cmake_target_skip_unavailable=False, continue_on_error=False, event_handlers=None, executor='parallel', ignore_user_meta=False, install_base='install', log_base=None, log_level=None, main=<bound method BuildVerb.main of <colcon_core.verb.build.BuildVerb object at 0x7fafa9c580>>, merge_install=False, metas=['./colcon.meta'], mixin=None, mixin_files=None, mixin_verb=('build',), packages_above=None, packages_above_and_dependencies=None, packages_above_depth=None, packages_end=None, packages_ignore=None, packages_ignore_regex=None, packages_select=None, packages_select_build_failed=False, packages_select_by_dep=None, packages_select_regex=None, packages_select_test_failures=False, packages_skip=None, packages_skip_build_finished=False, packages_skip_by_dep=None, packages_skip_regex=None, packages_skip_test_passed=False, packages_skip_up_to=None, packages_start=None, packages_up_to=None, packages_up_to_regex=None, parallel_workers=4, paths=None, symlink_install=False, test_result_base=None, verb_extension=<colcon_core.verb.build.BuildVerb object at 0x7fafa9c580>, verb_name='build', verb_parser=<colcon_mixin.mixin.mixin_argument.MixinArgumentDecorator object at 0x7faf9e8bb0>)
[2.426s] Level 1:colcon.colcon_core.package_discovery:discover_packages(colcon_meta) check parameters
[2.426s] Level 1:colcon.colcon_core.package_discovery:discover_packages(recursive) check parameters
[2.426s] Level 1:colcon.colcon_core.package_discovery:discover_packages(ignore) check parameters
[2.427s] Level 1:colcon.colcon_core.package_discovery:discover_packages(path) check parameters
[2.427s] Level 1:colcon.colcon_core.package_discovery:discover_packages(colcon_meta) discover
[2.427s] Level 1:colcon.colcon_core.package_discovery:discover_packages(recursive) discover
[2.427s] INFO:colcon.colcon_core.package_discovery:Crawling recursively for packages in '/home/jetson/Desktop/ros2_ws1'
[2.428s] Level 1:colcon.colcon_core.package_identification:_identify(.) by extensions ['ignore', 'ignore_ament_install']
[2.428s] Level 1:colcon.colcon_core.package_identification:_identify(.) by extension 'ignore'
[2.428s] Level 1:colcon.colcon_core.package_identification:_identify(.) by extension 'ignore_ament_install'
[2.429s] Level 1:colcon.colcon_core.package_identification:_identify(.) by extensions ['colcon_pkg']
[2.429s] Level 1:colcon.colcon_core.package_identification:_identify(.) by extension 'colcon_pkg'
[2.429s] Level 1:colcon.colcon_core.package_identification:_identify(.) by extensions ['colcon_meta']
[2.429s] Level 1:colcon.colcon_core.package_identification:_identify(.) by extension 'colcon_meta'
[2.429s] Level 1:colcon.colcon_core.package_identification:_identify(.) by extensions ['ros']
[2.429s] Level 1:colcon.colcon_core.package_identification:_identify(.) by extension 'ros'
[2.534s] Level 1:colcon.colcon_core.package_identification:_identify(.) by extensions ['cmake', 'python']
[2.535s] Level 1:colcon.colcon_core.package_identification:_identify(.) by extension 'cmake'
[2.535s] Level 1:colcon.colcon_core.package_identification:_identify(.) by extension 'python'
[2.535s] Level 1:colcon.colcon_core.package_identification:_identify(.) by extensions ['python_setup_py']
[2.535s] Level 1:colcon.colcon_core.package_identification:_identify(.) by extension 'python_setup_py'
[2.536s] Level 1:colcon.colcon_core.package_identification:_identify(build) by extensions ['ignore', 'ignore_ament_install']
[2.536s] Level 1:colcon.colcon_core.package_identification:_identify(build) by extension 'ignore'
[2.536s] Level 1:colcon.colcon_core.package_identification:_identify(build) ignored
[2.537s] Level 1:colcon.colcon_core.package_identification:_identify(install) by extensions ['ignore', 'ignore_ament_install']
[2.537s] Level 1:colcon.colcon_core.package_identification:_identify(install) by extension 'ignore'
[2.538s] Level 1:colcon.colcon_core.package_identification:_identify(install) ignored
[2.538s] Level 1:colcon.colcon_core.package_identification:_identify(launch) by extensions ['ignore', 'ignore_ament_install']
[2.538s] Level 1:colcon.colcon_core.package_identification:_identify(launch) by extension 'ignore'
[2.539s] Level 1:colcon.colcon_core.package_identification:_identify(launch) by extension 'ignore_ament_install'
[2.539s] Level 1:colcon.colcon_core.package_identification:_identify(launch) by extensions ['colcon_pkg']
[2.539s] Level 1:colcon.colcon_core.package_identification:_identify(launch) by extension 'colcon_pkg'
[2.539s] Level 1:colcon.colcon_core.package_identification:_identify(launch) by extensions ['colcon_meta']
[2.539s] Level 1:colcon.colcon_core.package_identification:_identify(launch) by extension 'colcon_meta'
[2.540s] Level 1:colcon.colcon_core.package_identification:_identify(launch) by extensions ['ros']
[2.540s] Level 1:colcon.colcon_core.package_identification:_identify(launch) by extension 'ros'
[2.540s] Level 1:colcon.colcon_core.package_identification:_identify(launch) by extensions ['cmake', 'python']
[2.540s] Level 1:colcon.colcon_core.package_identification:_identify(launch) by extension 'cmake'
[2.541s] Level 1:colcon.colcon_core.package_identification:_identify(launch) by extension 'python'
[2.541s] Level 1:colcon.colcon_core.package_identification:_identify(launch) by extensions ['python_setup_py']
[2.541s] Level 1:colcon.colcon_core.package_identification:_identify(launch) by extension 'python_setup_py'
[2.541s] Level 1:colcon.colcon_core.package_identification:_identify(launch/__pycache__) by extensions ['ignore', 'ignore_ament_install']
[2.542s] Level 1:colcon.colcon_core.package_identification:_identify(launch/__pycache__) by extension 'ignore'
[2.542s] Level 1:colcon.colcon_core.package_identification:_identify(launch/__pycache__) by extension 'ignore_ament_install'
[2.542s] Level 1:colcon.colcon_core.package_identification:_identify(launch/__pycache__) by extensions ['colcon_pkg']
[2.542s] Level 1:colcon.colcon_core.package_identification:_identify(launch/__pycache__) by extension 'colcon_pkg'
[2.543s] Level 1:colcon.colcon_core.package_identification:_identify(launch/__pycache__) by extensions ['colcon_meta']
[2.543s] Level 1:colcon.colcon_core.package_identification:_identify(launch/__pycache__) by extension 'colcon_meta'
[2.543s] Level 1:colcon.colcon_core.package_identification:_identify(launch/__pycache__) by extensions ['ros']
[2.543s] Level 1:colcon.colcon_core.package_identification:_identify(launch/__pycache__) by extension 'ros'
[2.543s] Level 1:colcon.colcon_core.package_identification:_identify(launch/__pycache__) by extensions ['cmake', 'python']
[2.544s] Level 1:colcon.colcon_core.package_identification:_identify(launch/__pycache__) by extension 'cmake'
[2.544s] Level 1:colcon.colcon_core.package_identification:_identify(launch/__pycache__) by extension 'python'
[2.544s] Level 1:colcon.colcon_core.package_identification:_identify(launch/__pycache__) by extensions ['python_setup_py']
[2.544s] Level 1:colcon.colcon_core.package_identification:_identify(launch/__pycache__) by extension 'python_setup_py'
[2.545s] Level 1:colcon.colcon_core.package_identification:_identify(log) by extensions ['ignore', 'ignore_ament_install']
[2.546s] Level 1:colcon.colcon_core.package_identification:_identify(log) by extension 'ignore'
[2.546s] Level 1:colcon.colcon_core.package_identification:_identify(log) ignored
[2.546s] Level 1:colcon.colcon_core.package_identification:_identify(src) by extensions ['ignore', 'ignore_ament_install']
[2.547s] Level 1:colcon.colcon_core.package_identification:_identify(src) by extension 'ignore'
[2.547s] Level 1:colcon.colcon_core.package_identification:_identify(src) by extension 'ignore_ament_install'
[2.547s] Level 1:colcon.colcon_core.package_identification:_identify(src) by extensions ['colcon_pkg']
[2.547s] Level 1:colcon.colcon_core.package_identification:_identify(src) by extension 'colcon_pkg'
[2.548s] Level 1:colcon.colcon_core.package_identification:_identify(src) by extensions ['colcon_meta']
[2.548s] Level 1:colcon.colcon_core.package_identification:_identify(src) by extension 'colcon_meta'
[2.548s] Level 1:colcon.colcon_core.package_identification:_identify(src) by extensions ['ros']
[2.548s] Level 1:colcon.colcon_core.package_identification:_identify(src) by extension 'ros'
[2.549s] Level 1:colcon.colcon_core.package_identification:_identify(src) by extensions ['cmake', 'python']
[2.549s] Level 1:colcon.colcon_core.package_identification:_identify(src) by extension 'cmake'
[2.549s] Level 1:colcon.colcon_core.package_identification:_identify(src) by extension 'python'
[2.549s] Level 1:colcon.colcon_core.package_identification:_identify(src) by extensions ['python_setup_py']
[2.549s] Level 1:colcon.colcon_core.package_identification:_identify(src) by extension 'python_setup_py'
[2.550s] Level 1:colcon.colcon_core.package_identification:_identify(src/arm_bot) by extensions ['ignore', 'ignore_ament_install']
[2.550s] Level 1:colcon.colcon_core.package_identification:_identify(src/arm_bot) by extension 'ignore'
[2.550s] Level 1:colcon.colcon_core.package_identification:_identify(src/arm_bot) by extension 'ignore_ament_install'
[2.551s] Level 1:colcon.colcon_core.package_identification:_identify(src/arm_bot) by extensions ['colcon_pkg']
[2.551s] Level 1:colcon.colcon_core.package_identification:_identify(src/arm_bot) by extension 'colcon_pkg'
[2.551s] Level 1:colcon.colcon_core.package_identification:_identify(src/arm_bot) by extensions ['colcon_meta']
[2.551s] Level 1:colcon.colcon_core.package_identification:_identify(src/arm_bot) by extension 'colcon_meta'
[2.551s] Level 1:colcon.colcon_core.package_identification:_identify(src/arm_bot) by extensions ['ros']
[2.551s] Level 1:colcon.colcon_core.package_identification:_identify(src/arm_bot) by extension 'ros'
[2.565s] DEBUG:colcon.colcon_core.package_identification:Package 'src/arm_bot' with type 'ros.ament_python' and name 'arm_bot'
[2.565s] Level 1:colcon.colcon_core.package_discovery:discover_packages(recursive) using defaults
[2.566s] Level 1:colcon.colcon_core.package_discovery:discover_packages(ignore) discover
[2.566s] Level 1:colcon.colcon_core.package_discovery:discover_packages(ignore) using defaults
[2.566s] Level 1:colcon.colcon_core.package_discovery:discover_packages(path) discover
[2.566s] Level 1:colcon.colcon_core.package_discovery:discover_packages(path) using defaults
[2.673s] Level 1:colcon.colcon_core.package_discovery:discover_packages(prefix_path) check parameters
[2.674s] Level 1:colcon.colcon_core.package_discovery:discover_packages(prefix_path) discover
[2.688s] DEBUG:colcon.colcon_installed_package_information.package_discovery:Found 256 installed packages in /opt/ros/foxy
[2.696s] Level 1:colcon.colcon_core.package_discovery:discover_packages(prefix_path) using defaults
[3.032s] Level 5:colcon.colcon_core.verb:set package 'arm_bot' build argument 'cmake_args' from command line to 'None'
[3.033s] Level 5:colcon.colcon_core.verb:set package 'arm_bot' build argument 'cmake_target' from command line to 'None'
[3.033s] Level 5:colcon.colcon_core.verb:set package 'arm_bot' build argument 'cmake_target_skip_unavailable' from command line to 'False'
[3.033s] Level 5:colcon.colcon_core.verb:set package 'arm_bot' build argument 'cmake_clean_cache' from command line to 'False'
[3.033s] Level 5:colcon.colcon_core.verb:set package 'arm_bot' build argument 'cmake_clean_first' from command line to 'False'
[3.033s] Level 5:colcon.colcon_core.verb:set package 'arm_bot' build argument 'cmake_force_configure' from command line to 'False'
[3.033s] Level 5:colcon.colcon_core.verb:set package 'arm_bot' build argument 'ament_cmake_args' from command line to 'None'
[3.033s] Level 5:colcon.colcon_core.verb:set package 'arm_bot' build argument 'catkin_cmake_args' from command line to 'None'
[3.033s] Level 5:colcon.colcon_core.verb:set package 'arm_bot' build argument 'catkin_skip_building_tests' from command line to 'False'
[3.034s] DEBUG:colcon.colcon_core.verb:Building package 'arm_bot' with the following arguments: {'ament_cmake_args': None, 'build_base': '/home/jetson/Desktop/ros2_ws1/build/arm_bot', 'catkin_cmake_args': None, 'catkin_skip_building_tests': False, 'cmake_args': None, 'cmake_clean_cache': False, 'cmake_clean_first': False, 'cmake_force_configure': False, 'cmake_target': None, 'cmake_target_skip_unavailable': False, 'install_base': '/home/jetson/Desktop/ros2_ws1/install/arm_bot', 'merge_install': False, 'path': '/home/jetson/Desktop/ros2_ws1/src/arm_bot', 'symlink_install': False, 'test_result_base': None}
[3.034s] INFO:colcon.colcon_core.executor:Executing jobs using 'parallel' executor
[3.038s] DEBUG:colcon.colcon_parallel_executor.executor.parallel:run_until_complete
[3.039s] INFO:colcon.colcon_ros.task.ament_python.build:Building ROS package in '/home/jetson/Desktop/ros2_ws1/src/arm_bot' with build type 'ament_python'
[3.040s] Level 1:colcon.colcon_core.shell:create_environment_hook('arm_bot', 'ament_prefix_path')
[3.054s] INFO:colcon.colcon_core.plugin_system:Skipping extension 'colcon_core.shell.bat': Not used on non-Windows systems
[3.054s] INFO:colcon.colcon_core.shell:Creating environment hook '/home/jetson/Desktop/ros2_ws1/install/arm_bot/share/arm_bot/hook/ament_prefix_path.ps1'
[3.058s] INFO:colcon.colcon_core.shell:Creating environment descriptor '/home/jetson/Desktop/ros2_ws1/install/arm_bot/share/arm_bot/hook/ament_prefix_path.dsv'
[3.061s] INFO:colcon.colcon_core.shell:Creating environment hook '/home/jetson/Desktop/ros2_ws1/install/arm_bot/share/arm_bot/hook/ament_prefix_path.sh'
[3.067s] INFO:colcon.colcon_core.shell:Skip shell extension 'powershell' for command environment: Not usable outside of PowerShell
[3.067s] DEBUG:colcon.colcon_core.shell:Skip shell extension 'dsv' for command environment
[4.416s] INFO:colcon.colcon_core.task.python.build:Building Python package in '/home/jetson/Desktop/ros2_ws1/src/arm_bot'
[4.418s] INFO:colcon.colcon_core.shell:Skip shell extension 'powershell' for command environment: Not usable outside of PowerShell
[4.418s] DEBUG:colcon.colcon_core.shell:Skip shell extension 'dsv' for command environment
[6.383s] DEBUG:colcon.colcon_core.event_handler.log_command:Invoking command in '/home/jetson/Desktop/ros2_ws1/src/arm_bot': PYTHONPATH=/home/jetson/Desktop/ros2_ws1/build/arm_bot/prefix_override:/usr/lib/python3/dist-packages/colcon_core/task/python/colcon_distutils_commands:/home/jetson/Desktop/ros2_ws1/install/arm_bot/lib/python3.8/site-packages:${PYTHONPATH} /usr/bin/python3 -W ignore:setup.py install is deprecated -W ignore:easy_install command is deprecated setup.py egg_info --egg-base ../../build/arm_bot build --build-base /home/jetson/Desktop/ros2_ws1/build/arm_bot/build install --record /home/jetson/Desktop/ros2_ws1/build/arm_bot/install.log --install-scripts $base/lib/arm_bot --single-version-externally-managed install_data
[7.956s] DEBUG:colcon.colcon_core.event_handler.log_command:Invoked command in '/home/jetson/Desktop/ros2_ws1/src/arm_bot' returned '0': PYTHONPATH=/home/jetson/Desktop/ros2_ws1/build/arm_bot/prefix_override:/usr/lib/python3/dist-packages/colcon_core/task/python/colcon_distutils_commands:/home/jetson/Desktop/ros2_ws1/install/arm_bot/lib/python3.8/site-packages:${PYTHONPATH} /usr/bin/python3 -W ignore:setup.py install is deprecated -W ignore:easy_install command is deprecated setup.py egg_info --egg-base ../../build/arm_bot build --build-base /home/jetson/Desktop/ros2_ws1/build/arm_bot/build install --record /home/jetson/Desktop/ros2_ws1/build/arm_bot/install.log --install-scripts $base/lib/arm_bot --single-version-externally-managed install_data
[7.980s] Level 1:colcon.colcon_core.environment:checking '/home/jetson/Desktop/ros2_ws1/install/arm_bot' for CMake module files
[7.983s] Level 1:colcon.colcon_core.environment:checking '/home/jetson/Desktop/ros2_ws1/install/arm_bot' for CMake config files
[7.987s] Level 1:colcon.colcon_core.environment:checking '/home/jetson/Desktop/ros2_ws1/install/arm_bot/lib'
[7.988s] Level 1:colcon.colcon_core.environment:checking '/home/jetson/Desktop/ros2_ws1/install/arm_bot/bin'
[7.988s] Level 1:colcon.colcon_core.environment:checking '/home/jetson/Desktop/ros2_ws1/install/arm_bot/lib/pkgconfig/arm_bot.pc'
[7.989s] Level 1:colcon.colcon_core.environment:checking '/home/jetson/Desktop/ros2_ws1/install/arm_bot/lib/python3.8/site-packages'
[7.990s] Level 1:colcon.colcon_core.shell:create_environment_hook('arm_bot', 'pythonpath')
[7.991s] INFO:colcon.colcon_core.shell:Creating environment hook '/home/jetson/Desktop/ros2_ws1/install/arm_bot/share/arm_bot/hook/pythonpath.ps1'
[7.993s] INFO:colcon.colcon_core.shell:Creating environment descriptor '/home/jetson/Desktop/ros2_ws1/install/arm_bot/share/arm_bot/hook/pythonpath.dsv'
[7.996s] INFO:colcon.colcon_core.shell:Creating environment hook '/home/jetson/Desktop/ros2_ws1/install/arm_bot/share/arm_bot/hook/pythonpath.sh'
[7.999s] Level 1:colcon.colcon_core.environment:checking '/home/jetson/Desktop/ros2_ws1/install/arm_bot/bin'
[7.999s] Level 1:colcon.colcon_core.environment:create_environment_scripts_only(arm_bot)
[8.001s] INFO:colcon.colcon_core.shell:Creating package script '/home/jetson/Desktop/ros2_ws1/install/arm_bot/share/arm_bot/package.ps1'
[8.007s] INFO:colcon.colcon_core.shell:Creating package descriptor '/home/jetson/Desktop/ros2_ws1/install/arm_bot/share/arm_bot/package.dsv'
[8.010s] INFO:colcon.colcon_core.shell:Creating package script '/home/jetson/Desktop/ros2_ws1/install/arm_bot/share/arm_bot/package.sh'
[8.015s] INFO:colcon.colcon_core.shell:Creating package script '/home/jetson/Desktop/ros2_ws1/install/arm_bot/share/arm_bot/package.bash'
[8.019s] INFO:colcon.colcon_core.shell:Creating package script '/home/jetson/Desktop/ros2_ws1/install/arm_bot/share/arm_bot/package.zsh'
[8.023s] Level 1:colcon.colcon_core.environment:create_file_with_runtime_dependencies(/home/jetson/Desktop/ros2_ws1/install/arm_bot/share/colcon-core/packages/arm_bot)
[8.024s] DEBUG:colcon.colcon_parallel_executor.executor.parallel:closing loop
[8.026s] DEBUG:colcon.colcon_parallel_executor.executor.parallel:loop closed
[8.026s] DEBUG:colcon.colcon_parallel_executor.executor.parallel:run_until_complete finished with '0'
[8.027s] DEBUG:colcon.colcon_core.event_reactor:joining thread
[8.066s] INFO:colcon.colcon_core.plugin_system:Skipping extension 'colcon_notification.desktop_notification.terminal_notifier': Not used on non-Darwin systems
[8.066s] INFO:colcon.colcon_core.plugin_system:Skipping extension 'colcon_notification.desktop_notification.win32': Not used on non-Windows systems
[8.066s] INFO:colcon.colcon_notification.desktop_notification:Sending desktop notification using 'notify2'
[8.168s] DEBUG:colcon.colcon_core.event_reactor:joined thread
[8.169s] INFO:colcon.colcon_core.shell:Creating prefix script '/home/jetson/Desktop/ros2_ws1/install/local_setup.ps1'
[8.174s] INFO:colcon.colcon_core.shell:Creating prefix util module '/home/jetson/Desktop/ros2_ws1/install/_local_setup_util_ps1.py'
[8.182s] INFO:colcon.colcon_core.shell:Creating prefix chain script '/home/jetson/Desktop/ros2_ws1/install/setup.ps1'
[8.187s] INFO:colcon.colcon_core.shell:Creating prefix script '/home/jetson/Desktop/ros2_ws1/install/local_setup.sh'
[8.190s] INFO:colcon.colcon_core.shell:Creating prefix util module '/home/jetson/Desktop/ros2_ws1/install/_local_setup_util_sh.py'
[8.193s] INFO:colcon.colcon_core.shell:Creating prefix chain script '/home/jetson/Desktop/ros2_ws1/install/setup.sh'
[8.199s] INFO:colcon.colcon_core.shell:Creating prefix script '/home/jetson/Desktop/ros2_ws1/install/local_setup.bash'
[8.202s] INFO:colcon.colcon_core.shell:Creating prefix chain script '/home/jetson/Desktop/ros2_ws1/install/setup.bash'
[8.206s] INFO:colcon.colcon_core.shell:Creating prefix script '/home/jetson/Desktop/ros2_ws1/install/local_setup.zsh'
[8.211s] INFO:colcon.colcon_core.shell:Creating prefix chain script '/home/jetson/Desktop/ros2_ws1/install/setup.zsh'
