[2.180s] DEBUG:colcon:Command line arguments: ['/usr/bin/colcon', 'build']
[2.181s] DEBUG:colcon:Parsed command line arguments: Namespace(allow_overriding=[], ament_cmake_args=None, base_paths=['.'], build_base='build', catkin_cmake_args=None, catkin_skip_building_tests=False, cmake_args=None, cmake_clean_cache=False, cmake_clean_first=False, cmake_force_configure=False, cmake_target=None, cmake_target_skip_unavailable=False, continue_on_error=False, event_handlers=None, executor='parallel', ignore_user_meta=False, install_base='install', log_base=None, log_level=None, main=<bound method BuildVerb.main of <colcon_core.verb.build.BuildVerb object at 0xffffb55dd2e0>>, merge_install=False, metas=['./colcon.meta'], mixin=None, mixin_files=None, mixin_verb=('build',), packages_above=None, packages_above_and_dependencies=None, packages_above_depth=None, packages_end=None, packages_ignore=None, packages_ignore_regex=None, packages_select=None, packages_select_build_failed=False, packages_select_by_dep=None, packages_select_regex=None, packages_select_test_failures=False, packages_skip=None, packages_skip_build_finished=False, packages_skip_by_dep=None, packages_skip_regex=None, packages_skip_test_passed=False, packages_skip_up_to=None, packages_start=None, packages_up_to=None, packages_up_to_regex=None, parallel_workers=4, paths=None, symlink_install=False, test_result_base=None, verb_extension=<colcon_core.verb.build.BuildVerb object at 0xffffb55dd2e0>, verb_name='build', verb_parser=<colcon_mixin.mixin.mixin_argument.MixinArgumentDecorator object at 0xffffb54b3940>)
[3.969s] Level 1:colcon.colcon_core.package_discovery:discover_packages(colcon_meta) check parameters
[3.970s] Level 1:colcon.colcon_core.package_discovery:discover_packages(recursive) check parameters
[3.971s] Level 1:colcon.colcon_core.package_discovery:discover_packages(ignore) check parameters
[3.971s] Level 1:colcon.colcon_core.package_discovery:discover_packages(path) check parameters
[3.971s] Level 1:colcon.colcon_core.package_discovery:discover_packages(colcon_meta) discover
[3.972s] Level 1:colcon.colcon_core.package_discovery:discover_packages(recursive) discover
[3.972s] INFO:colcon.colcon_core.package_discovery:Crawling recursively for packages in '/home/dog/ros2_ws'
[3.973s] Level 1:colcon.colcon_core.package_identification:_identify(.) by extensions ['ignore', 'ignore_ament_install']
[3.974s] Level 1:colcon.colcon_core.package_identification:_identify(.) by extension 'ignore'
[3.975s] Level 1:colcon.colcon_core.package_identification:_identify(.) by extension 'ignore_ament_install'
[3.975s] Level 1:colcon.colcon_core.package_identification:_identify(.) by extensions ['colcon_pkg']
[3.976s] Level 1:colcon.colcon_core.package_identification:_identify(.) by extension 'colcon_pkg'
[3.976s] Level 1:colcon.colcon_core.package_identification:_identify(.) by extensions ['colcon_meta']
[3.976s] Level 1:colcon.colcon_core.package_identification:_identify(.) by extension 'colcon_meta'
[3.977s] Level 1:colcon.colcon_core.package_identification:_identify(.) by extensions ['ros']
[3.977s] Level 1:colcon.colcon_core.package_identification:_identify(.) by extension 'ros'
[4.089s] Level 1:colcon.colcon_core.package_identification:_identify(.) by extensions ['cmake', 'python']
[4.090s] Level 1:colcon.colcon_core.package_identification:_identify(.) by extension 'cmake'
[4.090s] Level 1:colcon.colcon_core.package_identification:_identify(.) by extension 'python'
[4.091s] Level 1:colcon.colcon_core.package_identification:_identify(.) by extensions ['python_setup_py']
[4.091s] Level 1:colcon.colcon_core.package_identification:_identify(.) by extension 'python_setup_py'
[4.092s] Level 1:colcon.colcon_core.package_identification:_identify(build) by extensions ['ignore', 'ignore_ament_install']
[4.093s] Level 1:colcon.colcon_core.package_identification:_identify(build) by extension 'ignore'
[4.094s] Level 1:colcon.colcon_core.package_identification:_identify(build) ignored
[4.095s] Level 1:colcon.colcon_core.package_identification:_identify(install) by extensions ['ignore', 'ignore_ament_install']
[4.096s] Level 1:colcon.colcon_core.package_identification:_identify(install) by extension 'ignore'
[4.096s] Level 1:colcon.colcon_core.package_identification:_identify(install) ignored
[4.098s] Level 1:colcon.colcon_core.package_identification:_identify(launch) by extensions ['ignore', 'ignore_ament_install']
[4.098s] Level 1:colcon.colcon_core.package_identification:_identify(launch) by extension 'ignore'
[4.099s] Level 1:colcon.colcon_core.package_identification:_identify(launch) by extension 'ignore_ament_install'
[4.099s] Level 1:colcon.colcon_core.package_identification:_identify(launch) by extensions ['colcon_pkg']
[4.100s] Level 1:colcon.colcon_core.package_identification:_identify(launch) by extension 'colcon_pkg'
[4.100s] Level 1:colcon.colcon_core.package_identification:_identify(launch) by extensions ['colcon_meta']
[4.101s] Level 1:colcon.colcon_core.package_identification:_identify(launch) by extension 'colcon_meta'
[4.101s] Level 1:colcon.colcon_core.package_identification:_identify(launch) by extensions ['ros']
[4.101s] Level 1:colcon.colcon_core.package_identification:_identify(launch) by extension 'ros'
[4.102s] Level 1:colcon.colcon_core.package_identification:_identify(launch) by extensions ['cmake', 'python']
[4.103s] Level 1:colcon.colcon_core.package_identification:_identify(launch) by extension 'cmake'
[4.103s] Level 1:colcon.colcon_core.package_identification:_identify(launch) by extension 'python'
[4.104s] Level 1:colcon.colcon_core.package_identification:_identify(launch) by extensions ['python_setup_py']
[4.104s] Level 1:colcon.colcon_core.package_identification:_identify(launch) by extension 'python_setup_py'
[4.105s] Level 1:colcon.colcon_core.package_identification:_identify(launch/__pycache__) by extensions ['ignore', 'ignore_ament_install']
[4.106s] Level 1:colcon.colcon_core.package_identification:_identify(launch/__pycache__) by extension 'ignore'
[4.107s] Level 1:colcon.colcon_core.package_identification:_identify(launch/__pycache__) by extension 'ignore_ament_install'
[4.107s] Level 1:colcon.colcon_core.package_identification:_identify(launch/__pycache__) by extensions ['colcon_pkg']
[4.107s] Level 1:colcon.colcon_core.package_identification:_identify(launch/__pycache__) by extension 'colcon_pkg'
[4.108s] Level 1:colcon.colcon_core.package_identification:_identify(launch/__pycache__) by extensions ['colcon_meta']
[4.108s] Level 1:colcon.colcon_core.package_identification:_identify(launch/__pycache__) by extension 'colcon_meta'
[4.109s] Level 1:colcon.colcon_core.package_identification:_identify(launch/__pycache__) by extensions ['ros']
[4.109s] Level 1:colcon.colcon_core.package_identification:_identify(launch/__pycache__) by extension 'ros'
[4.110s] Level 1:colcon.colcon_core.package_identification:_identify(launch/__pycache__) by extensions ['cmake', 'python']
[4.110s] Level 1:colcon.colcon_core.package_identification:_identify(launch/__pycache__) by extension 'cmake'
[4.111s] Level 1:colcon.colcon_core.package_identification:_identify(launch/__pycache__) by extension 'python'
[4.111s] Level 1:colcon.colcon_core.package_identification:_identify(launch/__pycache__) by extensions ['python_setup_py']
[4.112s] Level 1:colcon.colcon_core.package_identification:_identify(launch/__pycache__) by extension 'python_setup_py'
[4.114s] Level 1:colcon.colcon_core.package_identification:_identify(log) by extensions ['ignore', 'ignore_ament_install']
[4.115s] Level 1:colcon.colcon_core.package_identification:_identify(log) by extension 'ignore'
[4.115s] Level 1:colcon.colcon_core.package_identification:_identify(log) ignored
[4.116s] Level 1:colcon.colcon_core.package_identification:_identify(src) by extensions ['ignore', 'ignore_ament_install']
[4.117s] Level 1:colcon.colcon_core.package_identification:_identify(src) by extension 'ignore'
[4.117s] Level 1:colcon.colcon_core.package_identification:_identify(src) by extension 'ignore_ament_install'
[4.118s] Level 1:colcon.colcon_core.package_identification:_identify(src) by extensions ['colcon_pkg']
[4.118s] Level 1:colcon.colcon_core.package_identification:_identify(src) by extension 'colcon_pkg'
[4.119s] Level 1:colcon.colcon_core.package_identification:_identify(src) by extensions ['colcon_meta']
[4.119s] Level 1:colcon.colcon_core.package_identification:_identify(src) by extension 'colcon_meta'
[4.120s] Level 1:colcon.colcon_core.package_identification:_identify(src) by extensions ['ros']
[4.120s] Level 1:colcon.colcon_core.package_identification:_identify(src) by extension 'ros'
[4.121s] Level 1:colcon.colcon_core.package_identification:_identify(src) by extensions ['cmake', 'python']
[4.121s] Level 1:colcon.colcon_core.package_identification:_identify(src) by extension 'cmake'
[4.122s] Level 1:colcon.colcon_core.package_identification:_identify(src) by extension 'python'
[4.122s] Level 1:colcon.colcon_core.package_identification:_identify(src) by extensions ['python_setup_py']
[4.123s] Level 1:colcon.colcon_core.package_identification:_identify(src) by extension 'python_setup_py'
[4.124s] Level 1:colcon.colcon_core.package_identification:_identify(src/arm_bot) by extensions ['ignore', 'ignore_ament_install']
[4.124s] Level 1:colcon.colcon_core.package_identification:_identify(src/arm_bot) by extension 'ignore'
[4.125s] Level 1:colcon.colcon_core.package_identification:_identify(src/arm_bot) by extension 'ignore_ament_install'
[4.126s] Level 1:colcon.colcon_core.package_identification:_identify(src/arm_bot) by extensions ['colcon_pkg']
[4.126s] Level 1:colcon.colcon_core.package_identification:_identify(src/arm_bot) by extension 'colcon_pkg'
[4.127s] Level 1:colcon.colcon_core.package_identification:_identify(src/arm_bot) by extensions ['colcon_meta']
[4.127s] Level 1:colcon.colcon_core.package_identification:_identify(src/arm_bot) by extension 'colcon_meta'
[4.127s] Level 1:colcon.colcon_core.package_identification:_identify(src/arm_bot) by extensions ['ros']
[4.128s] Level 1:colcon.colcon_core.package_identification:_identify(src/arm_bot) by extension 'ros'
[4.148s] DEBUG:colcon.colcon_core.package_identification:Package 'src/arm_bot' with type 'ros.ament_python' and name 'arm_bot'
[4.149s] Level 1:colcon.colcon_core.package_discovery:discover_packages(recursive) using defaults
[4.150s] Level 1:colcon.colcon_core.package_discovery:discover_packages(ignore) discover
[4.150s] Level 1:colcon.colcon_core.package_discovery:discover_packages(ignore) using defaults
[4.150s] Level 1:colcon.colcon_core.package_discovery:discover_packages(path) discover
[4.150s] Level 1:colcon.colcon_core.package_discovery:discover_packages(path) using defaults
[4.303s] Level 1:colcon.colcon_core.package_discovery:discover_packages(prefix_path) check parameters
[4.304s] Level 1:colcon.colcon_core.package_discovery:discover_packages(prefix_path) discover
[4.322s] DEBUG:colcon.colcon_installed_package_information.package_discovery:Found 2 installed packages in /home/dog/ros2_ws/install
[4.341s] DEBUG:colcon.colcon_installed_package_information.package_discovery:Found 256 installed packages in /opt/ros/foxy
[4.368s] Level 1:colcon.colcon_core.package_discovery:discover_packages(prefix_path) using defaults
[5.311s] Level 5:colcon.colcon_core.verb:set package 'arm_bot' build argument 'cmake_args' from command line to 'None'
[5.311s] Level 5:colcon.colcon_core.verb:set package 'arm_bot' build argument 'cmake_target' from command line to 'None'
[5.312s] Level 5:colcon.colcon_core.verb:set package 'arm_bot' build argument 'cmake_target_skip_unavailable' from command line to 'False'
[5.312s] Level 5:colcon.colcon_core.verb:set package 'arm_bot' build argument 'cmake_clean_cache' from command line to 'False'
[5.312s] Level 5:colcon.colcon_core.verb:set package 'arm_bot' build argument 'cmake_clean_first' from command line to 'False'
[5.312s] Level 5:colcon.colcon_core.verb:set package 'arm_bot' build argument 'cmake_force_configure' from command line to 'False'
[5.313s] Level 5:colcon.colcon_core.verb:set package 'arm_bot' build argument 'ament_cmake_args' from command line to 'None'
[5.313s] Level 5:colcon.colcon_core.verb:set package 'arm_bot' build argument 'catkin_cmake_args' from command line to 'None'
[5.313s] Level 5:colcon.colcon_core.verb:set package 'arm_bot' build argument 'catkin_skip_building_tests' from command line to 'False'
[5.314s] DEBUG:colcon.colcon_core.verb:Building package 'arm_bot' with the following arguments: {'ament_cmake_args': None, 'build_base': '/home/dog/ros2_ws/build/arm_bot', 'catkin_cmake_args': None, 'catkin_skip_building_tests': False, 'cmake_args': None, 'cmake_clean_cache': False, 'cmake_clean_first': False, 'cmake_force_configure': False, 'cmake_target': None, 'cmake_target_skip_unavailable': False, 'install_base': '/home/dog/ros2_ws/install/arm_bot', 'merge_install': False, 'path': '/home/dog/ros2_ws/src/arm_bot', 'symlink_install': False, 'test_result_base': None}
[5.315s] INFO:colcon.colcon_core.executor:Executing jobs using 'parallel' executor
[5.323s] DEBUG:colcon.colcon_parallel_executor.executor.parallel:run_until_complete
[5.325s] INFO:colcon.colcon_ros.task.ament_python.build:Building ROS package in '/home/dog/ros2_ws/src/arm_bot' with build type 'ament_python'
[5.327s] Level 1:colcon.colcon_core.shell:create_environment_hook('arm_bot', 'ament_prefix_path')
[5.347s] INFO:colcon.colcon_core.plugin_system:Skipping extension 'colcon_core.shell.bat': Not used on non-Windows systems
[5.350s] INFO:colcon.colcon_core.shell:Creating environment hook '/home/dog/ros2_ws/install/arm_bot/share/arm_bot/hook/ament_prefix_path.ps1'
[5.355s] INFO:colcon.colcon_core.shell:Creating environment descriptor '/home/dog/ros2_ws/install/arm_bot/share/arm_bot/hook/ament_prefix_path.dsv'
[5.361s] INFO:colcon.colcon_core.shell:Creating environment hook '/home/dog/ros2_ws/install/arm_bot/share/arm_bot/hook/ament_prefix_path.sh'
[5.369s] INFO:colcon.colcon_core.shell:Skip shell extension 'powershell' for command environment: Not usable outside of PowerShell
[5.370s] DEBUG:colcon.colcon_core.shell:Skip shell extension 'dsv' for command environment
[7.853s] INFO:colcon.colcon_core.task.python.build:Building Python package in '/home/dog/ros2_ws/src/arm_bot'
[7.856s] INFO:colcon.colcon_core.shell:Skip shell extension 'powershell' for command environment: Not usable outside of PowerShell
[7.857s] DEBUG:colcon.colcon_core.shell:Skip shell extension 'dsv' for command environment
[11.956s] DEBUG:colcon.colcon_core.event_handler.log_command:Invoking command in '/home/dog/ros2_ws/src/arm_bot': PYTHONPATH=/home/dog/ros2_ws/build/arm_bot/prefix_override:/usr/lib/python3/dist-packages/colcon_core/task/python/colcon_distutils_commands:/home/dog/ros2_ws/install/arm_bot/lib/python3.8/site-packages:${PYTHONPATH} /usr/bin/python3 -W ignore:setup.py install is deprecated -W ignore:easy_install command is deprecated setup.py egg_info --egg-base ../../build/arm_bot build --build-base /home/dog/ros2_ws/build/arm_bot/build install --record /home/dog/ros2_ws/build/arm_bot/install.log --install-scripts $base/lib/arm_bot --single-version-externally-managed install_data
[15.163s] DEBUG:colcon.colcon_core.event_handler.log_command:Invoked command in '/home/dog/ros2_ws/src/arm_bot' returned '0': PYTHONPATH=/home/dog/ros2_ws/build/arm_bot/prefix_override:/usr/lib/python3/dist-packages/colcon_core/task/python/colcon_distutils_commands:/home/dog/ros2_ws/install/arm_bot/lib/python3.8/site-packages:${PYTHONPATH} /usr/bin/python3 -W ignore:setup.py install is deprecated -W ignore:easy_install command is deprecated setup.py egg_info --egg-base ../../build/arm_bot build --build-base /home/dog/ros2_ws/build/arm_bot/build install --record /home/dog/ros2_ws/build/arm_bot/install.log --install-scripts $base/lib/arm_bot --single-version-externally-managed install_data
[15.188s] Level 1:colcon.colcon_core.environment:checking '/home/dog/ros2_ws/install/arm_bot' for CMake module files
[15.194s] Level 1:colcon.colcon_core.environment:checking '/home/dog/ros2_ws/install/arm_bot' for CMake config files
[15.202s] Level 1:colcon.colcon_core.environment:checking '/home/dog/ros2_ws/install/arm_bot/lib'
[15.204s] Level 1:colcon.colcon_core.environment:checking '/home/dog/ros2_ws/install/arm_bot/bin'
[15.205s] Level 1:colcon.colcon_core.environment:checking '/home/dog/ros2_ws/install/arm_bot/lib/pkgconfig/arm_bot.pc'
[15.207s] Level 1:colcon.colcon_core.environment:checking '/home/dog/ros2_ws/install/arm_bot/lib/python3.8/site-packages'
[15.208s] Level 1:colcon.colcon_core.shell:create_environment_hook('arm_bot', 'pythonpath')
[15.210s] INFO:colcon.colcon_core.shell:Creating environment hook '/home/dog/ros2_ws/install/arm_bot/share/arm_bot/hook/pythonpath.ps1'
[15.214s] INFO:colcon.colcon_core.shell:Creating environment descriptor '/home/dog/ros2_ws/install/arm_bot/share/arm_bot/hook/pythonpath.dsv'
[15.218s] INFO:colcon.colcon_core.shell:Creating environment hook '/home/dog/ros2_ws/install/arm_bot/share/arm_bot/hook/pythonpath.sh'
[15.224s] Level 1:colcon.colcon_core.environment:checking '/home/dog/ros2_ws/install/arm_bot/bin'
[15.225s] Level 1:colcon.colcon_core.environment:create_environment_scripts_only(arm_bot)
[15.228s] INFO:colcon.colcon_core.shell:Creating package script '/home/dog/ros2_ws/install/arm_bot/share/arm_bot/package.ps1'
[15.236s] INFO:colcon.colcon_core.shell:Creating package descriptor '/home/dog/ros2_ws/install/arm_bot/share/arm_bot/package.dsv'
[15.243s] INFO:colcon.colcon_core.shell:Creating package script '/home/dog/ros2_ws/install/arm_bot/share/arm_bot/package.sh'
[15.252s] INFO:colcon.colcon_core.shell:Creating package script '/home/dog/ros2_ws/install/arm_bot/share/arm_bot/package.bash'
[15.260s] INFO:colcon.colcon_core.shell:Creating package script '/home/dog/ros2_ws/install/arm_bot/share/arm_bot/package.zsh'
[15.268s] Level 1:colcon.colcon_core.environment:create_file_with_runtime_dependencies(/home/dog/ros2_ws/install/arm_bot/share/colcon-core/packages/arm_bot)
[15.272s] DEBUG:colcon.colcon_parallel_executor.executor.parallel:closing loop
[15.274s] DEBUG:colcon.colcon_parallel_executor.executor.parallel:loop closed
[15.275s] DEBUG:colcon.colcon_parallel_executor.executor.parallel:run_until_complete finished with '0'
[15.275s] DEBUG:colcon.colcon_core.event_reactor:joining thread
[15.324s] INFO:colcon.colcon_core.plugin_system:Skipping extension 'colcon_notification.desktop_notification.notify_send': Could not find 'notify-send'
[15.325s] INFO:colcon.colcon_core.plugin_system:Skipping extension 'colcon_notification.desktop_notification.terminal_notifier': Not used on non-Darwin systems
[15.325s] INFO:colcon.colcon_core.plugin_system:Skipping extension 'colcon_notification.desktop_notification.win32': Not used on non-Windows systems
[15.326s] INFO:colcon.colcon_notification.desktop_notification:Sending desktop notification using 'notify2'
[15.331s] DEBUG:colcon.colcon_notification.desktop_notification.notify2:Failed to initialize notify2: org.freedesktop.DBus.Error.ServiceUnknown: The name org.freedesktop.Notifications was not provided by any .service files
[15.332s] DEBUG:colcon.colcon_core.event_reactor:joined thread
[15.335s] INFO:colcon.colcon_core.shell:Creating prefix script '/home/dog/ros2_ws/install/local_setup.ps1'
[15.345s] INFO:colcon.colcon_core.shell:Creating prefix util module '/home/dog/ros2_ws/install/_local_setup_util_ps1.py'
[15.361s] INFO:colcon.colcon_core.shell:Creating prefix chain script '/home/dog/ros2_ws/install/setup.ps1'
[15.373s] INFO:colcon.colcon_core.shell:Creating prefix script '/home/dog/ros2_ws/install/local_setup.sh'
[15.379s] INFO:colcon.colcon_core.shell:Creating prefix util module '/home/dog/ros2_ws/install/_local_setup_util_sh.py'
[15.385s] INFO:colcon.colcon_core.shell:Creating prefix chain script '/home/dog/ros2_ws/install/setup.sh'
[15.396s] INFO:colcon.colcon_core.shell:Creating prefix script '/home/dog/ros2_ws/install/local_setup.bash'
[15.401s] INFO:colcon.colcon_core.shell:Creating prefix chain script '/home/dog/ros2_ws/install/setup.bash'
[15.412s] INFO:colcon.colcon_core.shell:Creating prefix script '/home/dog/ros2_ws/install/local_setup.zsh'
[15.417s] INFO:colcon.colcon_core.shell:Creating prefix chain script '/home/dog/ros2_ws/install/setup.zsh'
