[6.615s] Invoking command in '/home/dog/ros2_ws/src/arm_bot': PYTHONPATH=/home/dog/ros2_ws/build/arm_bot/prefix_override:/usr/lib/python3/dist-packages/colcon_core/task/python/colcon_distutils_commands:/home/dog/ros2_ws/install/arm_bot/lib/python3.8/site-packages:${PYTHONPATH} /usr/bin/python3 -W ignore:setup.py install is deprecated -W ignore:easy_install command is deprecated setup.py egg_info --egg-base ../../build/arm_bot build --build-base /home/dog/ros2_ws/build/arm_bot/build install --record /home/dog/ros2_ws/build/arm_bot/install.log --install-scripts $base/lib/arm_bot --single-version-externally-managed install_data
[8.954s] running egg_info
[8.961s] writing ../../build/arm_bot/arm_bot.egg-info/PKG-INFO
[8.963s] writing dependency_links to ../../build/arm_bot/arm_bot.egg-info/dependency_links.txt
[8.965s] writing entry points to ../../build/arm_bot/arm_bot.egg-info/entry_points.txt
[8.968s] writing requirements to ../../build/arm_bot/arm_bot.egg-info/requires.txt
[8.969s] writing top-level names to ../../build/arm_bot/arm_bot.egg-info/top_level.txt
[9.327s] reading manifest file '../../build/arm_bot/arm_bot.egg-info/SOURCES.txt'
[9.336s] writing manifest file '../../build/arm_bot/arm_bot.egg-info/SOURCES.txt'
[9.338s] running build
[9.339s] running build_py
[9.341s] copying arm_bot/sub_sensinfo.py -> /home/dog/ros2_ws/build/arm_bot/build/lib/arm_bot
[9.347s] running install
[9.354s] running install_lib
[9.364s] copying /home/dog/ros2_ws/build/arm_bot/build/lib/arm_bot/sub_sensinfo.py -> /home/dog/ros2_ws/install/arm_bot/lib/python3.8/site-packages/arm_bot
[9.372s] byte-compiling /home/dog/ros2_ws/install/arm_bot/lib/python3.8/site-packages/arm_bot/sub_sensinfo.py to sub_sensinfo.cpython-38.pyc
[9.391s] running install_data
[9.392s] running install_egg_info
[9.406s] removing '/home/dog/ros2_ws/install/arm_bot/lib/python3.8/site-packages/arm_bot-0.0.1-py3.8.egg-info' (and everything under it)
[9.410s] Copying ../../build/arm_bot/arm_bot.egg-info to /home/dog/ros2_ws/install/arm_bot/lib/python3.8/site-packages/arm_bot-0.0.1-py3.8.egg-info
[9.420s] running install_scripts
[9.572s] Installing keyboard script to /home/dog/ros2_ws/install/arm_bot/lib/arm_bot
[9.574s] Installing my_node script to /home/dog/ros2_ws/install/arm_bot/lib/arm_bot
[9.576s] Installing sens_info script to /home/dog/ros2_ws/install/arm_bot/lib/arm_bot
[9.578s] Installing sensors script to /home/dog/ros2_ws/install/arm_bot/lib/arm_bot
[9.579s] Installing servoes script to /home/dog/ros2_ws/install/arm_bot/lib/arm_bot
[9.584s] writing list of installed files to '/home/dog/ros2_ws/build/arm_bot/install.log'
[9.797s] Invoked command in '/home/dog/ros2_ws/src/arm_bot' returned '0': PYTHONPATH=/home/dog/ros2_ws/build/arm_bot/prefix_override:/usr/lib/python3/dist-packages/colcon_core/task/python/colcon_distutils_commands:/home/dog/ros2_ws/install/arm_bot/lib/python3.8/site-packages:${PYTHONPATH} /usr/bin/python3 -W ignore:setup.py install is deprecated -W ignore:easy_install command is deprecated setup.py egg_info --egg-base ../../build/arm_bot build --build-base /home/dog/ros2_ws/build/arm_bot/build install --record /home/dog/ros2_ws/build/arm_bot/install.log --install-scripts $base/lib/arm_bot --single-version-externally-managed install_data
