[2.456s] DEBUG:colcon:Command line arguments: ['/usr/bin/colcon', 'build']
[2.457s] DEBUG:colcon:Parsed command line arguments: Namespace(allow_overriding=[], ament_cmake_args=None, base_paths=['.'], build_base='build', catkin_cmake_args=None, catkin_skip_building_tests=False, cmake_args=None, cmake_clean_cache=False, cmake_clean_first=False, cmake_force_configure=False, cmake_target=None, cmake_target_skip_unavailable=False, continue_on_error=False, event_handlers=None, executor='parallel', ignore_user_meta=False, install_base='install', log_base=None, log_level=None, main=<bound method BuildVerb.main of <colcon_core.verb.build.BuildVerb object at 0xffffaccf82e0>>, merge_install=False, metas=['./colcon.meta'], mixin=None, mixin_files=None, mixin_verb=('build',), packages_above=None, packages_above_and_dependencies=None, packages_above_depth=None, packages_end=None, packages_ignore=None, packages_ignore_regex=None, packages_select=None, packages_select_build_failed=False, packages_select_by_dep=None, packages_select_regex=None, packages_select_test_failures=False, packages_skip=None, packages_skip_build_finished=False, packages_skip_by_dep=None, packages_skip_regex=None, packages_skip_test_passed=False, packages_skip_up_to=None, packages_start=None, packages_up_to=None, packages_up_to_regex=None, parallel_workers=4, paths=None, symlink_install=False, test_result_base=None, verb_extension=<colcon_core.verb.build.BuildVerb object at 0xffffaccf82e0>, verb_name='build', verb_parser=<colcon_mixin.mixin.mixin_argument.MixinArgumentDecorator object at 0xffffacbcd940>)
[4.231s] Level 1:colcon.colcon_core.package_discovery:discover_packages(colcon_meta) check parameters
[4.232s] Level 1:colcon.colcon_core.package_discovery:discover_packages(recursive) check parameters
[4.232s] Level 1:colcon.colcon_core.package_discovery:discover_packages(ignore) check parameters
[4.232s] Level 1:colcon.colcon_core.package_discovery:discover_packages(path) check parameters
[4.233s] Level 1:colcon.colcon_core.package_discovery:discover_packages(colcon_meta) discover
[4.233s] Level 1:colcon.colcon_core.package_discovery:discover_packages(recursive) discover
[4.233s] INFO:colcon.colcon_core.package_discovery:Crawling recursively for packages in '/home/dog/ros2_ws'
[4.234s] Level 1:colcon.colcon_core.package_identification:_identify(.) by extensions ['ignore', 'ignore_ament_install']
[4.235s] Level 1:colcon.colcon_core.package_identification:_identify(.) by extension 'ignore'
[4.236s] Level 1:colcon.colcon_core.package_identification:_identify(.) by extension 'ignore_ament_install'
[4.236s] Level 1:colcon.colcon_core.package_identification:_identify(.) by extensions ['colcon_pkg']
[4.237s] Level 1:colcon.colcon_core.package_identification:_identify(.) by extension 'colcon_pkg'
[4.237s] Level 1:colcon.colcon_core.package_identification:_identify(.) by extensions ['colcon_meta']
[4.237s] Level 1:colcon.colcon_core.package_identification:_identify(.) by extension 'colcon_meta'
[4.238s] Level 1:colcon.colcon_core.package_identification:_identify(.) by extensions ['ros']
[4.238s] Level 1:colcon.colcon_core.package_identification:_identify(.) by extension 'ros'
[4.350s] Level 1:colcon.colcon_core.package_identification:_identify(.) by extensions ['cmake', 'python']
[4.351s] Level 1:colcon.colcon_core.package_identification:_identify(.) by extension 'cmake'
[4.351s] Level 1:colcon.colcon_core.package_identification:_identify(.) by extension 'python'
[4.352s] Level 1:colcon.colcon_core.package_identification:_identify(.) by extensions ['python_setup_py']
[4.352s] Level 1:colcon.colcon_core.package_identification:_identify(.) by extension 'python_setup_py'
[4.353s] Level 1:colcon.colcon_core.package_identification:_identify(build) by extensions ['ignore', 'ignore_ament_install']
[4.354s] Level 1:colcon.colcon_core.package_identification:_identify(build) by extension 'ignore'
[4.355s] Level 1:colcon.colcon_core.package_identification:_identify(build) ignored
[4.356s] Level 1:colcon.colcon_core.package_identification:_identify(install) by extensions ['ignore', 'ignore_ament_install']
[4.357s] Level 1:colcon.colcon_core.package_identification:_identify(install) by extension 'ignore'
[4.357s] Level 1:colcon.colcon_core.package_identification:_identify(install) ignored
[4.358s] Level 1:colcon.colcon_core.package_identification:_identify(launch) by extensions ['ignore', 'ignore_ament_install']
[4.359s] Level 1:colcon.colcon_core.package_identification:_identify(launch) by extension 'ignore'
[4.360s] Level 1:colcon.colcon_core.package_identification:_identify(launch) by extension 'ignore_ament_install'
[4.360s] Level 1:colcon.colcon_core.package_identification:_identify(launch) by extensions ['colcon_pkg']
[4.361s] Level 1:colcon.colcon_core.package_identification:_identify(launch) by extension 'colcon_pkg'
[4.361s] Level 1:colcon.colcon_core.package_identification:_identify(launch) by extensions ['colcon_meta']
[4.361s] Level 1:colcon.colcon_core.package_identification:_identify(launch) by extension 'colcon_meta'
[4.362s] Level 1:colcon.colcon_core.package_identification:_identify(launch) by extensions ['ros']
[4.362s] Level 1:colcon.colcon_core.package_identification:_identify(launch) by extension 'ros'
[4.363s] Level 1:colcon.colcon_core.package_identification:_identify(launch) by extensions ['cmake', 'python']
[4.363s] Level 1:colcon.colcon_core.package_identification:_identify(launch) by extension 'cmake'
[4.364s] Level 1:colcon.colcon_core.package_identification:_identify(launch) by extension 'python'
[4.364s] Level 1:colcon.colcon_core.package_identification:_identify(launch) by extensions ['python_setup_py']
[4.365s] Level 1:colcon.colcon_core.package_identification:_identify(launch) by extension 'python_setup_py'
[4.366s] Level 1:colcon.colcon_core.package_identification:_identify(launch/__pycache__) by extensions ['ignore', 'ignore_ament_install']
[4.366s] Level 1:colcon.colcon_core.package_identification:_identify(launch/__pycache__) by extension 'ignore'
[4.367s] Level 1:colcon.colcon_core.package_identification:_identify(launch/__pycache__) by extension 'ignore_ament_install'
[4.368s] Level 1:colcon.colcon_core.package_identification:_identify(launch/__pycache__) by extensions ['colcon_pkg']
[4.368s] Level 1:colcon.colcon_core.package_identification:_identify(launch/__pycache__) by extension 'colcon_pkg'
[4.368s] Level 1:colcon.colcon_core.package_identification:_identify(launch/__pycache__) by extensions ['colcon_meta']
[4.369s] Level 1:colcon.colcon_core.package_identification:_identify(launch/__pycache__) by extension 'colcon_meta'
[4.369s] Level 1:colcon.colcon_core.package_identification:_identify(launch/__pycache__) by extensions ['ros']
[4.370s] Level 1:colcon.colcon_core.package_identification:_identify(launch/__pycache__) by extension 'ros'
[4.370s] Level 1:colcon.colcon_core.package_identification:_identify(launch/__pycache__) by extensions ['cmake', 'python']
[4.371s] Level 1:colcon.colcon_core.package_identification:_identify(launch/__pycache__) by extension 'cmake'
[4.371s] Level 1:colcon.colcon_core.package_identification:_identify(launch/__pycache__) by extension 'python'
[4.372s] Level 1:colcon.colcon_core.package_identification:_identify(launch/__pycache__) by extensions ['python_setup_py']
[4.372s] Level 1:colcon.colcon_core.package_identification:_identify(launch/__pycache__) by extension 'python_setup_py'
[4.374s] Level 1:colcon.colcon_core.package_identification:_identify(log) by extensions ['ignore', 'ignore_ament_install']
[4.375s] Level 1:colcon.colcon_core.package_identification:_identify(log) by extension 'ignore'
[4.375s] Level 1:colcon.colcon_core.package_identification:_identify(log) ignored
[4.376s] Level 1:colcon.colcon_core.package_identification:_identify(src) by extensions ['ignore', 'ignore_ament_install']
[4.377s] Level 1:colcon.colcon_core.package_identification:_identify(src) by extension 'ignore'
[4.378s] Level 1:colcon.colcon_core.package_identification:_identify(src) by extension 'ignore_ament_install'
[4.378s] Level 1:colcon.colcon_core.package_identification:_identify(src) by extensions ['colcon_pkg']
[4.378s] Level 1:colcon.colcon_core.package_identification:_identify(src) by extension 'colcon_pkg'
[4.379s] Level 1:colcon.colcon_core.package_identification:_identify(src) by extensions ['colcon_meta']
[4.379s] Level 1:colcon.colcon_core.package_identification:_identify(src) by extension 'colcon_meta'
[4.380s] Level 1:colcon.colcon_core.package_identification:_identify(src) by extensions ['ros']
[4.380s] Level 1:colcon.colcon_core.package_identification:_identify(src) by extension 'ros'
[4.381s] Level 1:colcon.colcon_core.package_identification:_identify(src) by extensions ['cmake', 'python']
[4.381s] Level 1:colcon.colcon_core.package_identification:_identify(src) by extension 'cmake'
[4.382s] Level 1:colcon.colcon_core.package_identification:_identify(src) by extension 'python'
[4.382s] Level 1:colcon.colcon_core.package_identification:_identify(src) by extensions ['python_setup_py']
[4.382s] Level 1:colcon.colcon_core.package_identification:_identify(src) by extension 'python_setup_py'
[4.384s] Level 1:colcon.colcon_core.package_identification:_identify(src/arm_bot) by extensions ['ignore', 'ignore_ament_install']
[4.385s] Level 1:colcon.colcon_core.package_identification:_identify(src/arm_bot) by extension 'ignore'
[4.385s] Level 1:colcon.colcon_core.package_identification:_identify(src/arm_bot) by extension 'ignore_ament_install'
[4.386s] Level 1:colcon.colcon_core.package_identification:_identify(src/arm_bot) by extensions ['colcon_pkg']
[4.386s] Level 1:colcon.colcon_core.package_identification:_identify(src/arm_bot) by extension 'colcon_pkg'
[4.386s] Level 1:colcon.colcon_core.package_identification:_identify(src/arm_bot) by extensions ['colcon_meta']
[4.387s] Level 1:colcon.colcon_core.package_identification:_identify(src/arm_bot) by extension 'colcon_meta'
[4.387s] Level 1:colcon.colcon_core.package_identification:_identify(src/arm_bot) by extensions ['ros']
[4.388s] Level 1:colcon.colcon_core.package_identification:_identify(src/arm_bot) by extension 'ros'
[4.408s] DEBUG:colcon.colcon_core.package_identification:Package 'src/arm_bot' with type 'ros.ament_python' and name 'arm_bot'
[4.409s] Level 1:colcon.colcon_core.package_discovery:discover_packages(recursive) using defaults
[4.410s] Level 1:colcon.colcon_core.package_discovery:discover_packages(ignore) discover
[4.410s] Level 1:colcon.colcon_core.package_discovery:discover_packages(ignore) using defaults
[4.410s] Level 1:colcon.colcon_core.package_discovery:discover_packages(path) discover
[4.410s] Level 1:colcon.colcon_core.package_discovery:discover_packages(path) using defaults
[4.559s] Level 1:colcon.colcon_core.package_discovery:discover_packages(prefix_path) check parameters
[4.559s] Level 1:colcon.colcon_core.package_discovery:discover_packages(prefix_path) discover
[4.578s] DEBUG:colcon.colcon_installed_package_information.package_discovery:Found 2 installed packages in /home/dog/ros2_ws/install
[4.597s] DEBUG:colcon.colcon_installed_package_information.package_discovery:Found 256 installed packages in /opt/ros/foxy
[4.624s] Level 1:colcon.colcon_core.package_discovery:discover_packages(prefix_path) using defaults
[5.570s] Level 5:colcon.colcon_core.verb:set package 'arm_bot' build argument 'cmake_args' from command line to 'None'
[5.571s] Level 5:colcon.colcon_core.verb:set package 'arm_bot' build argument 'cmake_target' from command line to 'None'
[5.571s] Level 5:colcon.colcon_core.verb:set package 'arm_bot' build argument 'cmake_target_skip_unavailable' from command line to 'False'
[5.571s] Level 5:colcon.colcon_core.verb:set package 'arm_bot' build argument 'cmake_clean_cache' from command line to 'False'
[5.572s] Level 5:colcon.colcon_core.verb:set package 'arm_bot' build argument 'cmake_clean_first' from command line to 'False'
[5.572s] Level 5:colcon.colcon_core.verb:set package 'arm_bot' build argument 'cmake_force_configure' from command line to 'False'
[5.572s] Level 5:colcon.colcon_core.verb:set package 'arm_bot' build argument 'ament_cmake_args' from command line to 'None'
[5.572s] Level 5:colcon.colcon_core.verb:set package 'arm_bot' build argument 'catkin_cmake_args' from command line to 'None'
[5.573s] Level 5:colcon.colcon_core.verb:set package 'arm_bot' build argument 'catkin_skip_building_tests' from command line to 'False'
[5.573s] DEBUG:colcon.colcon_core.verb:Building package 'arm_bot' with the following arguments: {'ament_cmake_args': None, 'build_base': '/home/dog/ros2_ws/build/arm_bot', 'catkin_cmake_args': None, 'catkin_skip_building_tests': False, 'cmake_args': None, 'cmake_clean_cache': False, 'cmake_clean_first': False, 'cmake_force_configure': False, 'cmake_target': None, 'cmake_target_skip_unavailable': False, 'install_base': '/home/dog/ros2_ws/install/arm_bot', 'merge_install': False, 'path': '/home/dog/ros2_ws/src/arm_bot', 'symlink_install': False, 'test_result_base': None}
[5.575s] INFO:colcon.colcon_core.executor:Executing jobs using 'parallel' executor
[5.582s] DEBUG:colcon.colcon_parallel_executor.executor.parallel:run_until_complete
[5.585s] INFO:colcon.colcon_ros.task.ament_python.build:Building ROS package in '/home/dog/ros2_ws/src/arm_bot' with build type 'ament_python'
[5.586s] Level 1:colcon.colcon_core.shell:create_environment_hook('arm_bot', 'ament_prefix_path')
[5.607s] INFO:colcon.colcon_core.plugin_system:Skipping extension 'colcon_core.shell.bat': Not used on non-Windows systems
[5.610s] INFO:colcon.colcon_core.shell:Creating environment hook '/home/dog/ros2_ws/install/arm_bot/share/arm_bot/hook/ament_prefix_path.ps1'
[5.616s] INFO:colcon.colcon_core.shell:Creating environment descriptor '/home/dog/ros2_ws/install/arm_bot/share/arm_bot/hook/ament_prefix_path.dsv'
[5.622s] INFO:colcon.colcon_core.shell:Creating environment hook '/home/dog/ros2_ws/install/arm_bot/share/arm_bot/hook/ament_prefix_path.sh'
[5.631s] INFO:colcon.colcon_core.shell:Skip shell extension 'powershell' for command environment: Not usable outside of PowerShell
[5.632s] DEBUG:colcon.colcon_core.shell:Skip shell extension 'dsv' for command environment
[8.106s] INFO:colcon.colcon_core.task.python.build:Building Python package in '/home/dog/ros2_ws/src/arm_bot'
[8.109s] INFO:colcon.colcon_core.shell:Skip shell extension 'powershell' for command environment: Not usable outside of PowerShell
[8.109s] DEBUG:colcon.colcon_core.shell:Skip shell extension 'dsv' for command environment
[12.216s] DEBUG:colcon.colcon_core.event_handler.log_command:Invoking command in '/home/dog/ros2_ws/src/arm_bot': PYTHONPATH=/home/dog/ros2_ws/build/arm_bot/prefix_override:/usr/lib/python3/dist-packages/colcon_core/task/python/colcon_distutils_commands:/home/dog/ros2_ws/install/arm_bot/lib/python3.8/site-packages:${PYTHONPATH} /usr/bin/python3 -W ignore:setup.py install is deprecated -W ignore:easy_install command is deprecated setup.py egg_info --egg-base ../../build/arm_bot build --build-base /home/dog/ros2_ws/build/arm_bot/build install --record /home/dog/ros2_ws/build/arm_bot/install.log --install-scripts $base/lib/arm_bot --single-version-externally-managed install_data
[15.422s] DEBUG:colcon.colcon_core.event_handler.log_command:Invoked command in '/home/dog/ros2_ws/src/arm_bot' returned '0': PYTHONPATH=/home/dog/ros2_ws/build/arm_bot/prefix_override:/usr/lib/python3/dist-packages/colcon_core/task/python/colcon_distutils_commands:/home/dog/ros2_ws/install/arm_bot/lib/python3.8/site-packages:${PYTHONPATH} /usr/bin/python3 -W ignore:setup.py install is deprecated -W ignore:easy_install command is deprecated setup.py egg_info --egg-base ../../build/arm_bot build --build-base /home/dog/ros2_ws/build/arm_bot/build install --record /home/dog/ros2_ws/build/arm_bot/install.log --install-scripts $base/lib/arm_bot --single-version-externally-managed install_data
[15.448s] Level 1:colcon.colcon_core.environment:checking '/home/dog/ros2_ws/install/arm_bot' for CMake module files
[15.454s] Level 1:colcon.colcon_core.environment:checking '/home/dog/ros2_ws/install/arm_bot' for CMake config files
[15.462s] Level 1:colcon.colcon_core.environment:checking '/home/dog/ros2_ws/install/arm_bot/lib'
[15.464s] Level 1:colcon.colcon_core.environment:checking '/home/dog/ros2_ws/install/arm_bot/bin'
[15.465s] Level 1:colcon.colcon_core.environment:checking '/home/dog/ros2_ws/install/arm_bot/lib/pkgconfig/arm_bot.pc'
[15.467s] Level 1:colcon.colcon_core.environment:checking '/home/dog/ros2_ws/install/arm_bot/lib/python3.8/site-packages'
[15.468s] Level 1:colcon.colcon_core.shell:create_environment_hook('arm_bot', 'pythonpath')
[15.470s] INFO:colcon.colcon_core.shell:Creating environment hook '/home/dog/ros2_ws/install/arm_bot/share/arm_bot/hook/pythonpath.ps1'
[15.474s] INFO:colcon.colcon_core.shell:Creating environment descriptor '/home/dog/ros2_ws/install/arm_bot/share/arm_bot/hook/pythonpath.dsv'
[15.478s] INFO:colcon.colcon_core.shell:Creating environment hook '/home/dog/ros2_ws/install/arm_bot/share/arm_bot/hook/pythonpath.sh'
[15.484s] Level 1:colcon.colcon_core.environment:checking '/home/dog/ros2_ws/install/arm_bot/bin'
[15.485s] Level 1:colcon.colcon_core.environment:create_environment_scripts_only(arm_bot)
[15.488s] INFO:colcon.colcon_core.shell:Creating package script '/home/dog/ros2_ws/install/arm_bot/share/arm_bot/package.ps1'
[15.496s] INFO:colcon.colcon_core.shell:Creating package descriptor '/home/dog/ros2_ws/install/arm_bot/share/arm_bot/package.dsv'
[15.503s] INFO:colcon.colcon_core.shell:Creating package script '/home/dog/ros2_ws/install/arm_bot/share/arm_bot/package.sh'
[15.512s] INFO:colcon.colcon_core.shell:Creating package script '/home/dog/ros2_ws/install/arm_bot/share/arm_bot/package.bash'
[15.520s] INFO:colcon.colcon_core.shell:Creating package script '/home/dog/ros2_ws/install/arm_bot/share/arm_bot/package.zsh'
[15.528s] Level 1:colcon.colcon_core.environment:create_file_with_runtime_dependencies(/home/dog/ros2_ws/install/arm_bot/share/colcon-core/packages/arm_bot)
[15.531s] DEBUG:colcon.colcon_parallel_executor.executor.parallel:closing loop
[15.533s] DEBUG:colcon.colcon_parallel_executor.executor.parallel:loop closed
[15.534s] DEBUG:colcon.colcon_parallel_executor.executor.parallel:run_until_complete finished with '0'
[15.535s] DEBUG:colcon.colcon_core.event_reactor:joining thread
[15.584s] INFO:colcon.colcon_core.plugin_system:Skipping extension 'colcon_notification.desktop_notification.notify_send': Could not find 'notify-send'
[15.585s] INFO:colcon.colcon_core.plugin_system:Skipping extension 'colcon_notification.desktop_notification.terminal_notifier': Not used on non-Darwin systems
[15.586s] INFO:colcon.colcon_core.plugin_system:Skipping extension 'colcon_notification.desktop_notification.win32': Not used on non-Windows systems
[15.586s] INFO:colcon.colcon_notification.desktop_notification:Sending desktop notification using 'notify2'
[15.592s] DEBUG:colcon.colcon_notification.desktop_notification.notify2:Failed to initialize notify2: org.freedesktop.DBus.Error.ServiceUnknown: The name org.freedesktop.Notifications was not provided by any .service files
[15.593s] DEBUG:colcon.colcon_core.event_reactor:joined thread
[15.595s] INFO:colcon.colcon_core.shell:Creating prefix script '/home/dog/ros2_ws/install/local_setup.ps1'
[15.604s] INFO:colcon.colcon_core.shell:Creating prefix util module '/home/dog/ros2_ws/install/_local_setup_util_ps1.py'
[15.621s] INFO:colcon.colcon_core.shell:Creating prefix chain script '/home/dog/ros2_ws/install/setup.ps1'
[15.632s] INFO:colcon.colcon_core.shell:Creating prefix script '/home/dog/ros2_ws/install/local_setup.sh'
[15.638s] INFO:colcon.colcon_core.shell:Creating prefix util module '/home/dog/ros2_ws/install/_local_setup_util_sh.py'
[15.644s] INFO:colcon.colcon_core.shell:Creating prefix chain script '/home/dog/ros2_ws/install/setup.sh'
[15.655s] INFO:colcon.colcon_core.shell:Creating prefix script '/home/dog/ros2_ws/install/local_setup.bash'
[15.660s] INFO:colcon.colcon_core.shell:Creating prefix chain script '/home/dog/ros2_ws/install/setup.bash'
[15.671s] INFO:colcon.colcon_core.shell:Creating prefix script '/home/dog/ros2_ws/install/local_setup.zsh'
[15.676s] INFO:colcon.colcon_core.shell:Creating prefix chain script '/home/dog/ros2_ws/install/setup.zsh'
