[6.288s] Invoking command in '/home/dog/ros2_ws/src/arm_bot': PYTHONPATH=/home/dog/ros2_ws/build/arm_bot/prefix_override:/usr/lib/python3/dist-packages/colcon_core/task/python/colcon_distutils_commands:/home/dog/ros2_ws/install/arm_bot/lib/python3.8/site-packages:${PYTHONPATH} /usr/bin/python3 -W ignore:setup.py install is deprecated -W ignore:easy_install command is deprecated setup.py egg_info --egg-base ../../build/arm_bot build --build-base /home/dog/ros2_ws/build/arm_bot/build install --record /home/dog/ros2_ws/build/arm_bot/install.log --install-scripts $base/lib/arm_bot --single-version-externally-managed install_data
[8.521s] running egg_info
[8.527s] writing ../../build/arm_bot/arm_bot.egg-info/PKG-INFO
[8.529s] writing dependency_links to ../../build/arm_bot/arm_bot.egg-info/dependency_links.txt
[8.531s] writing entry points to ../../build/arm_bot/arm_bot.egg-info/entry_points.txt
[8.533s] writing requirements to ../../build/arm_bot/arm_bot.egg-info/requires.txt
[8.534s] writing top-level names to ../../build/arm_bot/arm_bot.egg-info/top_level.txt
[8.892s] reading manifest file '../../build/arm_bot/arm_bot.egg-info/SOURCES.txt'
[8.901s] writing manifest file '../../build/arm_bot/arm_bot.egg-info/SOURCES.txt'
[8.903s] running build
[8.904s] running build_py
[8.905s] running install
[8.912s] running install_lib
[8.925s] running install_data
[8.927s] running install_egg_info
[8.941s] removing '/home/dog/ros2_ws/install/arm_bot/lib/python3.8/site-packages/arm_bot-0.0.0-py3.8.egg-info' (and everything under it)
[8.945s] Copying ../../build/arm_bot/arm_bot.egg-info to /home/dog/ros2_ws/install/arm_bot/lib/python3.8/site-packages/arm_bot-0.0.0-py3.8.egg-info
[8.955s] running install_scripts
[9.106s] Installing my_node script to /home/dog/ros2_ws/install/arm_bot/lib/arm_bot
[9.109s] writing list of installed files to '/home/dog/ros2_ws/build/arm_bot/install.log'
[9.315s] Invoked command in '/home/dog/ros2_ws/src/arm_bot' returned '0': PYTHONPATH=/home/dog/ros2_ws/build/arm_bot/prefix_override:/usr/lib/python3/dist-packages/colcon_core/task/python/colcon_distutils_commands:/home/dog/ros2_ws/install/arm_bot/lib/python3.8/site-packages:${PYTHONPATH} /usr/bin/python3 -W ignore:setup.py install is deprecated -W ignore:easy_install command is deprecated setup.py egg_info --egg-base ../../build/arm_bot build --build-base /home/dog/ros2_ws/build/arm_bot/build install --record /home/dog/ros2_ws/build/arm_bot/install.log --install-scripts $base/lib/arm_bot --single-version-externally-managed install_data
