[2.518s] DEBUG:colcon:Command line arguments: ['/usr/bin/colcon', 'build']
[2.519s] DEBUG:colcon:Parsed command line arguments: Namespace(allow_overriding=[], ament_cmake_args=None, base_paths=['.'], build_base='build', catkin_cmake_args=None, catkin_skip_building_tests=False, cmake_args=None, cmake_clean_cache=False, cmake_clean_first=False, cmake_force_configure=False, cmake_target=None, cmake_target_skip_unavailable=False, continue_on_error=False, event_handlers=None, executor='parallel', ignore_user_meta=False, install_base='install', log_base=None, log_level=None, main=<bound method BuildVerb.main of <colcon_core.verb.build.BuildVerb object at 0xffffb2876f70>>, merge_install=False, metas=['./colcon.meta'], mixin=None, mixin_files=None, mixin_verb=('build',), packages_above=None, packages_above_and_dependencies=None, packages_above_depth=None, packages_end=None, packages_ignore=None, packages_ignore_regex=None, packages_select=None, packages_select_build_failed=False, packages_select_by_dep=None, packages_select_regex=None, packages_select_test_failures=False, packages_skip=None, packages_skip_build_finished=False, packages_skip_by_dep=None, packages_skip_regex=None, packages_skip_test_passed=False, packages_skip_up_to=None, packages_start=None, packages_up_to=None, packages_up_to_regex=None, parallel_workers=4, paths=None, symlink_install=False, test_result_base=None, verb_extension=<colcon_core.verb.build.BuildVerb object at 0xffffb2876f70>, verb_name='build', verb_parser=<colcon_mixin.mixin.mixin_argument.MixinArgumentDecorator object at 0xffffb2758640>)
[4.415s] Level 1:colcon.colcon_core.package_discovery:discover_packages(colcon_meta) check parameters
[4.416s] Level 1:colcon.colcon_core.package_discovery:discover_packages(recursive) check parameters
[4.417s] Level 1:colcon.colcon_core.package_discovery:discover_packages(ignore) check parameters
[4.417s] Level 1:colcon.colcon_core.package_discovery:discover_packages(path) check parameters
[4.417s] Level 1:colcon.colcon_core.package_discovery:discover_packages(colcon_meta) discover
[4.418s] Level 1:colcon.colcon_core.package_discovery:discover_packages(recursive) discover
[4.418s] INFO:colcon.colcon_core.package_discovery:Crawling recursively for packages in '/home/dog/ros2_ws'
[4.419s] Level 1:colcon.colcon_core.package_identification:_identify(.) by extensions ['ignore', 'ignore_ament_install']
[4.420s] Level 1:colcon.colcon_core.package_identification:_identify(.) by extension 'ignore'
[4.420s] Level 1:colcon.colcon_core.package_identification:_identify(.) by extension 'ignore_ament_install'
[4.421s] Level 1:colcon.colcon_core.package_identification:_identify(.) by extensions ['colcon_pkg']
[4.421s] Level 1:colcon.colcon_core.package_identification:_identify(.) by extension 'colcon_pkg'
[4.422s] Level 1:colcon.colcon_core.package_identification:_identify(.) by extensions ['colcon_meta']
[4.422s] Level 1:colcon.colcon_core.package_identification:_identify(.) by extension 'colcon_meta'
[4.422s] Level 1:colcon.colcon_core.package_identification:_identify(.) by extensions ['ros']
[4.423s] Level 1:colcon.colcon_core.package_identification:_identify(.) by extension 'ros'
[4.594s] Level 1:colcon.colcon_core.package_identification:_identify(.) by extensions ['cmake', 'python']
[4.595s] Level 1:colcon.colcon_core.package_identification:_identify(.) by extension 'cmake'
[4.595s] Level 1:colcon.colcon_core.package_identification:_identify(.) by extension 'python'
[4.596s] Level 1:colcon.colcon_core.package_identification:_identify(.) by extensions ['python_setup_py']
[4.596s] Level 1:colcon.colcon_core.package_identification:_identify(.) by extension 'python_setup_py'
[4.597s] Level 1:colcon.colcon_core.package_identification:_identify(build) by extensions ['ignore', 'ignore_ament_install']
[4.598s] Level 1:colcon.colcon_core.package_identification:_identify(build) by extension 'ignore'
[4.598s] Level 1:colcon.colcon_core.package_identification:_identify(build) ignored
[4.600s] Level 1:colcon.colcon_core.package_identification:_identify(install) by extensions ['ignore', 'ignore_ament_install']
[4.601s] Level 1:colcon.colcon_core.package_identification:_identify(install) by extension 'ignore'
[4.601s] Level 1:colcon.colcon_core.package_identification:_identify(install) ignored
[4.602s] Level 1:colcon.colcon_core.package_identification:_identify(log) by extensions ['ignore', 'ignore_ament_install']
[4.603s] Level 1:colcon.colcon_core.package_identification:_identify(log) by extension 'ignore'
[4.604s] Level 1:colcon.colcon_core.package_identification:_identify(log) ignored
[4.604s] Level 1:colcon.colcon_core.package_identification:_identify(src) by extensions ['ignore', 'ignore_ament_install']
[4.605s] Level 1:colcon.colcon_core.package_identification:_identify(src) by extension 'ignore'
[4.606s] Level 1:colcon.colcon_core.package_identification:_identify(src) by extension 'ignore_ament_install'
[4.606s] Level 1:colcon.colcon_core.package_identification:_identify(src) by extensions ['colcon_pkg']
[4.607s] Level 1:colcon.colcon_core.package_identification:_identify(src) by extension 'colcon_pkg'
[4.607s] Level 1:colcon.colcon_core.package_identification:_identify(src) by extensions ['colcon_meta']
[4.607s] Level 1:colcon.colcon_core.package_identification:_identify(src) by extension 'colcon_meta'
[4.608s] Level 1:colcon.colcon_core.package_identification:_identify(src) by extensions ['ros']
[4.608s] Level 1:colcon.colcon_core.package_identification:_identify(src) by extension 'ros'
[4.609s] Level 1:colcon.colcon_core.package_identification:_identify(src) by extensions ['cmake', 'python']
[4.609s] Level 1:colcon.colcon_core.package_identification:_identify(src) by extension 'cmake'
[4.610s] Level 1:colcon.colcon_core.package_identification:_identify(src) by extension 'python'
[4.610s] Level 1:colcon.colcon_core.package_identification:_identify(src) by extensions ['python_setup_py']
[4.611s] Level 1:colcon.colcon_core.package_identification:_identify(src) by extension 'python_setup_py'
[4.612s] Level 1:colcon.colcon_core.package_identification:_identify(src/ARM_BOT) by extensions ['ignore', 'ignore_ament_install']
[4.613s] Level 1:colcon.colcon_core.package_identification:_identify(src/ARM_BOT) by extension 'ignore'
[4.613s] Level 1:colcon.colcon_core.package_identification:_identify(src/ARM_BOT) by extension 'ignore_ament_install'
[4.614s] Level 1:colcon.colcon_core.package_identification:_identify(src/ARM_BOT) by extensions ['colcon_pkg']
[4.614s] Level 1:colcon.colcon_core.package_identification:_identify(src/ARM_BOT) by extension 'colcon_pkg'
[4.615s] Level 1:colcon.colcon_core.package_identification:_identify(src/ARM_BOT) by extensions ['colcon_meta']
[4.615s] Level 1:colcon.colcon_core.package_identification:_identify(src/ARM_BOT) by extension 'colcon_meta'
[4.616s] Level 1:colcon.colcon_core.package_identification:_identify(src/ARM_BOT) by extensions ['ros']
[4.616s] Level 1:colcon.colcon_core.package_identification:_identify(src/ARM_BOT) by extension 'ros'
[4.647s] DEBUG:colcon.colcon_core.package_identification:Package 'src/ARM_BOT' with type 'ros.ament_python' and name 'ARM_BOT'
[4.648s] Level 1:colcon.colcon_core.package_discovery:discover_packages(recursive) using defaults
[4.648s] Level 1:colcon.colcon_core.package_discovery:discover_packages(ignore) discover
[4.649s] Level 1:colcon.colcon_core.package_discovery:discover_packages(ignore) using defaults
[4.649s] Level 1:colcon.colcon_core.package_discovery:discover_packages(path) discover
[4.649s] Level 1:colcon.colcon_core.package_discovery:discover_packages(path) using defaults
[4.881s] Level 1:colcon.colcon_core.package_discovery:discover_packages(prefix_path) check parameters
[4.881s] Level 1:colcon.colcon_core.package_discovery:discover_packages(prefix_path) discover
[4.925s] DEBUG:colcon.colcon_installed_package_information.package_discovery:Found 256 installed packages in /opt/ros/foxy
[4.943s] Level 1:colcon.colcon_core.package_discovery:discover_packages(prefix_path) using defaults
[5.985s] Level 5:colcon.colcon_core.verb:set package 'ARM_BOT' build argument 'cmake_args' from command line to 'None'
[5.985s] Level 5:colcon.colcon_core.verb:set package 'ARM_BOT' build argument 'cmake_target' from command line to 'None'
[5.986s] Level 5:colcon.colcon_core.verb:set package 'ARM_BOT' build argument 'cmake_target_skip_unavailable' from command line to 'False'
[5.986s] Level 5:colcon.colcon_core.verb:set package 'ARM_BOT' build argument 'cmake_clean_cache' from command line to 'False'
[5.986s] Level 5:colcon.colcon_core.verb:set package 'ARM_BOT' build argument 'cmake_clean_first' from command line to 'False'
[5.986s] Level 5:colcon.colcon_core.verb:set package 'ARM_BOT' build argument 'cmake_force_configure' from command line to 'False'
[5.987s] Level 5:colcon.colcon_core.verb:set package 'ARM_BOT' build argument 'ament_cmake_args' from command line to 'None'
[5.987s] Level 5:colcon.colcon_core.verb:set package 'ARM_BOT' build argument 'catkin_cmake_args' from command line to 'None'
[5.987s] Level 5:colcon.colcon_core.verb:set package 'ARM_BOT' build argument 'catkin_skip_building_tests' from command line to 'False'
[5.988s] DEBUG:colcon.colcon_core.verb:Building package 'ARM_BOT' with the following arguments: {'ament_cmake_args': None, 'build_base': '/home/dog/ros2_ws/build/ARM_BOT', 'catkin_cmake_args': None, 'catkin_skip_building_tests': False, 'cmake_args': None, 'cmake_clean_cache': False, 'cmake_clean_first': False, 'cmake_force_configure': False, 'cmake_target': None, 'cmake_target_skip_unavailable': False, 'install_base': '/home/dog/ros2_ws/install/ARM_BOT', 'merge_install': False, 'path': '/home/dog/ros2_ws/src/ARM_BOT', 'symlink_install': False, 'test_result_base': None}
[5.989s] INFO:colcon.colcon_core.executor:Executing jobs using 'parallel' executor
[5.997s] DEBUG:colcon.colcon_parallel_executor.executor.parallel:run_until_complete
[5.999s] INFO:colcon.colcon_ros.task.ament_python.build:Building ROS package in '/home/dog/ros2_ws/src/ARM_BOT' with build type 'ament_python'
[6.000s] Level 1:colcon.colcon_core.shell:create_environment_hook('ARM_BOT', 'ament_prefix_path')
[6.041s] INFO:colcon.colcon_core.plugin_system:Skipping extension 'colcon_core.shell.bat': Not used on non-Windows systems
[6.044s] INFO:colcon.colcon_core.shell:Creating environment hook '/home/dog/ros2_ws/install/ARM_BOT/share/ARM_BOT/hook/ament_prefix_path.ps1'
[6.054s] INFO:colcon.colcon_core.shell:Creating environment descriptor '/home/dog/ros2_ws/install/ARM_BOT/share/ARM_BOT/hook/ament_prefix_path.dsv'
[6.061s] INFO:colcon.colcon_core.shell:Creating environment hook '/home/dog/ros2_ws/install/ARM_BOT/share/ARM_BOT/hook/ament_prefix_path.sh'
[6.071s] INFO:colcon.colcon_core.shell:Skip shell extension 'powershell' for command environment: Not usable outside of PowerShell
[6.071s] DEBUG:colcon.colcon_core.shell:Skip shell extension 'dsv' for command environment
[8.448s] INFO:colcon.colcon_core.task.python.build:Building Python package in '/home/dog/ros2_ws/src/ARM_BOT'
[8.451s] INFO:colcon.colcon_core.shell:Skip shell extension 'powershell' for command environment: Not usable outside of PowerShell
[8.452s] DEBUG:colcon.colcon_core.shell:Skip shell extension 'dsv' for command environment
[12.913s] DEBUG:colcon.colcon_core.event_handler.log_command:Invoking command in '/home/dog/ros2_ws/src/ARM_BOT': PYTHONPATH=/home/dog/ros2_ws/build/ARM_BOT/prefix_override:/usr/lib/python3/dist-packages/colcon_core/task/python/colcon_distutils_commands:/home/dog/ros2_ws/install/ARM_BOT/lib/python3.8/site-packages:${PYTHONPATH} /usr/bin/python3 -W ignore:setup.py install is deprecated -W ignore:easy_install command is deprecated setup.py egg_info --egg-base ../../build/ARM_BOT build --build-base /home/dog/ros2_ws/build/ARM_BOT/build install --record /home/dog/ros2_ws/build/ARM_BOT/install.log --install-scripts $base/lib/ARM_BOT --single-version-externally-managed install_data
[15.946s] DEBUG:colcon.colcon_core.event_handler.log_command:Invoked command in '/home/dog/ros2_ws/src/ARM_BOT' returned '0': PYTHONPATH=/home/dog/ros2_ws/build/ARM_BOT/prefix_override:/usr/lib/python3/dist-packages/colcon_core/task/python/colcon_distutils_commands:/home/dog/ros2_ws/install/ARM_BOT/lib/python3.8/site-packages:${PYTHONPATH} /usr/bin/python3 -W ignore:setup.py install is deprecated -W ignore:easy_install command is deprecated setup.py egg_info --egg-base ../../build/ARM_BOT build --build-base /home/dog/ros2_ws/build/ARM_BOT/build install --record /home/dog/ros2_ws/build/ARM_BOT/install.log --install-scripts $base/lib/ARM_BOT --single-version-externally-managed install_data
[15.999s] Level 1:colcon.colcon_core.environment:checking '/home/dog/ros2_ws/install/ARM_BOT' for CMake module files
[16.005s] Level 1:colcon.colcon_core.environment:checking '/home/dog/ros2_ws/install/ARM_BOT' for CMake config files
[16.012s] Level 1:colcon.colcon_core.environment:checking '/home/dog/ros2_ws/install/ARM_BOT/lib'
[16.015s] Level 1:colcon.colcon_core.environment:checking '/home/dog/ros2_ws/install/ARM_BOT/bin'
[16.016s] Level 1:colcon.colcon_core.environment:checking '/home/dog/ros2_ws/install/ARM_BOT/lib/pkgconfig/ARM_BOT.pc'
[16.018s] Level 1:colcon.colcon_core.environment:checking '/home/dog/ros2_ws/install/ARM_BOT/lib/python3.8/site-packages'
[16.019s] Level 1:colcon.colcon_core.shell:create_environment_hook('ARM_BOT', 'pythonpath')
[16.021s] INFO:colcon.colcon_core.shell:Creating environment hook '/home/dog/ros2_ws/install/ARM_BOT/share/ARM_BOT/hook/pythonpath.ps1'
[16.025s] INFO:colcon.colcon_core.shell:Creating environment descriptor '/home/dog/ros2_ws/install/ARM_BOT/share/ARM_BOT/hook/pythonpath.dsv'
[16.028s] INFO:colcon.colcon_core.shell:Creating environment hook '/home/dog/ros2_ws/install/ARM_BOT/share/ARM_BOT/hook/pythonpath.sh'
[16.033s] Level 1:colcon.colcon_core.environment:checking '/home/dog/ros2_ws/install/ARM_BOT/bin'
[16.034s] Level 1:colcon.colcon_core.environment:create_environment_scripts_only(ARM_BOT)
[16.037s] INFO:colcon.colcon_core.shell:Creating package script '/home/dog/ros2_ws/install/ARM_BOT/share/ARM_BOT/package.ps1'
[16.047s] INFO:colcon.colcon_core.shell:Creating package descriptor '/home/dog/ros2_ws/install/ARM_BOT/share/ARM_BOT/package.dsv'
[16.054s] INFO:colcon.colcon_core.shell:Creating package script '/home/dog/ros2_ws/install/ARM_BOT/share/ARM_BOT/package.sh'
[16.064s] INFO:colcon.colcon_core.shell:Creating package script '/home/dog/ros2_ws/install/ARM_BOT/share/ARM_BOT/package.bash'
[16.074s] INFO:colcon.colcon_core.shell:Creating package script '/home/dog/ros2_ws/install/ARM_BOT/share/ARM_BOT/package.zsh'
[16.086s] Level 1:colcon.colcon_core.environment:create_file_with_runtime_dependencies(/home/dog/ros2_ws/install/ARM_BOT/share/colcon-core/packages/ARM_BOT)
[16.089s] DEBUG:colcon.colcon_parallel_executor.executor.parallel:closing loop
[16.091s] DEBUG:colcon.colcon_parallel_executor.executor.parallel:loop closed
[16.092s] DEBUG:colcon.colcon_parallel_executor.executor.parallel:run_until_complete finished with '0'
[16.092s] DEBUG:colcon.colcon_core.event_reactor:joining thread
[16.199s] INFO:colcon.colcon_core.plugin_system:Skipping extension 'colcon_notification.desktop_notification.notify_send': Could not find 'notify-send'
[16.200s] INFO:colcon.colcon_core.plugin_system:Skipping extension 'colcon_notification.desktop_notification.terminal_notifier': Not used on non-Darwin systems
[16.201s] INFO:colcon.colcon_core.plugin_system:Skipping extension 'colcon_notification.desktop_notification.win32': Not used on non-Windows systems
[16.202s] INFO:colcon.colcon_notification.desktop_notification:Sending desktop notification using 'notify2'
[16.297s] DEBUG:colcon.colcon_notification.desktop_notification.notify2:Failed to initialize notify2: org.freedesktop.DBus.Error.ServiceUnknown: The name org.freedesktop.Notifications was not provided by any .service files
[16.298s] DEBUG:colcon.colcon_core.event_reactor:joined thread
[16.301s] INFO:colcon.colcon_core.shell:Creating prefix script '/home/dog/ros2_ws/install/local_setup.ps1'
[16.314s] INFO:colcon.colcon_core.shell:Creating prefix util module '/home/dog/ros2_ws/install/_local_setup_util_ps1.py'
[16.332s] INFO:colcon.colcon_core.shell:Creating prefix chain script '/home/dog/ros2_ws/install/setup.ps1'
[16.344s] INFO:colcon.colcon_core.shell:Creating prefix script '/home/dog/ros2_ws/install/local_setup.sh'
[16.352s] INFO:colcon.colcon_core.shell:Creating prefix util module '/home/dog/ros2_ws/install/_local_setup_util_sh.py'
[16.359s] INFO:colcon.colcon_core.shell:Creating prefix chain script '/home/dog/ros2_ws/install/setup.sh'
[16.370s] INFO:colcon.colcon_core.shell:Creating prefix script '/home/dog/ros2_ws/install/local_setup.bash'
[16.376s] INFO:colcon.colcon_core.shell:Creating prefix chain script '/home/dog/ros2_ws/install/setup.bash'
[16.387s] INFO:colcon.colcon_core.shell:Creating prefix script '/home/dog/ros2_ws/install/local_setup.zsh'
[16.394s] INFO:colcon.colcon_core.shell:Creating prefix chain script '/home/dog/ros2_ws/install/setup.zsh'
