[6.393s] Invoking command in '/home/dog/ros2_ws/src/arm_bot': PYTHONPATH=/home/dog/ros2_ws/build/arm_bot/prefix_override:/usr/lib/python3/dist-packages/colcon_core/task/python/colcon_distutils_commands:/home/dog/ros2_ws/install/arm_bot/lib/python3.8/site-packages:${PYTHONPATH} /usr/bin/python3 -W ignore:setup.py install is deprecated -W ignore:easy_install command is deprecated setup.py egg_info --egg-base ../../build/arm_bot build --build-base /home/dog/ros2_ws/build/arm_bot/build install --record /home/dog/ros2_ws/build/arm_bot/install.log --install-scripts $base/lib/arm_bot --single-version-externally-managed install_data
[8.646s] running egg_info
[8.653s] writing ../../build/arm_bot/arm_bot.egg-info/PKG-INFO
[8.655s] writing dependency_links to ../../build/arm_bot/arm_bot.egg-info/dependency_links.txt
[8.657s] writing entry points to ../../build/arm_bot/arm_bot.egg-info/entry_points.txt
[8.659s] writing requirements to ../../build/arm_bot/arm_bot.egg-info/requires.txt
[8.660s] writing top-level names to ../../build/arm_bot/arm_bot.egg-info/top_level.txt
[9.018s] reading manifest file '../../build/arm_bot/arm_bot.egg-info/SOURCES.txt'
[9.027s] writing manifest file '../../build/arm_bot/arm_bot.egg-info/SOURCES.txt'
[9.029s] running build
[9.030s] running build_py
[9.031s] copying arm_bot/pub.py -> /home/dog/ros2_ws/build/arm_bot/build/lib/arm_bot
[9.035s] running install
[9.042s] running install_lib
[9.051s] copying /home/dog/ros2_ws/build/arm_bot/build/lib/arm_bot/pub.py -> /home/dog/ros2_ws/install/arm_bot/lib/python3.8/site-packages/arm_bot
[9.057s] byte-compiling /home/dog/ros2_ws/install/arm_bot/lib/python3.8/site-packages/arm_bot/pub.py to pub.cpython-38.pyc
[9.071s] running install_data
[9.073s] running install_egg_info
[9.087s] removing '/home/dog/ros2_ws/install/arm_bot/lib/python3.8/site-packages/arm_bot-0.0.1-py3.8.egg-info' (and everything under it)
[9.090s] Copying ../../build/arm_bot/arm_bot.egg-info to /home/dog/ros2_ws/install/arm_bot/lib/python3.8/site-packages/arm_bot-0.0.1-py3.8.egg-info
[9.100s] running install_scripts
[9.253s] Installing listener script to /home/dog/ros2_ws/install/arm_bot/lib/arm_bot
[9.254s] Installing my_node script to /home/dog/ros2_ws/install/arm_bot/lib/arm_bot
[9.256s] Installing talker script to /home/dog/ros2_ws/install/arm_bot/lib/arm_bot
[9.260s] writing list of installed files to '/home/dog/ros2_ws/build/arm_bot/install.log'
[9.468s] Invoked command in '/home/dog/ros2_ws/src/arm_bot' returned '0': PYTHONPATH=/home/dog/ros2_ws/build/arm_bot/prefix_override:/usr/lib/python3/dist-packages/colcon_core/task/python/colcon_distutils_commands:/home/dog/ros2_ws/install/arm_bot/lib/python3.8/site-packages:${PYTHONPATH} /usr/bin/python3 -W ignore:setup.py install is deprecated -W ignore:easy_install command is deprecated setup.py egg_info --egg-base ../../build/arm_bot build --build-base /home/dog/ros2_ws/build/arm_bot/build install --record /home/dog/ros2_ws/build/arm_bot/install.log --install-scripts $base/lib/arm_bot --single-version-externally-managed install_data
