[7.576s] Invoking command in '/home/dog/ros2_ws/src/arm_bot': PYTHONPATH=/home/dog/ros2_ws/build/arm_bot/prefix_override:/usr/lib/python3/dist-packages/colcon_core/task/python/colcon_distutils_commands:/home/dog/ros2_ws/install/arm_bot/lib/python3.8/site-packages:${PYTHONPATH} /usr/bin/python3 -W ignore:setup.py install is deprecated -W ignore:easy_install command is deprecated setup.py egg_info --egg-base ../../build/arm_bot build --build-base /home/dog/ros2_ws/build/arm_bot/build install --record /home/dog/ros2_ws/build/arm_bot/install.log --install-scripts $base/lib/arm_bot --single-version-externally-managed install_data
[9.954s] running egg_info
[9.961s] writing ../../build/arm_bot/arm_bot.egg-info/PKG-INFO
[9.966s] writing dependency_links to ../../build/arm_bot/arm_bot.egg-info/dependency_links.txt
[9.968s] writing entry points to ../../build/arm_bot/arm_bot.egg-info/entry_points.txt
[9.970s] writing requirements to ../../build/arm_bot/arm_bot.egg-info/requires.txt
[9.971s] writing top-level names to ../../build/arm_bot/arm_bot.egg-info/top_level.txt
[10.359s] reading manifest file '../../build/arm_bot/arm_bot.egg-info/SOURCES.txt'
[10.372s] writing manifest file '../../build/arm_bot/arm_bot.egg-info/SOURCES.txt'
[10.373s] running build
[10.374s] running build_py
[10.379s] copying arm_bot/sub_servoes.py -> /home/dog/ros2_ws/build/arm_bot/build/lib/arm_bot
[10.382s] copying arm_bot/sub_sensinfo.py -> /home/dog/ros2_ws/build/arm_bot/build/lib/arm_bot
[10.385s] copying arm_bot/pub_key.py -> /home/dog/ros2_ws/build/arm_bot/build/lib/arm_bot
[10.392s] running install
[10.399s] running install_lib
[10.410s] copying /home/dog/ros2_ws/build/arm_bot/build/lib/arm_bot/sub_servoes.py -> /home/dog/ros2_ws/install/arm_bot/lib/python3.8/site-packages/arm_bot
[10.412s] copying /home/dog/ros2_ws/build/arm_bot/build/lib/arm_bot/sub_sensinfo.py -> /home/dog/ros2_ws/install/arm_bot/lib/python3.8/site-packages/arm_bot
[10.414s] copying /home/dog/ros2_ws/build/arm_bot/build/lib/arm_bot/pub_key.py -> /home/dog/ros2_ws/install/arm_bot/lib/python3.8/site-packages/arm_bot
[10.422s] byte-compiling /home/dog/ros2_ws/install/arm_bot/lib/python3.8/site-packages/arm_bot/sub_servoes.py to sub_servoes.cpython-38.pyc
[10.435s] byte-compiling /home/dog/ros2_ws/install/arm_bot/lib/python3.8/site-packages/arm_bot/sub_sensinfo.py to sub_sensinfo.cpython-38.pyc
[10.437s] Sorry: TabError: inconsistent use of tabs and spaces in indentation (sub_sensinfo.py, line 26)
[10.438s] byte-compiling /home/dog/ros2_ws/install/arm_bot/lib/python3.8/site-packages/arm_bot/pub_key.py to pub_key.cpython-38.pyc
[10.444s] running install_data
[10.447s] running install_egg_info
[10.462s] removing '/home/dog/ros2_ws/install/arm_bot/lib/python3.8/site-packages/arm_bot-0.0.1-py3.8.egg-info' (and everything under it)
[10.465s] Copying ../../build/arm_bot/arm_bot.egg-info to /home/dog/ros2_ws/install/arm_bot/lib/python3.8/site-packages/arm_bot-0.0.1-py3.8.egg-info
[10.477s] running install_scripts
[10.645s] Installing keyboard script to /home/dog/ros2_ws/install/arm_bot/lib/arm_bot
[10.648s] Installing my_node script to /home/dog/ros2_ws/install/arm_bot/lib/arm_bot
[10.650s] Installing sens_info script to /home/dog/ros2_ws/install/arm_bot/lib/arm_bot
[10.651s] Installing sensors script to /home/dog/ros2_ws/install/arm_bot/lib/arm_bot
[10.653s] Installing servoes script to /home/dog/ros2_ws/install/arm_bot/lib/arm_bot
[10.658s] writing list of installed files to '/home/dog/ros2_ws/build/arm_bot/install.log'
[10.870s] Invoked command in '/home/dog/ros2_ws/src/arm_bot' returned '0': PYTHONPATH=/home/dog/ros2_ws/build/arm_bot/prefix_override:/usr/lib/python3/dist-packages/colcon_core/task/python/colcon_distutils_commands:/home/dog/ros2_ws/install/arm_bot/lib/python3.8/site-packages:${PYTHONPATH} /usr/bin/python3 -W ignore:setup.py install is deprecated -W ignore:easy_install command is deprecated setup.py egg_info --egg-base ../../build/arm_bot build --build-base /home/dog/ros2_ws/build/arm_bot/build install --record /home/dog/ros2_ws/build/arm_bot/install.log --install-scripts $base/lib/arm_bot --single-version-externally-managed install_data
