[6.372s] Invoking command in '/home/dog/ros2_ws/src/arm_bot': PYTHONPATH=/home/dog/ros2_ws/build/arm_bot/prefix_override:/usr/lib/python3/dist-packages/colcon_core/task/python/colcon_distutils_commands:/home/dog/ros2_ws/install/arm_bot/lib/python3.8/site-packages:${PYTHONPATH} /usr/bin/python3 -W ignore:setup.py install is deprecated -W ignore:easy_install command is deprecated setup.py egg_info --egg-base ../../build/arm_bot build --build-base /home/dog/ros2_ws/build/arm_bot/build install --record /home/dog/ros2_ws/build/arm_bot/install.log --install-scripts $base/lib/arm_bot --single-version-externally-managed install_data
[8.631s] running egg_info
[8.638s] writing ../../build/arm_bot/arm_bot.egg-info/PKG-INFO
[8.640s] writing dependency_links to ../../build/arm_bot/arm_bot.egg-info/dependency_links.txt
[8.642s] writing entry points to ../../build/arm_bot/arm_bot.egg-info/entry_points.txt
[8.643s] writing requirements to ../../build/arm_bot/arm_bot.egg-info/requires.txt
[8.645s] writing top-level names to ../../build/arm_bot/arm_bot.egg-info/top_level.txt
[9.002s] reading manifest file '../../build/arm_bot/arm_bot.egg-info/SOURCES.txt'
[9.012s] writing manifest file '../../build/arm_bot/arm_bot.egg-info/SOURCES.txt'
[9.013s] running build
[9.014s] running build_py
[9.015s] copying arm_bot/pub.py -> /home/dog/ros2_ws/build/arm_bot/build/lib/arm_bot
[9.019s] running install
[9.026s] running install_lib
[9.035s] copying /home/dog/ros2_ws/build/arm_bot/build/lib/arm_bot/pub.py -> /home/dog/ros2_ws/install/arm_bot/lib/python3.8/site-packages/arm_bot
[9.041s] byte-compiling /home/dog/ros2_ws/install/arm_bot/lib/python3.8/site-packages/arm_bot/pub.py to pub.cpython-38.pyc
[9.055s] running install_data
[9.057s] running install_egg_info
[9.071s] removing '/home/dog/ros2_ws/install/arm_bot/lib/python3.8/site-packages/arm_bot-0.0.1-py3.8.egg-info' (and everything under it)
[9.074s] Copying ../../build/arm_bot/arm_bot.egg-info to /home/dog/ros2_ws/install/arm_bot/lib/python3.8/site-packages/arm_bot-0.0.1-py3.8.egg-info
[9.084s] running install_scripts
[9.237s] Installing listener script to /home/dog/ros2_ws/install/arm_bot/lib/arm_bot
[9.239s] Installing my_node script to /home/dog/ros2_ws/install/arm_bot/lib/arm_bot
[9.240s] Installing talker script to /home/dog/ros2_ws/install/arm_bot/lib/arm_bot
[9.244s] writing list of installed files to '/home/dog/ros2_ws/build/arm_bot/install.log'
[9.451s] Invoked command in '/home/dog/ros2_ws/src/arm_bot' returned '0': PYTHONPATH=/home/dog/ros2_ws/build/arm_bot/prefix_override:/usr/lib/python3/dist-packages/colcon_core/task/python/colcon_distutils_commands:/home/dog/ros2_ws/install/arm_bot/lib/python3.8/site-packages:${PYTHONPATH} /usr/bin/python3 -W ignore:setup.py install is deprecated -W ignore:easy_install command is deprecated setup.py egg_info --egg-base ../../build/arm_bot build --build-base /home/dog/ros2_ws/build/arm_bot/build install --record /home/dog/ros2_ws/build/arm_bot/install.log --install-scripts $base/lib/arm_bot --single-version-externally-managed install_data
