[1.308s] [34mcolcon[0m [1;30mDEBUG[0m [32mCommand line arguments: ['/usr/bin/colcon', 'build'][0m
[1.309s] [34mcolcon[0m [1;30mDEBUG[0m [32mParsed command line arguments: Namespace(allow_overriding=[], ament_cmake_args=None, base_paths=['.'], build_base='build', catkin_cmake_args=None, catkin_skip_building_tests=False, cmake_args=None, cmake_clean_cache=False, cmake_clean_first=False, cmake_force_configure=False, cmake_target=None, cmake_target_skip_unavailable=False, continue_on_error=False, event_handlers=None, executor='parallel', ignore_user_meta=False, install_base='install', log_base=None, log_level=None, main=<bound method BuildVerb.main of <colcon_core.verb.build.BuildVerb object at 0xffff8f03db50>>, merge_install=False, metas=['./colcon.meta'], mixin=None, mixin_files=None, mixin_verb=('build',), packages_above=None, packages_above_and_dependencies=None, packages_above_depth=None, packages_end=None, packages_ignore=None, packages_ignore_regex=None, packages_select=None, packages_select_build_failed=False, packages_select_by_dep=None, packages_select_regex=None, packages_select_test_failures=False, packages_skip=None, packages_skip_build_finished=False, packages_skip_by_dep=None, packages_skip_regex=None, packages_skip_test_passed=False, packages_skip_up_to=None, packages_start=None, packages_up_to=None, packages_up_to_regex=None, parallel_workers=6, paths=None, symlink_install=False, test_result_base=None, verb_extension=<colcon_core.verb.build.BuildVerb object at 0xffff8f03db50>, verb_name='build', verb_parser=<colcon_mixin.mixin.mixin_argument.MixinArgumentDecorator object at 0xffff8efd2100>)[0m
[3.280s] [34mcolcon.colcon_core.package_discovery[0m [1;30mLevel 1[0m discover_packages(colcon_meta) check parameters
[3.281s] [34mcolcon.colcon_core.package_discovery[0m [1;30mLevel 1[0m discover_packages(recursive) check parameters
[3.281s] [34mcolcon.colcon_core.package_discovery[0m [1;30mLevel 1[0m discover_packages(ignore) check parameters
[3.281s] [34mcolcon.colcon_core.package_discovery[0m [1;30mLevel 1[0m discover_packages(path) check parameters
[3.281s] [34mcolcon.colcon_core.package_discovery[0m [1;30mLevel 1[0m discover_packages(colcon_meta) discover
[3.282s] [34mcolcon.colcon_core.package_discovery[0m [1;30mLevel 1[0m discover_packages(recursive) discover
[3.282s] [34mcolcon.colcon_core.package_discovery[0m [1;30mINFO[0m Crawling recursively for packages in '/home/xavier/Desktop/medical/Medical_Bot'
[3.283s] [34mcolcon.colcon_core.package_identification[0m [1;30mLevel 1[0m _identify(.) by extensions ['ignore', 'ignore_ament_install']
[3.283s] [34mcolcon.colcon_core.package_identification[0m [1;30mLevel 1[0m _identify(.) by extension 'ignore'
[3.284s] [34mcolcon.colcon_core.package_identification[0m [1;30mLevel 1[0m _identify(.) by extension 'ignore_ament_install'
[3.284s] [34mcolcon.colcon_core.package_identification[0m [1;30mLevel 1[0m _identify(.) by extensions ['colcon_pkg']
[3.284s] [34mcolcon.colcon_core.package_identification[0m [1;30mLevel 1[0m _identify(.) by extension 'colcon_pkg'
[3.284s] [34mcolcon.colcon_core.package_identification[0m [1;30mLevel 1[0m _identify(.) by extensions ['colcon_meta']
[3.285s] [34mcolcon.colcon_core.package_identification[0m [1;30mLevel 1[0m _identify(.) by extension 'colcon_meta'
[3.285s] [34mcolcon.colcon_core.package_identification[0m [1;30mLevel 1[0m _identify(.) by extensions ['ros']
[3.285s] [34mcolcon.colcon_core.package_identification[0m [1;30mLevel 1[0m _identify(.) by extension 'ros'
[3.411s] [34mcolcon.colcon_core.package_identification[0m [1;30mLevel 1[0m _identify(.) by extensions ['cmake', 'python']
[3.411s] [34mcolcon.colcon_core.package_identification[0m [1;30mLevel 1[0m _identify(.) by extension 'cmake'
[3.412s] [34mcolcon.colcon_core.package_identification[0m [1;30mLevel 1[0m _identify(.) by extension 'python'
[3.412s] [34mcolcon.colcon_core.package_identification[0m [1;30mLevel 1[0m _identify(.) by extensions ['python_setup_py']
[3.412s] [34mcolcon.colcon_core.package_identification[0m [1;30mLevel 1[0m _identify(.) by extension 'python_setup_py'
[3.413s] [34mcolcon.colcon_core.package_identification[0m [1;30mLevel 1[0m _identify(build) by extensions ['ignore', 'ignore_ament_install']
[3.413s] [34mcolcon.colcon_core.package_identification[0m [1;30mLevel 1[0m _identify(build) by extension 'ignore'
[3.414s] [34mcolcon.colcon_core.package_identification[0m [1;30mLevel 1[0m _identify(build) ignored
[3.414s] [34mcolcon.colcon_core.package_identification[0m [1;30mLevel 1[0m _identify(install) by extensions ['ignore', 'ignore_ament_install']
[3.415s] [34mcolcon.colcon_core.package_identification[0m [1;30mLevel 1[0m _identify(install) by extension 'ignore'
[3.415s] [34mcolcon.colcon_core.package_identification[0m [1;30mLevel 1[0m _identify(install) ignored
[3.416s] [34mcolcon.colcon_core.package_identification[0m [1;30mLevel 1[0m _identify(launch) by extensions ['ignore', 'ignore_ament_install']
[3.416s] [34mcolcon.colcon_core.package_identification[0m [1;30mLevel 1[0m _identify(launch) by extension 'ignore'
[3.416s] [34mcolcon.colcon_core.package_identification[0m [1;30mLevel 1[0m _identify(launch) by extension 'ignore_ament_install'
[3.417s] [34mcolcon.colcon_core.package_identification[0m [1;30mLevel 1[0m _identify(launch) by extensions ['colcon_pkg']
[3.417s] [34mcolcon.colcon_core.package_identification[0m [1;30mLevel 1[0m _identify(launch) by extension 'colcon_pkg'
[3.417s] [34mcolcon.colcon_core.package_identification[0m [1;30mLevel 1[0m _identify(launch) by extensions ['colcon_meta']
[3.417s] [34mcolcon.colcon_core.package_identification[0m [1;30mLevel 1[0m _identify(launch) by extension 'colcon_meta'
[3.418s] [34mcolcon.colcon_core.package_identification[0m [1;30mLevel 1[0m _identify(launch) by extensions ['ros']
[3.418s] [34mcolcon.colcon_core.package_identification[0m [1;30mLevel 1[0m _identify(launch) by extension 'ros'
[3.418s] [34mcolcon.colcon_core.package_identification[0m [1;30mLevel 1[0m _identify(launch) by extensions ['cmake', 'python']
[3.419s] [34mcolcon.colcon_core.package_identification[0m [1;30mLevel 1[0m _identify(launch) by extension 'cmake'
[3.419s] [34mcolcon.colcon_core.package_identification[0m [1;30mLevel 1[0m _identify(launch) by extension 'python'
[3.419s] [34mcolcon.colcon_core.package_identification[0m [1;30mLevel 1[0m _identify(launch) by extensions ['python_setup_py']
[3.419s] [34mcolcon.colcon_core.package_identification[0m [1;30mLevel 1[0m _identify(launch) by extension 'python_setup_py'
[3.420s] [34mcolcon.colcon_core.package_identification[0m [1;30mLevel 1[0m _identify(launch/__pycache__) by extensions ['ignore', 'ignore_ament_install']
[3.420s] [34mcolcon.colcon_core.package_identification[0m [1;30mLevel 1[0m _identify(launch/__pycache__) by extension 'ignore'
[3.421s] [34mcolcon.colcon_core.package_identification[0m [1;30mLevel 1[0m _identify(launch/__pycache__) by extension 'ignore_ament_install'
[3.421s] [34mcolcon.colcon_core.package_identification[0m [1;30mLevel 1[0m _identify(launch/__pycache__) by extensions ['colcon_pkg']
[3.421s] [34mcolcon.colcon_core.package_identification[0m [1;30mLevel 1[0m _identify(launch/__pycache__) by extension 'colcon_pkg'
[3.421s] [34mcolcon.colcon_core.package_identification[0m [1;30mLevel 1[0m _identify(launch/__pycache__) by extensions ['colcon_meta']
[3.421s] [34mcolcon.colcon_core.package_identification[0m [1;30mLevel 1[0m _identify(launch/__pycache__) by extension 'colcon_meta'
[3.422s] [34mcolcon.colcon_core.package_identification[0m [1;30mLevel 1[0m _identify(launch/__pycache__) by extensions ['ros']
[3.422s] [34mcolcon.colcon_core.package_identification[0m [1;30mLevel 1[0m _identify(launch/__pycache__) by extension 'ros'
[3.422s] [34mcolcon.colcon_core.package_identification[0m [1;30mLevel 1[0m _identify(launch/__pycache__) by extensions ['cmake', 'python']
[3.423s] [34mcolcon.colcon_core.package_identification[0m [1;30mLevel 1[0m _identify(launch/__pycache__) by extension 'cmake'
[3.423s] [34mcolcon.colcon_core.package_identification[0m [1;30mLevel 1[0m _identify(launch/__pycache__) by extension 'python'
[3.423s] [34mcolcon.colcon_core.package_identification[0m [1;30mLevel 1[0m _identify(launch/__pycache__) by extensions ['python_setup_py']
[3.424s] [34mcolcon.colcon_core.package_identification[0m [1;30mLevel 1[0m _identify(launch/__pycache__) by extension 'python_setup_py'
[3.428s] [34mcolcon.colcon_core.package_identification[0m [1;30mLevel 1[0m _identify(log) by extensions ['ignore', 'ignore_ament_install']
[3.429s] [34mcolcon.colcon_core.package_identification[0m [1;30mLevel 1[0m _identify(log) by extension 'ignore'
[3.429s] [34mcolcon.colcon_core.package_identification[0m [1;30mLevel 1[0m _identify(log) ignored
[3.430s] [34mcolcon.colcon_core.package_identification[0m [1;30mLevel 1[0m _identify(src) by extensions ['ignore', 'ignore_ament_install']
[3.430s] [34mcolcon.colcon_core.package_identification[0m [1;30mLevel 1[0m _identify(src) by extension 'ignore'
[3.430s] [34mcolcon.colcon_core.package_identification[0m [1;30mLevel 1[0m _identify(src) by extension 'ignore_ament_install'
[3.431s] [34mcolcon.colcon_core.package_identification[0m [1;30mLevel 1[0m _identify(src) by extensions ['colcon_pkg']
[3.431s] [34mcolcon.colcon_core.package_identification[0m [1;30mLevel 1[0m _identify(src) by extension 'colcon_pkg'
[3.431s] [34mcolcon.colcon_core.package_identification[0m [1;30mLevel 1[0m _identify(src) by extensions ['colcon_meta']
[3.432s] [34mcolcon.colcon_core.package_identification[0m [1;30mLevel 1[0m _identify(src) by extension 'colcon_meta'
[3.432s] [34mcolcon.colcon_core.package_identification[0m [1;30mLevel 1[0m _identify(src) by extensions ['ros']
[3.432s] [34mcolcon.colcon_core.package_identification[0m [1;30mLevel 1[0m _identify(src) by extension 'ros'
[3.433s] [34mcolcon.colcon_core.package_identification[0m [1;30mLevel 1[0m _identify(src) by extensions ['cmake', 'python']
[3.433s] [34mcolcon.colcon_core.package_identification[0m [1;30mLevel 1[0m _identify(src) by extension 'cmake'
[3.433s] [34mcolcon.colcon_core.package_identification[0m [1;30mLevel 1[0m _identify(src) by extension 'python'
[3.433s] [34mcolcon.colcon_core.package_identification[0m [1;30mLevel 1[0m _identify(src) by extensions ['python_setup_py']
[3.433s] [34mcolcon.colcon_core.package_identification[0m [1;30mLevel 1[0m _identify(src) by extension 'python_setup_py'
[3.434s] [34mcolcon.colcon_core.package_identification[0m [1;30mLevel 1[0m _identify(src/arm_bot) by extensions ['ignore', 'ignore_ament_install']
[3.434s] [34mcolcon.colcon_core.package_identification[0m [1;30mLevel 1[0m _identify(src/arm_bot) by extension 'ignore'
[3.435s] [34mcolcon.colcon_core.package_identification[0m [1;30mLevel 1[0m _identify(src/arm_bot) by extension 'ignore_ament_install'
[3.435s] [34mcolcon.colcon_core.package_identification[0m [1;30mLevel 1[0m _identify(src/arm_bot) by extensions ['colcon_pkg']
[3.435s] [34mcolcon.colcon_core.package_identification[0m [1;30mLevel 1[0m _identify(src/arm_bot) by extension 'colcon_pkg'
[3.436s] [34mcolcon.colcon_core.package_identification[0m [1;30mLevel 1[0m _identify(src/arm_bot) by extensions ['colcon_meta']
[3.436s] [34mcolcon.colcon_core.package_identification[0m [1;30mLevel 1[0m _identify(src/arm_bot) by extension 'colcon_meta'
[3.436s] [34mcolcon.colcon_core.package_identification[0m [1;30mLevel 1[0m _identify(src/arm_bot) by extensions ['ros']
[3.436s] [34mcolcon.colcon_core.package_identification[0m [1;30mLevel 1[0m _identify(src/arm_bot) by extension 'ros'
[3.474s] [34mcolcon.colcon_core.package_identification[0m [1;30mDEBUG[0m [32mPackage 'src/arm_bot' with type 'ros.ament_python' and name 'arm_bot'[0m
[3.475s] [34mcolcon.colcon_core.package_discovery[0m [1;30mLevel 1[0m discover_packages(recursive) using defaults
[3.475s] [34mcolcon.colcon_core.package_discovery[0m [1;30mLevel 1[0m discover_packages(ignore) discover
[3.476s] [34mcolcon.colcon_core.package_discovery[0m [1;30mLevel 1[0m discover_packages(ignore) using defaults
[3.476s] [34mcolcon.colcon_core.package_discovery[0m [1;30mLevel 1[0m discover_packages(path) discover
[3.476s] [34mcolcon.colcon_core.package_discovery[0m [1;30mLevel 1[0m discover_packages(path) using defaults
[4.712s] [34mcolcon.colcon_core.package_discovery[0m [1;30mLevel 1[0m discover_packages(prefix_path) check parameters
[4.712s] [34mcolcon.colcon_core.package_discovery[0m [1;30mLevel 1[0m discover_packages(prefix_path) discover
[4.757s] [34mcolcon.colcon_installed_package_information.package_discovery[0m [1;30mDEBUG[0m [32mFound 2 installed packages in /home/xavier/Desktop/medical/Medical_Bot/install[0m
[4.768s] [34mcolcon.colcon_installed_package_information.package_discovery[0m [1;30mDEBUG[0m [32mFound 256 installed packages in /opt/ros/foxy[0m
[4.783s] [34mcolcon.colcon_core.package_discovery[0m [1;30mLevel 1[0m discover_packages(prefix_path) using defaults
[6.541s] [34mcolcon.colcon_core.verb[0m [1;30mLevel 5[0m set package 'arm_bot' build argument 'cmake_args' from command line to 'None'
[6.541s] [34mcolcon.colcon_core.verb[0m [1;30mLevel 5[0m set package 'arm_bot' build argument 'cmake_target' from command line to 'None'
[6.542s] [34mcolcon.colcon_core.verb[0m [1;30mLevel 5[0m set package 'arm_bot' build argument 'cmake_target_skip_unavailable' from command line to 'False'
[6.542s] [34mcolcon.colcon_core.verb[0m [1;30mLevel 5[0m set package 'arm_bot' build argument 'cmake_clean_cache' from command line to 'False'
[6.542s] [34mcolcon.colcon_core.verb[0m [1;30mLevel 5[0m set package 'arm_bot' build argument 'cmake_clean_first' from command line to 'False'
[6.542s] [34mcolcon.colcon_core.verb[0m [1;30mLevel 5[0m set package 'arm_bot' build argument 'cmake_force_configure' from command line to 'False'
[6.542s] [34mcolcon.colcon_core.verb[0m [1;30mLevel 5[0m set package 'arm_bot' build argument 'ament_cmake_args' from command line to 'None'
[6.542s] [34mcolcon.colcon_core.verb[0m [1;30mLevel 5[0m set package 'arm_bot' build argument 'catkin_cmake_args' from command line to 'None'
[6.543s] [34mcolcon.colcon_core.verb[0m [1;30mLevel 5[0m set package 'arm_bot' build argument 'catkin_skip_building_tests' from command line to 'False'
[6.543s] [34mcolcon.colcon_core.verb[0m [1;30mDEBUG[0m [32mBuilding package 'arm_bot' with the following arguments: {'ament_cmake_args': None, 'build_base': '/home/xavier/Desktop/medical/Medical_Bot/build/arm_bot', 'catkin_cmake_args': None, 'catkin_skip_building_tests': False, 'cmake_args': None, 'cmake_clean_cache': False, 'cmake_clean_first': False, 'cmake_force_configure': False, 'cmake_target': None, 'cmake_target_skip_unavailable': False, 'install_base': '/home/xavier/Desktop/medical/Medical_Bot/install/arm_bot', 'merge_install': False, 'path': '/home/xavier/Desktop/medical/Medical_Bot/src/arm_bot', 'symlink_install': False, 'test_result_base': None}[0m
[6.544s] [34mcolcon.colcon_core.executor[0m [1;30mINFO[0m Executing jobs using 'parallel' executor
[6.550s] [34mcolcon.colcon_parallel_executor.executor.parallel[0m [1;30mDEBUG[0m [32mrun_until_complete[0m
[6.551s] [34mcolcon.colcon_ros.task.ament_python.build[0m [1;30mINFO[0m Building ROS package in '/home/xavier/Desktop/medical/Medical_Bot/src/arm_bot' with build type 'ament_python'
[6.552s] [34mcolcon.colcon_core.shell[0m [1;30mLevel 1[0m create_environment_hook('arm_bot', 'ament_prefix_path')
[6.701s] [34mcolcon.colcon_core.plugin_system[0m [1;30mINFO[0m Skipping extension 'colcon_core.shell.bat': Not used on non-Windows systems
[6.702s] [34mcolcon.colcon_core.shell[0m [1;30mINFO[0m Creating environment hook '/home/xavier/Desktop/medical/Medical_Bot/install/arm_bot/share/arm_bot/hook/ament_prefix_path.ps1'
[6.706s] [34mcolcon.colcon_core.shell[0m [1;30mINFO[0m Creating environment descriptor '/home/xavier/Desktop/medical/Medical_Bot/install/arm_bot/share/arm_bot/hook/ament_prefix_path.dsv'
[6.710s] [34mcolcon.colcon_core.shell[0m [1;30mINFO[0m Creating environment hook '/home/xavier/Desktop/medical/Medical_Bot/install/arm_bot/share/arm_bot/hook/ament_prefix_path.sh'
[6.718s] [34mcolcon.colcon_core.shell[0m [1;30mINFO[0m Skip shell extension 'powershell' for command environment: Not usable outside of PowerShell
[6.719s] [34mcolcon.colcon_core.shell[0m [1;30mDEBUG[0m [32mSkip shell extension 'dsv' for command environment[0m
[8.142s] [34mcolcon.colcon_core.task.python.build[0m [1;30mINFO[0m Building Python package in '/home/xavier/Desktop/medical/Medical_Bot/src/arm_bot'
[8.147s] [34mcolcon.colcon_core.shell[0m [1;30mINFO[0m Skip shell extension 'powershell' for command environment: Not usable outside of PowerShell
[8.147s] [34mcolcon.colcon_core.shell[0m [1;30mDEBUG[0m [32mSkip shell extension 'dsv' for command environment[0m
[12.350s] [34mcolcon.colcon_core.event_handler.log_command[0m [1;30mDEBUG[0m [32mInvoking command in '/home/xavier/Desktop/medical/Medical_Bot/src/arm_bot': PYTHONPATH=/home/xavier/Desktop/medical/Medical_Bot/build/arm_bot/prefix_override:/usr/lib/python3/dist-packages/colcon_core/task/python/colcon_distutils_commands:/home/xavier/Desktop/medical/Medical_Bot/install/arm_bot/lib/python3.8/site-packages:${PYTHONPATH} /usr/bin/python3 -W ignore:setup.py install is deprecated -W ignore:easy_install command is deprecated setup.py egg_info --egg-base ../../build/arm_bot build --build-base /home/xavier/Desktop/medical/Medical_Bot/build/arm_bot/build install --record /home/xavier/Desktop/medical/Medical_Bot/build/arm_bot/install.log --install-scripts $base/lib/arm_bot --single-version-externally-managed install_data[0m
[15.468s] [34mcolcon.colcon_core.event_handler.log_command[0m [1;30mDEBUG[0m [32mInvoked command in '/home/xavier/Desktop/medical/Medical_Bot/src/arm_bot' returned '0': PYTHONPATH=/home/xavier/Desktop/medical/Medical_Bot/build/arm_bot/prefix_override:/usr/lib/python3/dist-packages/colcon_core/task/python/colcon_distutils_commands:/home/xavier/Desktop/medical/Medical_Bot/install/arm_bot/lib/python3.8/site-packages:${PYTHONPATH} /usr/bin/python3 -W ignore:setup.py install is deprecated -W ignore:easy_install command is deprecated setup.py egg_info --egg-base ../../build/arm_bot build --build-base /home/xavier/Desktop/medical/Medical_Bot/build/arm_bot/build install --record /home/xavier/Desktop/medical/Medical_Bot/build/arm_bot/install.log --install-scripts $base/lib/arm_bot --single-version-externally-managed install_data[0m
[15.882s] [34mcolcon.colcon_core.environment[0m [1;30mLevel 1[0m checking '/home/xavier/Desktop/medical/Medical_Bot/install/arm_bot' for CMake module files
[15.886s] [34mcolcon.colcon_core.environment[0m [1;30mLevel 1[0m checking '/home/xavier/Desktop/medical/Medical_Bot/install/arm_bot' for CMake config files
[15.893s] [34mcolcon.colcon_core.environment[0m [1;30mLevel 1[0m checking '/home/xavier/Desktop/medical/Medical_Bot/install/arm_bot/lib'
[15.894s] [34mcolcon.colcon_core.environment[0m [1;30mLevel 1[0m checking '/home/xavier/Desktop/medical/Medical_Bot/install/arm_bot/bin'
[15.894s] [34mcolcon.colcon_core.environment[0m [1;30mLevel 1[0m checking '/home/xavier/Desktop/medical/Medical_Bot/install/arm_bot/lib/pkgconfig/arm_bot.pc'
[15.896s] [34mcolcon.colcon_core.environment[0m [1;30mLevel 1[0m checking '/home/xavier/Desktop/medical/Medical_Bot/install/arm_bot/lib/python3.8/site-packages'
[15.896s] [34mcolcon.colcon_core.shell[0m [1;30mLevel 1[0m create_environment_hook('arm_bot', 'pythonpath')
[15.899s] [34mcolcon.colcon_core.shell[0m [1;30mINFO[0m Creating environment hook '/home/xavier/Desktop/medical/Medical_Bot/install/arm_bot/share/arm_bot/hook/pythonpath.ps1'
[15.903s] [34mcolcon.colcon_core.shell[0m [1;30mINFO[0m Creating environment descriptor '/home/xavier/Desktop/medical/Medical_Bot/install/arm_bot/share/arm_bot/hook/pythonpath.dsv'
[15.905s] [34mcolcon.colcon_core.shell[0m [1;30mINFO[0m Creating environment hook '/home/xavier/Desktop/medical/Medical_Bot/install/arm_bot/share/arm_bot/hook/pythonpath.sh'
[15.908s] [34mcolcon.colcon_core.environment[0m [1;30mLevel 1[0m checking '/home/xavier/Desktop/medical/Medical_Bot/install/arm_bot/bin'
[15.908s] [34mcolcon.colcon_core.environment[0m [1;30mLevel 1[0m create_environment_scripts_only(arm_bot)
[15.910s] [34mcolcon.colcon_core.shell[0m [1;30mINFO[0m Creating package script '/home/xavier/Desktop/medical/Medical_Bot/install/arm_bot/share/arm_bot/package.ps1'
[15.917s] [34mcolcon.colcon_core.shell[0m [1;30mINFO[0m Creating package descriptor '/home/xavier/Desktop/medical/Medical_Bot/install/arm_bot/share/arm_bot/package.dsv'
[15.921s] [34mcolcon.colcon_core.shell[0m [1;30mINFO[0m Creating package script '/home/xavier/Desktop/medical/Medical_Bot/install/arm_bot/share/arm_bot/package.sh'
[15.926s] [34mcolcon.colcon_core.shell[0m [1;30mINFO[0m Creating package script '/home/xavier/Desktop/medical/Medical_Bot/install/arm_bot/share/arm_bot/package.bash'
[15.932s] [34mcolcon.colcon_core.shell[0m [1;30mINFO[0m Creating package script '/home/xavier/Desktop/medical/Medical_Bot/install/arm_bot/share/arm_bot/package.zsh'
[15.938s] [34mcolcon.colcon_core.environment[0m [1;30mLevel 1[0m create_file_with_runtime_dependencies(/home/xavier/Desktop/medical/Medical_Bot/install/arm_bot/share/colcon-core/packages/arm_bot)
[15.940s] [34mcolcon.colcon_parallel_executor.executor.parallel[0m [1;30mDEBUG[0m [32mclosing loop[0m
[15.942s] [34mcolcon.colcon_parallel_executor.executor.parallel[0m [1;30mDEBUG[0m [32mloop closed[0m
[15.943s] [34mcolcon.colcon_parallel_executor.executor.parallel[0m [1;30mDEBUG[0m [32mrun_until_complete finished with '0'[0m
[15.943s] [34mcolcon.colcon_core.event_reactor[0m [1;30mDEBUG[0m [32mjoining thread[0m
[15.980s] [34mcolcon.colcon_core.plugin_system[0m [1;30mINFO[0m Skipping extension 'colcon_notification.desktop_notification.terminal_notifier': Not used on non-Darwin systems
[15.980s] [34mcolcon.colcon_core.plugin_system[0m [1;30mINFO[0m Skipping extension 'colcon_notification.desktop_notification.win32': Not used on non-Windows systems
[15.980s] [34mcolcon.colcon_notification.desktop_notification[0m [1;30mINFO[0m Sending desktop notification using 'notify2'
[16.103s] [34mcolcon.colcon_core.event_reactor[0m [1;30mDEBUG[0m [32mjoined thread[0m
[16.105s] [34mcolcon.colcon_core.shell[0m [1;30mINFO[0m Creating prefix script '/home/xavier/Desktop/medical/Medical_Bot/install/local_setup.ps1'
[16.128s] [34mcolcon.colcon_core.shell[0m [1;30mINFO[0m Creating prefix util module '/home/xavier/Desktop/medical/Medical_Bot/install/_local_setup_util_ps1.py'
[16.138s] [34mcolcon.colcon_core.shell[0m [1;30mINFO[0m Creating prefix chain script '/home/xavier/Desktop/medical/Medical_Bot/install/setup.ps1'
[16.147s] [34mcolcon.colcon_core.shell[0m [1;30mINFO[0m Creating prefix script '/home/xavier/Desktop/medical/Medical_Bot/install/local_setup.sh'
[16.152s] [34mcolcon.colcon_core.shell[0m [1;30mINFO[0m Creating prefix util module '/home/xavier/Desktop/medical/Medical_Bot/install/_local_setup_util_sh.py'
[16.156s] [34mcolcon.colcon_core.shell[0m [1;30mINFO[0m Creating prefix chain script '/home/xavier/Desktop/medical/Medical_Bot/install/setup.sh'
[16.164s] [34mcolcon.colcon_core.shell[0m [1;30mINFO[0m Creating prefix script '/home/xavier/Desktop/medical/Medical_Bot/install/local_setup.bash'
[16.171s] [34mcolcon.colcon_core.shell[0m [1;30mINFO[0m Creating prefix chain script '/home/xavier/Desktop/medical/Medical_Bot/install/setup.bash'
[16.178s] [34mcolcon.colcon_core.shell[0m [1;30mINFO[0m Creating prefix script '/home/xavier/Desktop/medical/Medical_Bot/install/local_setup.zsh'
[16.182s] [34mcolcon.colcon_core.shell[0m [1;30mINFO[0m Creating prefix chain script '/home/xavier/Desktop/medical/Medical_Bot/install/setup.zsh'
