[8.102s] Invoking command in '/home/dog/ros2_ws/src/arm_bot': PYTHONPATH=/home/dog/ros2_ws/build/arm_bot/prefix_override:/usr/lib/python3/dist-packages/colcon_core/task/python/colcon_distutils_commands:/home/dog/ros2_ws/install/arm_bot/lib/python3.8/site-packages:${PYTHONPATH} /usr/bin/python3 -W ignore:setup.py install is deprecated -W ignore:easy_install command is deprecated setup.py egg_info --egg-base ../../build/arm_bot build --build-base /home/dog/ros2_ws/build/arm_bot/build install --record /home/dog/ros2_ws/build/arm_bot/install.log --install-scripts $base/lib/arm_bot --single-version-externally-managed install_data
[10.520s] running egg_info
[10.527s] writing ../../build/arm_bot/arm_bot.egg-info/PKG-INFO
[10.531s] writing dependency_links to ../../build/arm_bot/arm_bot.egg-info/dependency_links.txt
[10.533s] writing entry points to ../../build/arm_bot/arm_bot.egg-info/entry_points.txt
[10.535s] writing requirements to ../../build/arm_bot/arm_bot.egg-info/requires.txt
[10.537s] writing top-level names to ../../build/arm_bot/arm_bot.egg-info/top_level.txt
[10.920s] reading manifest file '../../build/arm_bot/arm_bot.egg-info/SOURCES.txt'
[10.934s] writing manifest file '../../build/arm_bot/arm_bot.egg-info/SOURCES.txt'
[10.935s] running build
[10.936s] running build_py
[10.940s] copying arm_bot/mpu.py -> /home/dog/ros2_ws/build/arm_bot/build/lib/arm_bot
[10.943s] copying arm_bot/sub_sensinfo.py -> /home/dog/ros2_ws/build/arm_bot/build/lib/arm_bot
[10.945s] copying arm_bot/pub_key.py -> /home/dog/ros2_ws/build/arm_bot/build/lib/arm_bot
[10.949s] copying arm_bot/pub_sens.py -> /home/dog/ros2_ws/build/arm_bot/build/lib/arm_bot
[10.955s] running install
[10.962s] running install_lib
[10.972s] copying /home/dog/ros2_ws/build/arm_bot/build/lib/arm_bot/mpu.py -> /home/dog/ros2_ws/install/arm_bot/lib/python3.8/site-packages/arm_bot
[10.974s] copying /home/dog/ros2_ws/build/arm_bot/build/lib/arm_bot/sub_sensinfo.py -> /home/dog/ros2_ws/install/arm_bot/lib/python3.8/site-packages/arm_bot
[10.976s] copying /home/dog/ros2_ws/build/arm_bot/build/lib/arm_bot/pub_key.py -> /home/dog/ros2_ws/install/arm_bot/lib/python3.8/site-packages/arm_bot
[10.978s] copying /home/dog/ros2_ws/build/arm_bot/build/lib/arm_bot/pub_sens.py -> /home/dog/ros2_ws/install/arm_bot/lib/python3.8/site-packages/arm_bot
[10.986s] byte-compiling /home/dog/ros2_ws/install/arm_bot/lib/python3.8/site-packages/arm_bot/mpu.py to mpu.cpython-38.pyc
[11.004s] byte-compiling /home/dog/ros2_ws/install/arm_bot/lib/python3.8/site-packages/arm_bot/sub_sensinfo.py to sub_sensinfo.cpython-38.pyc
[11.006s] byte-compiling /home/dog/ros2_ws/install/arm_bot/lib/python3.8/site-packages/arm_bot/pub_key.py to pub_key.cpython-38.pyc
[11.008s] Sorry: TabError: inconsistent use of tabs and spaces in indentation (pub_key.py, line 12)
[11.010s] byte-compiling /home/dog/ros2_ws/install/arm_bot/lib/python3.8/site-packages/arm_bot/pub_sens.py to pub_sens.cpython-38.pyc
[11.012s] Sorry: TabError: inconsistent use of tabs and spaces in indentation (pub_sens.py, line 13)
[11.013s] running install_data
[11.018s] copying package.xml -> /home/dog/ros2_ws/install/arm_bot/share/arm_bot
[11.020s] running install_egg_info
[11.037s] removing '/home/dog/ros2_ws/install/arm_bot/lib/python3.8/site-packages/arm_bot-0.0.1-py3.8.egg-info' (and everything under it)
[11.042s] Copying ../../build/arm_bot/arm_bot.egg-info to /home/dog/ros2_ws/install/arm_bot/lib/python3.8/site-packages/arm_bot-0.0.1-py3.8.egg-info
[11.058s] running install_scripts
[11.225s] Installing keyboard script to /home/dog/ros2_ws/install/arm_bot/lib/arm_bot
[11.227s] Installing my_node script to /home/dog/ros2_ws/install/arm_bot/lib/arm_bot
[11.229s] Installing sens_info script to /home/dog/ros2_ws/install/arm_bot/lib/arm_bot
[11.231s] Installing sensors script to /home/dog/ros2_ws/install/arm_bot/lib/arm_bot
[11.235s] writing list of installed files to '/home/dog/ros2_ws/build/arm_bot/install.log'
[11.451s] Invoked command in '/home/dog/ros2_ws/src/arm_bot' returned '0': PYTHONPATH=/home/dog/ros2_ws/build/arm_bot/prefix_override:/usr/lib/python3/dist-packages/colcon_core/task/python/colcon_distutils_commands:/home/dog/ros2_ws/install/arm_bot/lib/python3.8/site-packages:${PYTHONPATH} /usr/bin/python3 -W ignore:setup.py install is deprecated -W ignore:easy_install command is deprecated setup.py egg_info --egg-base ../../build/arm_bot build --build-base /home/dog/ros2_ws/build/arm_bot/build install --record /home/dog/ros2_ws/build/arm_bot/install.log --install-scripts $base/lib/arm_bot --single-version-externally-managed install_data
