[3.629s] DEBUG:colcon:Command line arguments: ['/usr/bin/colcon', 'build']
[3.630s] DEBUG:colcon:Parsed command line arguments: Namespace(allow_overriding=[], ament_cmake_args=None, base_paths=['.'], build_base='build', catkin_cmake_args=None, catkin_skip_building_tests=False, cmake_args=None, cmake_clean_cache=False, cmake_clean_first=False, cmake_force_configure=False, cmake_target=None, cmake_target_skip_unavailable=False, continue_on_error=False, event_handlers=None, executor='parallel', ignore_user_meta=False, install_base='install', log_base=None, log_level=None, main=<bound method BuildVerb.main of <colcon_core.verb.build.BuildVerb object at 0xffffbcaf50a0>>, merge_install=False, metas=['./colcon.meta'], mixin=None, mixin_files=None, mixin_verb=('build',), packages_above=None, packages_above_and_dependencies=None, packages_above_depth=None, packages_end=None, packages_ignore=None, packages_ignore_regex=None, packages_select=None, packages_select_build_failed=False, packages_select_by_dep=None, packages_select_regex=None, packages_select_test_failures=False, packages_skip=None, packages_skip_build_finished=False, packages_skip_by_dep=None, packages_skip_regex=None, packages_skip_test_passed=False, packages_skip_up_to=None, packages_start=None, packages_up_to=None, packages_up_to_regex=None, parallel_workers=4, paths=None, symlink_install=False, test_result_base=None, verb_extension=<colcon_core.verb.build.BuildVerb object at 0xffffbcaf50a0>, verb_name='build', verb_parser=<colcon_mixin.mixin.mixin_argument.MixinArgumentDecorator object at 0xffffbca49670>)
[5.583s] Level 1:colcon.colcon_core.package_discovery:discover_packages(colcon_meta) check parameters
[5.584s] Level 1:colcon.colcon_core.package_discovery:discover_packages(recursive) check parameters
[5.584s] Level 1:colcon.colcon_core.package_discovery:discover_packages(ignore) check parameters
[5.585s] Level 1:colcon.colcon_core.package_discovery:discover_packages(path) check parameters
[5.585s] Level 1:colcon.colcon_core.package_discovery:discover_packages(colcon_meta) discover
[5.586s] Level 1:colcon.colcon_core.package_discovery:discover_packages(recursive) discover
[5.586s] INFO:colcon.colcon_core.package_discovery:Crawling recursively for packages in '/home/dog/ros2_ws'
[5.587s] Level 1:colcon.colcon_core.package_identification:_identify(.) by extensions ['ignore', 'ignore_ament_install']
[5.588s] Level 1:colcon.colcon_core.package_identification:_identify(.) by extension 'ignore'
[5.588s] Level 1:colcon.colcon_core.package_identification:_identify(.) by extension 'ignore_ament_install'
[5.589s] Level 1:colcon.colcon_core.package_identification:_identify(.) by extensions ['colcon_pkg']
[5.589s] Level 1:colcon.colcon_core.package_identification:_identify(.) by extension 'colcon_pkg'
[5.590s] Level 1:colcon.colcon_core.package_identification:_identify(.) by extensions ['colcon_meta']
[5.590s] Level 1:colcon.colcon_core.package_identification:_identify(.) by extension 'colcon_meta'
[5.591s] Level 1:colcon.colcon_core.package_identification:_identify(.) by extensions ['ros']
[5.591s] Level 1:colcon.colcon_core.package_identification:_identify(.) by extension 'ros'
[5.706s] Level 1:colcon.colcon_core.package_identification:_identify(.) by extensions ['cmake', 'python']
[5.707s] Level 1:colcon.colcon_core.package_identification:_identify(.) by extension 'cmake'
[5.707s] Level 1:colcon.colcon_core.package_identification:_identify(.) by extension 'python'
[5.708s] Level 1:colcon.colcon_core.package_identification:_identify(.) by extensions ['python_setup_py']
[5.708s] Level 1:colcon.colcon_core.package_identification:_identify(.) by extension 'python_setup_py'
[5.709s] Level 1:colcon.colcon_core.package_identification:_identify(build) by extensions ['ignore', 'ignore_ament_install']
[5.710s] Level 1:colcon.colcon_core.package_identification:_identify(build) by extension 'ignore'
[5.711s] Level 1:colcon.colcon_core.package_identification:_identify(build) ignored
[5.712s] Level 1:colcon.colcon_core.package_identification:_identify(install) by extensions ['ignore', 'ignore_ament_install']
[5.712s] Level 1:colcon.colcon_core.package_identification:_identify(install) by extension 'ignore'
[5.713s] Level 1:colcon.colcon_core.package_identification:_identify(install) ignored
[5.714s] Level 1:colcon.colcon_core.package_identification:_identify(log) by extensions ['ignore', 'ignore_ament_install']
[5.715s] Level 1:colcon.colcon_core.package_identification:_identify(log) by extension 'ignore'
[5.715s] Level 1:colcon.colcon_core.package_identification:_identify(log) ignored
[5.716s] Level 1:colcon.colcon_core.package_identification:_identify(src) by extensions ['ignore', 'ignore_ament_install']
[5.717s] Level 1:colcon.colcon_core.package_identification:_identify(src) by extension 'ignore'
[5.718s] Level 1:colcon.colcon_core.package_identification:_identify(src) by extension 'ignore_ament_install'
[5.718s] Level 1:colcon.colcon_core.package_identification:_identify(src) by extensions ['colcon_pkg']
[5.718s] Level 1:colcon.colcon_core.package_identification:_identify(src) by extension 'colcon_pkg'
[5.719s] Level 1:colcon.colcon_core.package_identification:_identify(src) by extensions ['colcon_meta']
[5.719s] Level 1:colcon.colcon_core.package_identification:_identify(src) by extension 'colcon_meta'
[5.720s] Level 1:colcon.colcon_core.package_identification:_identify(src) by extensions ['ros']
[5.720s] Level 1:colcon.colcon_core.package_identification:_identify(src) by extension 'ros'
[5.721s] Level 1:colcon.colcon_core.package_identification:_identify(src) by extensions ['cmake', 'python']
[5.721s] Level 1:colcon.colcon_core.package_identification:_identify(src) by extension 'cmake'
[5.722s] Level 1:colcon.colcon_core.package_identification:_identify(src) by extension 'python'
[5.722s] Level 1:colcon.colcon_core.package_identification:_identify(src) by extensions ['python_setup_py']
[5.722s] Level 1:colcon.colcon_core.package_identification:_identify(src) by extension 'python_setup_py'
[5.723s] Level 1:colcon.colcon_core.package_discovery:discover_packages(recursive) using defaults
[5.723s] Level 1:colcon.colcon_core.package_discovery:discover_packages(ignore) discover
[5.724s] Level 1:colcon.colcon_core.package_discovery:discover_packages(ignore) using defaults
[5.724s] Level 1:colcon.colcon_core.package_discovery:discover_packages(path) discover
[5.724s] Level 1:colcon.colcon_core.package_discovery:discover_packages(path) using defaults
[5.956s] Level 1:colcon.colcon_core.package_discovery:discover_packages(prefix_path) check parameters
[5.957s] Level 1:colcon.colcon_core.package_discovery:discover_packages(prefix_path) discover
[6.002s] DEBUG:colcon.colcon_installed_package_information.package_discovery:Found 256 installed packages in /opt/ros/foxy
[6.021s] Level 1:colcon.colcon_core.package_discovery:discover_packages(prefix_path) using defaults
[7.091s] INFO:colcon.colcon_core.executor:Executing jobs using 'parallel' executor
[7.098s] DEBUG:colcon.colcon_parallel_executor.executor.parallel:run_until_complete
[7.100s] DEBUG:colcon.colcon_parallel_executor.executor.parallel:closing loop
[7.100s] DEBUG:colcon.colcon_parallel_executor.executor.parallel:loop closed
[7.101s] DEBUG:colcon.colcon_parallel_executor.executor.parallel:run_until_complete finished with '0'
[7.101s] DEBUG:colcon.colcon_core.event_reactor:joining thread
[7.198s] INFO:colcon.colcon_core.plugin_system:Skipping extension 'colcon_notification.desktop_notification.notify_send': Could not find 'notify-send'
[7.199s] INFO:colcon.colcon_core.plugin_system:Skipping extension 'colcon_notification.desktop_notification.terminal_notifier': Not used on non-Darwin systems
[7.199s] INFO:colcon.colcon_core.plugin_system:Skipping extension 'colcon_notification.desktop_notification.win32': Not used on non-Windows systems
[7.200s] INFO:colcon.colcon_notification.desktop_notification:Sending desktop notification using 'notify2'
[7.482s] DEBUG:colcon.colcon_notification.desktop_notification.notify2:Failed to initialize notify2: org.freedesktop.DBus.Error.ServiceUnknown: The name org.freedesktop.Notifications was not provided by any .service files
[7.482s] DEBUG:colcon.colcon_core.event_reactor:joined thread
[7.542s] INFO:colcon.colcon_core.plugin_system:Skipping extension 'colcon_core.shell.bat': Not used on non-Windows systems
[7.545s] INFO:colcon.colcon_core.shell:Creating prefix script '/home/dog/ros2_ws/install/local_setup.ps1'
[7.560s] INFO:colcon.colcon_core.shell:Creating prefix util module '/home/dog/ros2_ws/install/_local_setup_util_ps1.py'
[7.576s] INFO:colcon.colcon_core.shell:Creating prefix chain script '/home/dog/ros2_ws/install/setup.ps1'
[7.586s] INFO:colcon.colcon_core.shell:Creating prefix script '/home/dog/ros2_ws/install/local_setup.sh'
[7.593s] INFO:colcon.colcon_core.shell:Creating prefix util module '/home/dog/ros2_ws/install/_local_setup_util_sh.py'
[7.600s] INFO:colcon.colcon_core.shell:Creating prefix chain script '/home/dog/ros2_ws/install/setup.sh'
[7.612s] INFO:colcon.colcon_core.shell:Creating prefix script '/home/dog/ros2_ws/install/local_setup.bash'
[7.619s] INFO:colcon.colcon_core.shell:Creating prefix chain script '/home/dog/ros2_ws/install/setup.bash'
[7.629s] INFO:colcon.colcon_core.shell:Creating prefix script '/home/dog/ros2_ws/install/local_setup.zsh'
[7.636s] INFO:colcon.colcon_core.shell:Creating prefix chain script '/home/dog/ros2_ws/install/setup.zsh'
