[8.377s] Invoking command in '/home/dog/ros2_ws/src/arm_bot': PYTHONPATH=/home/dog/ros2_ws/build/arm_bot/prefix_override:/usr/lib/python3/dist-packages/colcon_core/task/python/colcon_distutils_commands:/home/dog/ros2_ws/install/arm_bot/lib/python3.8/site-packages:${PYTHONPATH} /usr/bin/python3 -W ignore:setup.py install is deprecated -W ignore:easy_install command is deprecated setup.py egg_info --egg-base ../../build/arm_bot build --build-base /home/dog/ros2_ws/build/arm_bot/build install --record /home/dog/ros2_ws/build/arm_bot/install.log --install-scripts $base/lib/arm_bot --single-version-externally-managed install_data
[10.972s] running egg_info
[10.984s] writing ../../build/arm_bot/arm_bot.egg-info/PKG-INFO
[10.989s] writing dependency_links to ../../build/arm_bot/arm_bot.egg-info/dependency_links.txt
[10.992s] writing entry points to ../../build/arm_bot/arm_bot.egg-info/entry_points.txt
[10.994s] writing requirements to ../../build/arm_bot/arm_bot.egg-info/requires.txt
[10.996s] writing top-level names to ../../build/arm_bot/arm_bot.egg-info/top_level.txt
[11.398s] reading manifest file '../../build/arm_bot/arm_bot.egg-info/SOURCES.txt'
[11.411s] writing manifest file '../../build/arm_bot/arm_bot.egg-info/SOURCES.txt'
[11.412s] running build
[11.413s] running build_py
[11.421s] copying arm_bot/pub_sens.py -> /home/dog/ros2_ws/build/arm_bot/build/lib/arm_bot
[11.426s] running install
[11.433s] running install_lib
[11.446s] copying /home/dog/ros2_ws/build/arm_bot/build/lib/arm_bot/pub_sens.py -> /home/dog/ros2_ws/install/arm_bot/lib/python3.8/site-packages/arm_bot
[11.457s] byte-compiling /home/dog/ros2_ws/install/arm_bot/lib/python3.8/site-packages/arm_bot/pub_sens.py to pub_sens.cpython-38.pyc
[11.473s] running install_data
[11.476s] running install_egg_info
[11.491s] removing '/home/dog/ros2_ws/install/arm_bot/lib/python3.8/site-packages/arm_bot-0.0.1-py3.8.egg-info' (and everything under it)
[11.495s] Copying ../../build/arm_bot/arm_bot.egg-info to /home/dog/ros2_ws/install/arm_bot/lib/python3.8/site-packages/arm_bot-0.0.1-py3.8.egg-info
[11.508s] running install_scripts
[11.675s] Installing keyboard script to /home/dog/ros2_ws/install/arm_bot/lib/arm_bot
[11.679s] Installing my_node script to /home/dog/ros2_ws/install/arm_bot/lib/arm_bot
[11.681s] Installing sens_info script to /home/dog/ros2_ws/install/arm_bot/lib/arm_bot
[11.683s] Installing sensors script to /home/dog/ros2_ws/install/arm_bot/lib/arm_bot
[11.690s] writing list of installed files to '/home/dog/ros2_ws/build/arm_bot/install.log'
[11.918s] Invoked command in '/home/dog/ros2_ws/src/arm_bot' returned '0': PYTHONPATH=/home/dog/ros2_ws/build/arm_bot/prefix_override:/usr/lib/python3/dist-packages/colcon_core/task/python/colcon_distutils_commands:/home/dog/ros2_ws/install/arm_bot/lib/python3.8/site-packages:${PYTHONPATH} /usr/bin/python3 -W ignore:setup.py install is deprecated -W ignore:easy_install command is deprecated setup.py egg_info --egg-base ../../build/arm_bot build --build-base /home/dog/ros2_ws/build/arm_bot/build install --record /home/dog/ros2_ws/build/arm_bot/install.log --install-scripts $base/lib/arm_bot --single-version-externally-managed install_data
