[8.115s] Invoking command in '/home/dog/ros2_ws/src/arm_bot': PYTHONPATH=/home/dog/ros2_ws/build/arm_bot/prefix_override:/usr/lib/python3/dist-packages/colcon_core/task/python/colcon_distutils_commands:/home/dog/ros2_ws/install/arm_bot/lib/python3.8/site-packages:${PYTHONPATH} /usr/bin/python3 -W ignore:setup.py install is deprecated -W ignore:easy_install command is deprecated setup.py egg_info --egg-base ../../build/arm_bot build --build-base /home/dog/ros2_ws/build/arm_bot/build install --record /home/dog/ros2_ws/build/arm_bot/install.log --install-scripts $base/lib/arm_bot --single-version-externally-managed install_data
[10.706s] running egg_info
[10.715s] writing ../../build/arm_bot/arm_bot.egg-info/PKG-INFO
[10.718s] writing dependency_links to ../../build/arm_bot/arm_bot.egg-info/dependency_links.txt
[10.722s] writing entry points to ../../build/arm_bot/arm_bot.egg-info/entry_points.txt
[10.726s] writing requirements to ../../build/arm_bot/arm_bot.egg-info/requires.txt
[10.728s] writing top-level names to ../../build/arm_bot/arm_bot.egg-info/top_level.txt
[11.124s] reading manifest file '../../build/arm_bot/arm_bot.egg-info/SOURCES.txt'
[11.137s] writing manifest file '../../build/arm_bot/arm_bot.egg-info/SOURCES.txt'
[11.139s] running build
[11.141s] running build_py
[11.145s] copying arm_bot/mpu.py -> /home/dog/ros2_ws/build/arm_bot/build/lib/arm_bot
[11.153s] running install
[11.162s] running install_lib
[11.174s] copying /home/dog/ros2_ws/build/arm_bot/build/lib/arm_bot/mpu.py -> /home/dog/ros2_ws/install/arm_bot/lib/python3.8/site-packages/arm_bot
[11.185s] byte-compiling /home/dog/ros2_ws/install/arm_bot/lib/python3.8/site-packages/arm_bot/mpu.py to mpu.cpython-38.pyc
[11.205s] running install_data
[11.208s] running install_egg_info
[11.222s] removing '/home/dog/ros2_ws/install/arm_bot/lib/python3.8/site-packages/arm_bot-0.0.1-py3.8.egg-info' (and everything under it)
[11.226s] Copying ../../build/arm_bot/arm_bot.egg-info to /home/dog/ros2_ws/install/arm_bot/lib/python3.8/site-packages/arm_bot-0.0.1-py3.8.egg-info
[11.239s] running install_scripts
[11.406s] Installing keyboard script to /home/dog/ros2_ws/install/arm_bot/lib/arm_bot
[11.418s] Installing my_node script to /home/dog/ros2_ws/install/arm_bot/lib/arm_bot
[11.420s] Installing sens_info script to /home/dog/ros2_ws/install/arm_bot/lib/arm_bot
[11.423s] Installing sensors script to /home/dog/ros2_ws/install/arm_bot/lib/arm_bot
[11.429s] writing list of installed files to '/home/dog/ros2_ws/build/arm_bot/install.log'
[11.647s] Invoked command in '/home/dog/ros2_ws/src/arm_bot' returned '0': PYTHONPATH=/home/dog/ros2_ws/build/arm_bot/prefix_override:/usr/lib/python3/dist-packages/colcon_core/task/python/colcon_distutils_commands:/home/dog/ros2_ws/install/arm_bot/lib/python3.8/site-packages:${PYTHONPATH} /usr/bin/python3 -W ignore:setup.py install is deprecated -W ignore:easy_install command is deprecated setup.py egg_info --egg-base ../../build/arm_bot build --build-base /home/dog/ros2_ws/build/arm_bot/build install --record /home/dog/ros2_ws/build/arm_bot/install.log --install-scripts $base/lib/arm_bot --single-version-externally-managed install_data
