[6.376s] Invoking command in '/home/dog/ros2_ws/src/arm_bot': PYTHONPATH=/home/dog/ros2_ws/build/arm_bot/prefix_override:/usr/lib/python3/dist-packages/colcon_core/task/python/colcon_distutils_commands:/home/dog/ros2_ws/install/arm_bot/lib/python3.8/site-packages:${PYTHONPATH} /usr/bin/python3 -W ignore:setup.py install is deprecated -W ignore:easy_install command is deprecated setup.py egg_info --egg-base ../../build/arm_bot build --build-base /home/dog/ros2_ws/build/arm_bot/build install --record /home/dog/ros2_ws/build/arm_bot/install.log --install-scripts $base/lib/arm_bot --single-version-externally-managed install_data
[8.623s] running egg_info
[8.630s] writing ../../build/arm_bot/arm_bot.egg-info/PKG-INFO
[8.632s] writing dependency_links to ../../build/arm_bot/arm_bot.egg-info/dependency_links.txt
[8.634s] writing entry points to ../../build/arm_bot/arm_bot.egg-info/entry_points.txt
[8.636s] writing requirements to ../../build/arm_bot/arm_bot.egg-info/requires.txt
[8.637s] writing top-level names to ../../build/arm_bot/arm_bot.egg-info/top_level.txt
[8.994s] reading manifest file '../../build/arm_bot/arm_bot.egg-info/SOURCES.txt'
[9.003s] writing manifest file '../../build/arm_bot/arm_bot.egg-info/SOURCES.txt'
[9.005s] running build
[9.006s] running build_py
[9.007s] running install
[9.014s] running install_lib
[9.028s] running install_data
[9.030s] copying package.xml -> /home/dog/ros2_ws/install/arm_bot/share/arm_bot
[9.031s] running install_egg_info
[9.046s] Copying ../../build/arm_bot/arm_bot.egg-info to /home/dog/ros2_ws/install/arm_bot/lib/python3.8/site-packages/arm_bot-0.0.1-py3.8.egg-info
[9.056s] running install_scripts
[9.207s] Installing listener script to /home/dog/ros2_ws/install/arm_bot/lib/arm_bot
[9.209s] Installing my_node script to /home/dog/ros2_ws/install/arm_bot/lib/arm_bot
[9.210s] Installing talker script to /home/dog/ros2_ws/install/arm_bot/lib/arm_bot
[9.213s] writing list of installed files to '/home/dog/ros2_ws/build/arm_bot/install.log'
[9.418s] Invoked command in '/home/dog/ros2_ws/src/arm_bot' returned '0': PYTHONPATH=/home/dog/ros2_ws/build/arm_bot/prefix_override:/usr/lib/python3/dist-packages/colcon_core/task/python/colcon_distutils_commands:/home/dog/ros2_ws/install/arm_bot/lib/python3.8/site-packages:${PYTHONPATH} /usr/bin/python3 -W ignore:setup.py install is deprecated -W ignore:easy_install command is deprecated setup.py egg_info --egg-base ../../build/arm_bot build --build-base /home/dog/ros2_ws/build/arm_bot/build install --record /home/dog/ros2_ws/build/arm_bot/install.log --install-scripts $base/lib/arm_bot --single-version-externally-managed install_data
